ARM GAS  C:\Users\CLUBRO~1\AppData\Local\Temp\cc0YeTmB.s 			page 1


   1              		.syntax unified
   2              		.cpu cortex-m3
   3              		.fpu softvfp
   4              		.eabi_attribute 20, 1
   5              		.eabi_attribute 21, 1
   6              		.eabi_attribute 23, 3
   7              		.eabi_attribute 24, 1
   8              		.eabi_attribute 25, 1
   9              		.eabi_attribute 26, 1
  10              		.eabi_attribute 30, 1
  11              		.eabi_attribute 34, 1
  12              		.eabi_attribute 18, 4
  13              		.thumb
  14              		.syntax unified
  15              		.file	"cymetadata.c"
  16              		.text
  17              	.Ltext0:
  18              		.cfi_sections	.debug_frame
  19              		.global	cy_metadata
  20              		.global	cy_meta_flashprotect
  21              		.global	cy_meta_wonvl
  22              		.global	cy_meta_custnvl
  23              		.global	cy_meta_configecc
  24              		.section	.cyconfigecc,"a",%progbits
  25              		.align	2
  26              		.type	cy_meta_configecc, %object
  27              		.size	cy_meta_configecc, 400
  28              	cy_meta_configecc:
  29 0000 02       		.byte	2
  30 0001 52       		.byte	82
  31 0002 00       		.byte	0
  32 0003 40       		.byte	64
  33 0004 04       		.byte	4
  34 0005 5A       		.byte	90
  35 0006 00       		.byte	0
  36 0007 40       		.byte	64
  37 0008 02       		.byte	2
  38 0009 02       		.byte	2
  39 000a 01       		.byte	1
  40 000b 40       		.byte	64
  41 000c 0A       		.byte	10
  42 000d 03       		.byte	3
  43 000e 01       		.byte	1
  44 000f 40       		.byte	64
  45 0010 02       		.byte	2
  46 0011 05       		.byte	5
  47 0012 01       		.byte	1
  48 0013 40       		.byte	64
  49 0014 02       		.byte	2
  50 0015 0B       		.byte	11
  51 0016 01       		.byte	1
  52 0017 40       		.byte	64
  53 0018 02       		.byte	2
  54 0019 0D       		.byte	13
  55 001a 01       		.byte	1
  56 001b 40       		.byte	64
  57 001c 02       		.byte	2
ARM GAS  C:\Users\CLUBRO~1\AppData\Local\Temp\cc0YeTmB.s 			page 2


  58 001d 15       		.byte	21
  59 001e 01       		.byte	1
  60 001f 40       		.byte	64
  61 0020 01       		.byte	1
  62 0021 17       		.byte	23
  63 0022 01       		.byte	1
  64 0023 40       		.byte	64
  65 0024 01       		.byte	1
  66 0025 19       		.byte	25
  67 0026 01       		.byte	1
  68 0027 40       		.byte	64
  69 0028 02       		.byte	2
  70 0029 1B       		.byte	27
  71 002a 01       		.byte	1
  72 002b 40       		.byte	64
  73 002c 06       		.byte	6
  74 002d 40       		.byte	64
  75 002e 01       		.byte	1
  76 002f 40       		.byte	64
  77 0030 16       		.byte	22
  78 0031 41       		.byte	65
  79 0032 01       		.byte	1
  80 0033 40       		.byte	64
  81 0034 09       		.byte	9
  82 0035 42       		.byte	66
  83 0036 01       		.byte	1
  84 0037 40       		.byte	64
  85 0038 04       		.byte	4
  86 0039 43       		.byte	67
  87 003a 01       		.byte	1
  88 003b 40       		.byte	64
  89 003c 02       		.byte	2
  90 003d 44       		.byte	68
  91 003e 01       		.byte	1
  92 003f 40       		.byte	64
  93 0040 0E       		.byte	14
  94 0041 45       		.byte	69
  95 0042 01       		.byte	1
  96 0043 40       		.byte	64
  97 0044 06       		.byte	6
  98 0045 46       		.byte	70
  99 0046 01       		.byte	1
 100 0047 40       		.byte	64
 101 0048 04       		.byte	4
 102 0049 47       		.byte	71
 103 004a 01       		.byte	1
 104 004b 40       		.byte	64
 105 004c 0A       		.byte	10
 106 004d 48       		.byte	72
 107 004e 01       		.byte	1
 108 004f 40       		.byte	64
 109 0050 08       		.byte	8
 110 0051 49       		.byte	73
 111 0052 01       		.byte	1
 112 0053 40       		.byte	64
 113 0054 03       		.byte	3
 114 0055 4C       		.byte	76
ARM GAS  C:\Users\CLUBRO~1\AppData\Local\Temp\cc0YeTmB.s 			page 3


 115 0056 01       		.byte	1
 116 0057 40       		.byte	64
 117 0058 04       		.byte	4
 118 0059 4D       		.byte	77
 119 005a 01       		.byte	1
 120 005b 40       		.byte	64
 121 005c 03       		.byte	3
 122 005d 51       		.byte	81
 123 005e 01       		.byte	1
 124 005f 40       		.byte	64
 125 0060 00       		.byte	0
 126 0061 30       		.byte	48
 127 0062 01       		.byte	1
 128 0063 A0       		.byte	-96
 129 0064 87       		.byte	-121
 130 0065 01       		.byte	1
 131 0066 8F       		.byte	-113
 132 0067 01       		.byte	1
 133 0068 97       		.byte	-105
 134 0069 01       		.byte	1
 135 006a 9F       		.byte	-97
 136 006b 01       		.byte	1
 137 006c 5B       		.byte	91
 138 006d 04       		.byte	4
 139 006e 5F       		.byte	95
 140 006f 01       		.byte	1
 141 0070 6D       		.byte	109
 142 0071 80       		.byte	-128
 143 0072 6E       		.byte	110
 144 0073 20       		.byte	32
 145 0074 6F       		.byte	111
 146 0075 90       		.byte	-112
 147 0076 83       		.byte	-125
 148 0077 80       		.byte	-128
 149 0078 86       		.byte	-122
 150 0079 10       		.byte	16
 151 007a 89       		.byte	-119
 152 007b 40       		.byte	64
 153 007c 8F       		.byte	-113
 154 007d 10       		.byte	16
 155 007e E0       		.byte	-32
 156 007f 01       		.byte	1
 157 0080 E6       		.byte	-26
 158 0081 60       		.byte	96
 159 0082 EC       		.byte	-20
 160 0083 10       		.byte	16
 161 0084 EA       		.byte	-22
 162 0085 02       		.byte	2
 163 0086 EE       		.byte	-18
 164 0087 06       		.byte	6
 165 0088 EA       		.byte	-22
 166 0089 02       		.byte	2
 167 008a EE       		.byte	-18
 168 008b 06       		.byte	6
 169 008c E0       		.byte	-32
 170 008d 01       		.byte	1
 171 008e EC       		.byte	-20
ARM GAS  C:\Users\CLUBRO~1\AppData\Local\Temp\cc0YeTmB.s 			page 4


 172 008f 10       		.byte	16
 173 0090 E0       		.byte	-32
 174 0091 04       		.byte	4
 175 0092 E4       		.byte	-28
 176 0093 04       		.byte	4
 177 0094 EC       		.byte	-20
 178 0095 01       		.byte	1
 179 0096 EC       		.byte	-20
 180 0097 01       		.byte	1
 181 0098 E0       		.byte	-32
 182 0099 04       		.byte	4
 183 009a E4       		.byte	-28
 184 009b 04       		.byte	4
 185 009c 33       		.byte	51
 186 009d 81       		.byte	-127
 187 009e 36       		.byte	54
 188 009f 40       		.byte	64
 189 00a0 3C       		.byte	60
 190 00a1 01       		.byte	1
 191 00a2 3F       		.byte	63
 192 00a3 80       		.byte	-128
 193 00a4 CC       		.byte	-52
 194 00a5 70       		.byte	112
 195 00a6 CE       		.byte	-50
 196 00a7 A0       		.byte	-96
 197 00a8 3D       		.byte	61
 198 00a9 22       		.byte	34
 199 00aa 3F       		.byte	63
 200 00ab 40       		.byte	64
 201 00ac 61       		.byte	97
 202 00ad 02       		.byte	2
 203 00ae 63       		.byte	99
 204 00af 02       		.byte	2
 205 00b0 66       		.byte	102
 206 00b1 01       		.byte	1
 207 00b2 67       		.byte	103
 208 00b3 02       		.byte	2
 209 00b4 80       		.byte	-128
 210 00b5 01       		.byte	1
 211 00b6 83       		.byte	-125
 212 00b7 01       		.byte	1
 213 00b8 87       		.byte	-121
 214 00b9 01       		.byte	1
 215 00ba 89       		.byte	-119
 216 00bb 02       		.byte	2
 217 00bc 8E       		.byte	-114
 218 00bd 01       		.byte	1
 219 00be 94       		.byte	-108
 220 00bf 01       		.byte	1
 221 00c0 9F       		.byte	-97
 222 00c1 01       		.byte	1
 223 00c2 A5       		.byte	-91
 224 00c3 10       		.byte	16
 225 00c4 A6       		.byte	-90
 226 00c5 40       		.byte	64
 227 00c6 A7       		.byte	-89
 228 00c7 C0       		.byte	-64
ARM GAS  C:\Users\CLUBRO~1\AppData\Local\Temp\cc0YeTmB.s 			page 5


 229 00c8 B5       		.byte	-75
 230 00c9 10       		.byte	16
 231 00ca CE       		.byte	-50
 232 00cb A0       		.byte	-96
 233 00cc D6       		.byte	-42
 234 00cd C0       		.byte	-64
 235 00ce D8       		.byte	-40
 236 00cf C0       		.byte	-64
 237 00d0 E0       		.byte	-32
 238 00d1 80       		.byte	-128
 239 00d2 E6       		.byte	-26
 240 00d3 30       		.byte	48
 241 00d4 94       		.byte	-108
 242 00d5 01       		.byte	1
 243 00d6 97       		.byte	-105
 244 00d7 40       		.byte	64
 245 00d8 A5       		.byte	-91
 246 00d9 01       		.byte	1
 247 00da A7       		.byte	-89
 248 00db 40       		.byte	64
 249 00dc AB       		.byte	-85
 250 00dd 80       		.byte	-128
 251 00de AE       		.byte	-82
 252 00df 40       		.byte	64
 253 00e0 AF       		.byte	-81
 254 00e1 01       		.byte	1
 255 00e2 EA       		.byte	-22
 256 00e3 40       		.byte	64
 257 00e4 EE       		.byte	-18
 258 00e5 60       		.byte	96
 259 00e6 94       		.byte	-108
 260 00e7 01       		.byte	1
 261 00e8 97       		.byte	-105
 262 00e9 40       		.byte	64
 263 00ea A5       		.byte	-91
 264 00eb 01       		.byte	1
 265 00ec A7       		.byte	-89
 266 00ed 40       		.byte	64
 267 00ee 30       		.byte	48
 268 00ef 20       		.byte	32
 269 00f0 CC       		.byte	-52
 270 00f1 08       		.byte	8
 271 00f2 05       		.byte	5
 272 00f3 10       		.byte	16
 273 00f4 0B       		.byte	11
 274 00f5 40       		.byte	64
 275 00f6 0D       		.byte	13
 276 00f7 08       		.byte	8
 277 00f8 32       		.byte	50
 278 00f9 40       		.byte	64
 279 00fa 50       		.byte	80
 280 00fb 10       		.byte	16
 281 00fc 6A       		.byte	106
 282 00fd 80       		.byte	-128
 283 00fe 6B       		.byte	107
 284 00ff 20       		.byte	32
 285 0100 83       		.byte	-125
ARM GAS  C:\Users\CLUBRO~1\AppData\Local\Temp\cc0YeTmB.s 			page 6


 286 0101 20       		.byte	32
 287 0102 B4       		.byte	-76
 288 0103 20       		.byte	32
 289 0104 C0       		.byte	-64
 290 0105 01       		.byte	1
 291 0106 C2       		.byte	-62
 292 0107 0C       		.byte	12
 293 0108 CC       		.byte	-52
 294 0109 08       		.byte	8
 295 010a D4       		.byte	-44
 296 010b 04       		.byte	4
 297 010c EC       		.byte	-20
 298 010d 08       		.byte	8
 299 010e 32       		.byte	50
 300 010f 10       		.byte	16
 301 0110 94       		.byte	-108
 302 0111 20       		.byte	32
 303 0112 A9       		.byte	-87
 304 0113 10       		.byte	16
 305 0114 AD       		.byte	-83
 306 0115 08       		.byte	8
 307 0116 AF       		.byte	-81
 308 0117 40       		.byte	64
 309 0118 CC       		.byte	-52
 310 0119 08       		.byte	8
 311 011a 31       		.byte	49
 312 011b 80       		.byte	-128
 313 011c 94       		.byte	-108
 314 011d 20       		.byte	32
 315 011e 96       		.byte	-106
 316 011f 20       		.byte	32
 317 0120 CC       		.byte	-52
 318 0121 08       		.byte	8
 319 0122 23       		.byte	35
 320 0123 40       		.byte	64
 321 0124 24       		.byte	36
 322 0125 01       		.byte	1
 323 0126 25       		.byte	37
 324 0127 01       		.byte	1
 325 0128 94       		.byte	-108
 326 0129 01       		.byte	1
 327 012a 97       		.byte	-105
 328 012b 40       		.byte	64
 329 012c A5       		.byte	-91
 330 012d 01       		.byte	1
 331 012e A7       		.byte	-89
 332 012f 40       		.byte	64
 333 0130 A9       		.byte	-87
 334 0131 01       		.byte	1
 335 0132 C8       		.byte	-56
 336 0133 E0       		.byte	-32
 337 0134 EC       		.byte	-20
 338 0135 80       		.byte	-128
 339 0136 1B       		.byte	27
 340 0137 60       		.byte	96
 341 0138 1D       		.byte	29
 342 0139 20       		.byte	32
ARM GAS  C:\Users\CLUBRO~1\AppData\Local\Temp\cc0YeTmB.s 			page 7


 343 013a 81       		.byte	-127
 344 013b 20       		.byte	32
 345 013c 83       		.byte	-125
 346 013d 20       		.byte	32
 347 013e A7       		.byte	-89
 348 013f 40       		.byte	64
 349 0140 C6       		.byte	-58
 350 0141 C0       		.byte	-64
 351 0142 E0       		.byte	-32
 352 0143 20       		.byte	32
 353 0144 E4       		.byte	-28
 354 0145 20       		.byte	32
 355 0146 94       		.byte	-108
 356 0147 20       		.byte	32
 357 0148 96       		.byte	-106
 358 0149 20       		.byte	32
 359 014a A9       		.byte	-87
 360 014b 80       		.byte	-128
 361 014c 80       		.byte	-128
 362 014d 10       		.byte	16
 363 014e 82       		.byte	-126
 364 014f 10       		.byte	16
 365 0150 94       		.byte	-108
 366 0151 20       		.byte	32
 367 0152 96       		.byte	-106
 368 0153 20       		.byte	32
 369 0154 00       		.byte	0
 370 0155 3F       		.byte	63
 371 0156 10       		.byte	16
 372 0157 22       		.byte	34
 373 0158 11       		.byte	17
 374 0159 22       		.byte	34
 375 015a 00       		.byte	0
 376 015b 00       		.byte	0
 377 015c 07       		.byte	7
 378 015d F7       		.byte	-9
 379 015e F0       		.byte	-16
 380 015f 00       		.byte	0
 381 0160 F0       		.byte	-16
 382 0161 00       		.byte	0
 383 0162 07       		.byte	7
 384 0163 00       		.byte	0
 385 0164 00       		.byte	0
 386 0165 7F       		.byte	127
 387 0166 7F       		.byte	127
 388 0167 00       		.byte	0
 389 0168 00       		.byte	0
 390 0169 00       		.byte	0
 391 016a 00       		.byte	0
 392 016b 00       		.byte	0
 393 016c 3F       		.byte	63
 394 016d 3F       		.byte	63
 395 016e 00       		.byte	0
 396 016f 00       		.byte	0
 397 0170 00       		.byte	0
 398 0171 00       		.byte	0
 399 0172 3F       		.byte	63
ARM GAS  C:\Users\CLUBRO~1\AppData\Local\Temp\cc0YeTmB.s 			page 8


 400 0173 00       		.byte	0
 401 0174 00       		.byte	0
 402 0175 CB       		.byte	-53
 403 0176 CB       		.byte	-53
 404 0177 00       		.byte	0
 405 0178 00       		.byte	0
 406 0179 00       		.byte	0
 407 017a C0       		.byte	-64
 408 017b 00       		.byte	0
 409 017c 02       		.byte	2
 410 017d 00       		.byte	0
 411 017e 38       		.byte	56
 412 017f 3A       		.byte	58
 413 0180 00       		.byte	0
 414 0181 00       		.byte	0
 415 0182 02       		.byte	2
 416 0183 00       		.byte	0
 417 0184 00       		.byte	0
 418 0185 00       		.byte	0
 419 0186 00       		.byte	0
 420 0187 00       		.byte	0
 421 0188 FB       		.byte	-5
 422 0189 FB       		.byte	-5
 423 018a 00       		.byte	0
 424 018b 00       		.byte	0
 425 018c 00       		.byte	0
 426 018d 00       		.byte	0
 427 018e FB       		.byte	-5
 428 018f 00       		.byte	0
 429              		.section	.cywolatch,"a",%progbits
 430              		.align	2
 431              		.type	cy_meta_wonvl, %object
 432              		.size	cy_meta_wonvl, 4
 433              	cy_meta_wonvl:
 434 0000 BC       		.byte	-68
 435 0001 90       		.byte	-112
 436 0002 AC       		.byte	-84
 437 0003 AF       		.byte	-81
 438              		.section	.cycustnvl,"a",%progbits
 439              		.align	2
 440              		.type	cy_meta_custnvl, %object
 441              		.size	cy_meta_custnvl, 4
 442              	cy_meta_custnvl:
 443 0000 00       		.byte	0
 444 0001 00       		.byte	0
 445 0002 40       		.byte	64
 446 0003 05       		.byte	5
 447              		.section	.cymeta,"a",%progbits
 448              		.align	2
 449              		.type	cy_metadata, %object
 450              		.size	cy_metadata, 12
 451              	cy_metadata:
 452 0000 00       		.byte	0
 453 0001 01       		.byte	1
 454 0002 2E       		.byte	46
 455 0003 16       		.byte	22
 456 0004 10       		.byte	16
ARM GAS  C:\Users\CLUBRO~1\AppData\Local\Temp\cc0YeTmB.s 			page 9


 457 0005 69       		.byte	105
 458 0006 00       		.byte	0
 459 0007 01       		.byte	1
 460 0008 00       		.byte	0
 461 0009 00       		.byte	0
 462 000a 00       		.byte	0
 463 000b 00       		.byte	0
 464              		.section	.cyflashprotect,"a",%progbits
 465              		.align	2
 466              		.type	cy_meta_flashprotect, %object
 467              		.size	cy_meta_flashprotect, 256
 468              	cy_meta_flashprotect:
 469 0000 00000000 		.space	256
 469      00000000 
 469      00000000 
 469      00000000 
 469      00000000 
 470              		.text
 471              	.Letext0:
 472              		.file 1 "c:\\program files (x86)\\cypress\\psoc creator\\4.2\\psoc creator\\import\\gnu\\arm\\5.4.
 473              		.file 2 "c:\\program files (x86)\\cypress\\psoc creator\\4.2\\psoc creator\\import\\gnu\\arm\\5.4.
 474              		.file 3 "Generated_Source\\PSoC5\\cymetadata.c"
 475              		.section	.debug_info,"",%progbits
 476              	.Ldebug_info0:
 477 0000 31010000 		.4byte	0x131
 478 0004 0400     		.2byte	0x4
 479 0006 00000000 		.4byte	.Ldebug_abbrev0
 480 000a 04       		.byte	0x4
 481 000b 01       		.uleb128 0x1
 482 000c 24000000 		.4byte	.LASF17
 483 0010 0C       		.byte	0xc
 484 0011 B7010000 		.4byte	.LASF18
 485 0015 69010000 		.4byte	.LASF19
 486 0019 00000000 		.4byte	.Ldebug_line0
 487 001d 02       		.uleb128 0x2
 488 001e 01       		.byte	0x1
 489 001f 06       		.byte	0x6
 490 0020 AB010000 		.4byte	.LASF0
 491 0024 03       		.uleb128 0x3
 492 0025 00000000 		.4byte	.LASF9
 493 0029 01       		.byte	0x1
 494 002a 1D       		.byte	0x1d
 495 002b 2F000000 		.4byte	0x2f
 496 002f 02       		.uleb128 0x2
 497 0030 01       		.byte	0x1
 498 0031 08       		.byte	0x8
 499 0032 16000000 		.4byte	.LASF1
 500 0036 02       		.uleb128 0x2
 501 0037 02       		.byte	0x2
 502 0038 05       		.byte	0x5
 503 0039 D7000000 		.4byte	.LASF2
 504 003d 02       		.uleb128 0x2
 505 003e 02       		.byte	0x2
 506 003f 07       		.byte	0x7
 507 0040 C4000000 		.4byte	.LASF3
 508 0044 02       		.uleb128 0x2
 509 0045 04       		.byte	0x4
ARM GAS  C:\Users\CLUBRO~1\AppData\Local\Temp\cc0YeTmB.s 			page 10


 510 0046 05       		.byte	0x5
 511 0047 A2010000 		.4byte	.LASF4
 512 004b 02       		.uleb128 0x2
 513 004c 04       		.byte	0x4
 514 004d 07       		.byte	0x7
 515 004e B2000000 		.4byte	.LASF5
 516 0052 02       		.uleb128 0x2
 517 0053 08       		.byte	0x8
 518 0054 05       		.byte	0x5
 519 0055 5B010000 		.4byte	.LASF6
 520 0059 02       		.uleb128 0x2
 521 005a 08       		.byte	0x8
 522 005b 07       		.byte	0x7
 523 005c 10010000 		.4byte	.LASF7
 524 0060 04       		.uleb128 0x4
 525 0061 04       		.byte	0x4
 526 0062 05       		.byte	0x5
 527 0063 696E7400 		.ascii	"int\000"
 528 0067 02       		.uleb128 0x2
 529 0068 04       		.byte	0x4
 530 0069 07       		.byte	0x7
 531 006a 03010000 		.4byte	.LASF8
 532 006e 03       		.uleb128 0x3
 533 006f 27010000 		.4byte	.LASF10
 534 0073 02       		.byte	0x2
 535 0074 18       		.byte	0x18
 536 0075 24000000 		.4byte	0x24
 537 0079 05       		.uleb128 0x5
 538 007a 91000000 		.4byte	0x91
 539 007e 8A000000 		.4byte	0x8a
 540 0082 06       		.uleb128 0x6
 541 0083 8A000000 		.4byte	0x8a
 542 0087 8F01     		.2byte	0x18f
 543 0089 00       		.byte	0
 544 008a 02       		.uleb128 0x2
 545 008b 04       		.byte	0x4
 546 008c 07       		.byte	0x7
 547 008d 52010000 		.4byte	.LASF11
 548 0091 07       		.uleb128 0x7
 549 0092 6E000000 		.4byte	0x6e
 550 0096 08       		.uleb128 0x8
 551 0097 F1000000 		.4byte	.LASF12
 552 009b 03       		.byte	0x3
 553 009c 1F       		.byte	0x1f
 554 009d A7000000 		.4byte	0xa7
 555 00a1 05       		.uleb128 0x5
 556 00a2 03       		.byte	0x3
 557 00a3 00000000 		.4byte	cy_meta_configecc
 558 00a7 07       		.uleb128 0x7
 559 00a8 79000000 		.4byte	0x79
 560 00ac 05       		.uleb128 0x5
 561 00ad 91000000 		.4byte	0x91
 562 00b1 BC000000 		.4byte	0xbc
 563 00b5 09       		.uleb128 0x9
 564 00b6 8A000000 		.4byte	0x8a
 565 00ba 03       		.byte	0x3
 566 00bb 00       		.byte	0
ARM GAS  C:\Users\CLUBRO~1\AppData\Local\Temp\cc0YeTmB.s 			page 11


 567 00bc 08       		.uleb128 0x8
 568 00bd E1000000 		.4byte	.LASF13
 569 00c1 03       		.byte	0x3
 570 00c2 5E       		.byte	0x5e
 571 00c3 CD000000 		.4byte	0xcd
 572 00c7 05       		.uleb128 0x5
 573 00c8 03       		.byte	0x3
 574 00c9 00000000 		.4byte	cy_meta_custnvl
 575 00cd 07       		.uleb128 0x7
 576 00ce AC000000 		.4byte	0xac
 577 00d2 08       		.uleb128 0x8
 578 00d3 44010000 		.4byte	.LASF14
 579 00d7 03       		.byte	0x3
 580 00d8 6C       		.byte	0x6c
 581 00d9 E3000000 		.4byte	0xe3
 582 00dd 05       		.uleb128 0x5
 583 00de 03       		.byte	0x3
 584 00df 00000000 		.4byte	cy_meta_wonvl
 585 00e3 07       		.uleb128 0x7
 586 00e4 AC000000 		.4byte	0xac
 587 00e8 05       		.uleb128 0x5
 588 00e9 91000000 		.4byte	0x91
 589 00ed F8000000 		.4byte	0xf8
 590 00f1 09       		.uleb128 0x9
 591 00f2 8A000000 		.4byte	0x8a
 592 00f6 FF       		.byte	0xff
 593 00f7 00       		.byte	0
 594 00f8 08       		.uleb128 0x8
 595 00f9 2F010000 		.4byte	.LASF15
 596 00fd 03       		.byte	0x3
 597 00fe 7A       		.byte	0x7a
 598 00ff 09010000 		.4byte	0x109
 599 0103 05       		.uleb128 0x5
 600 0104 03       		.byte	0x3
 601 0105 00000000 		.4byte	cy_meta_flashprotect
 602 0109 07       		.uleb128 0x7
 603 010a E8000000 		.4byte	0xe8
 604 010e 05       		.uleb128 0x5
 605 010f 91000000 		.4byte	0x91
 606 0113 1E010000 		.4byte	0x11e
 607 0117 09       		.uleb128 0x9
 608 0118 8A000000 		.4byte	0x8a
 609 011c 0B       		.byte	0xb
 610 011d 00       		.byte	0
 611 011e 08       		.uleb128 0x8
 612 011f 0A000000 		.4byte	.LASF16
 613 0123 03       		.byte	0x3
 614 0124 A7       		.byte	0xa7
 615 0125 2F010000 		.4byte	0x12f
 616 0129 05       		.uleb128 0x5
 617 012a 03       		.byte	0x3
 618 012b 00000000 		.4byte	cy_metadata
 619 012f 07       		.uleb128 0x7
 620 0130 0E010000 		.4byte	0x10e
 621 0134 00       		.byte	0
 622              		.section	.debug_abbrev,"",%progbits
 623              	.Ldebug_abbrev0:
ARM GAS  C:\Users\CLUBRO~1\AppData\Local\Temp\cc0YeTmB.s 			page 12


 624 0000 01       		.uleb128 0x1
 625 0001 11       		.uleb128 0x11
 626 0002 01       		.byte	0x1
 627 0003 25       		.uleb128 0x25
 628 0004 0E       		.uleb128 0xe
 629 0005 13       		.uleb128 0x13
 630 0006 0B       		.uleb128 0xb
 631 0007 03       		.uleb128 0x3
 632 0008 0E       		.uleb128 0xe
 633 0009 1B       		.uleb128 0x1b
 634 000a 0E       		.uleb128 0xe
 635 000b 10       		.uleb128 0x10
 636 000c 17       		.uleb128 0x17
 637 000d 00       		.byte	0
 638 000e 00       		.byte	0
 639 000f 02       		.uleb128 0x2
 640 0010 24       		.uleb128 0x24
 641 0011 00       		.byte	0
 642 0012 0B       		.uleb128 0xb
 643 0013 0B       		.uleb128 0xb
 644 0014 3E       		.uleb128 0x3e
 645 0015 0B       		.uleb128 0xb
 646 0016 03       		.uleb128 0x3
 647 0017 0E       		.uleb128 0xe
 648 0018 00       		.byte	0
 649 0019 00       		.byte	0
 650 001a 03       		.uleb128 0x3
 651 001b 16       		.uleb128 0x16
 652 001c 00       		.byte	0
 653 001d 03       		.uleb128 0x3
 654 001e 0E       		.uleb128 0xe
 655 001f 3A       		.uleb128 0x3a
 656 0020 0B       		.uleb128 0xb
 657 0021 3B       		.uleb128 0x3b
 658 0022 0B       		.uleb128 0xb
 659 0023 49       		.uleb128 0x49
 660 0024 13       		.uleb128 0x13
 661 0025 00       		.byte	0
 662 0026 00       		.byte	0
 663 0027 04       		.uleb128 0x4
 664 0028 24       		.uleb128 0x24
 665 0029 00       		.byte	0
 666 002a 0B       		.uleb128 0xb
 667 002b 0B       		.uleb128 0xb
 668 002c 3E       		.uleb128 0x3e
 669 002d 0B       		.uleb128 0xb
 670 002e 03       		.uleb128 0x3
 671 002f 08       		.uleb128 0x8
 672 0030 00       		.byte	0
 673 0031 00       		.byte	0
 674 0032 05       		.uleb128 0x5
 675 0033 01       		.uleb128 0x1
 676 0034 01       		.byte	0x1
 677 0035 49       		.uleb128 0x49
 678 0036 13       		.uleb128 0x13
 679 0037 01       		.uleb128 0x1
 680 0038 13       		.uleb128 0x13
ARM GAS  C:\Users\CLUBRO~1\AppData\Local\Temp\cc0YeTmB.s 			page 13


 681 0039 00       		.byte	0
 682 003a 00       		.byte	0
 683 003b 06       		.uleb128 0x6
 684 003c 21       		.uleb128 0x21
 685 003d 00       		.byte	0
 686 003e 49       		.uleb128 0x49
 687 003f 13       		.uleb128 0x13
 688 0040 2F       		.uleb128 0x2f
 689 0041 05       		.uleb128 0x5
 690 0042 00       		.byte	0
 691 0043 00       		.byte	0
 692 0044 07       		.uleb128 0x7
 693 0045 26       		.uleb128 0x26
 694 0046 00       		.byte	0
 695 0047 49       		.uleb128 0x49
 696 0048 13       		.uleb128 0x13
 697 0049 00       		.byte	0
 698 004a 00       		.byte	0
 699 004b 08       		.uleb128 0x8
 700 004c 34       		.uleb128 0x34
 701 004d 00       		.byte	0
 702 004e 03       		.uleb128 0x3
 703 004f 0E       		.uleb128 0xe
 704 0050 3A       		.uleb128 0x3a
 705 0051 0B       		.uleb128 0xb
 706 0052 3B       		.uleb128 0x3b
 707 0053 0B       		.uleb128 0xb
 708 0054 49       		.uleb128 0x49
 709 0055 13       		.uleb128 0x13
 710 0056 3F       		.uleb128 0x3f
 711 0057 19       		.uleb128 0x19
 712 0058 02       		.uleb128 0x2
 713 0059 18       		.uleb128 0x18
 714 005a 00       		.byte	0
 715 005b 00       		.byte	0
 716 005c 09       		.uleb128 0x9
 717 005d 21       		.uleb128 0x21
 718 005e 00       		.byte	0
 719 005f 49       		.uleb128 0x49
 720 0060 13       		.uleb128 0x13
 721 0061 2F       		.uleb128 0x2f
 722 0062 0B       		.uleb128 0xb
 723 0063 00       		.byte	0
 724 0064 00       		.byte	0
 725 0065 00       		.byte	0
 726              		.section	.debug_aranges,"",%progbits
 727 0000 14000000 		.4byte	0x14
 728 0004 0200     		.2byte	0x2
 729 0006 00000000 		.4byte	.Ldebug_info0
 730 000a 04       		.byte	0x4
 731 000b 00       		.byte	0
 732 000c 0000     		.2byte	0
 733 000e 0000     		.2byte	0
 734 0010 00000000 		.4byte	0
 735 0014 00000000 		.4byte	0
 736              		.section	.debug_line,"",%progbits
 737              	.Ldebug_line0:
ARM GAS  C:\Users\CLUBRO~1\AppData\Local\Temp\cc0YeTmB.s 			page 14


 738 0000 3D010000 		.section	.debug_str,"MS",%progbits,1
 738      02003701 
 738      00000201 
 738      FB0E0D00 
 738      01010101 
 739              	.LASF9:
 740 0000 5F5F7569 		.ascii	"__uint8_t\000"
 740      6E74385F 
 740      7400
 741              	.LASF16:
 742 000a 63795F6D 		.ascii	"cy_metadata\000"
 742      65746164 
 742      61746100 
 743              	.LASF1:
 744 0016 756E7369 		.ascii	"unsigned char\000"
 744      676E6564 
 744      20636861 
 744      7200
 745              	.LASF17:
 746 0024 474E5520 		.ascii	"GNU C11 5.4.1 20160609 (release) [ARM/embedded-5-br"
 746      43313120 
 746      352E342E 
 746      31203230 
 746      31363036 
 747 0057 616E6368 		.ascii	"anch revision 237715] -mcpu=cortex-m3 -mthumb -g -O"
 747      20726576 
 747      6973696F 
 747      6E203233 
 747      37373135 
 748 008a 67202D66 		.ascii	"g -ffunction-sections -ffat-lto-objects\000"
 748      66756E63 
 748      74696F6E 
 748      2D736563 
 748      74696F6E 
 749              	.LASF5:
 750 00b2 6C6F6E67 		.ascii	"long unsigned int\000"
 750      20756E73 
 750      69676E65 
 750      6420696E 
 750      7400
 751              	.LASF3:
 752 00c4 73686F72 		.ascii	"short unsigned int\000"
 752      7420756E 
 752      7369676E 
 752      65642069 
 752      6E7400
 753              	.LASF2:
 754 00d7 73686F72 		.ascii	"short int\000"
 754      7420696E 
 754      7400
 755              	.LASF13:
 756 00e1 63795F6D 		.ascii	"cy_meta_custnvl\000"
 756      6574615F 
 756      63757374 
 756      6E766C00 
 757              	.LASF12:
 758 00f1 63795F6D 		.ascii	"cy_meta_configecc\000"
ARM GAS  C:\Users\CLUBRO~1\AppData\Local\Temp\cc0YeTmB.s 			page 15


 758      6574615F 
 758      636F6E66 
 758      69676563 
 758      6300
 759              	.LASF8:
 760 0103 756E7369 		.ascii	"unsigned int\000"
 760      676E6564 
 760      20696E74 
 760      00
 761              	.LASF7:
 762 0110 6C6F6E67 		.ascii	"long long unsigned int\000"
 762      206C6F6E 
 762      6720756E 
 762      7369676E 
 762      65642069 
 763              	.LASF10:
 764 0127 75696E74 		.ascii	"uint8_t\000"
 764      385F7400 
 765              	.LASF15:
 766 012f 63795F6D 		.ascii	"cy_meta_flashprotect\000"
 766      6574615F 
 766      666C6173 
 766      6870726F 
 766      74656374 
 767              	.LASF14:
 768 0144 63795F6D 		.ascii	"cy_meta_wonvl\000"
 768      6574615F 
 768      776F6E76 
 768      6C00
 769              	.LASF11:
 770 0152 73697A65 		.ascii	"sizetype\000"
 770      74797065 
 770      00
 771              	.LASF6:
 772 015b 6C6F6E67 		.ascii	"long long int\000"
 772      206C6F6E 
 772      6720696E 
 772      7400
 773              	.LASF19:
 774 0169 433A5C55 		.ascii	"C:\\Users\\Club robot\\Desktop\\Proojet01 (3)\\Proj"
 774      73657273 
 774      5C436C75 
 774      6220726F 
 774      626F745C 
 775 0197 65743031 		.ascii	"et01.cydsn\000"
 775      2E637964 
 775      736E00
 776              	.LASF4:
 777 01a2 6C6F6E67 		.ascii	"long int\000"
 777      20696E74 
 777      00
 778              	.LASF0:
 779 01ab 7369676E 		.ascii	"signed char\000"
 779      65642063 
 779      68617200 
 780              	.LASF18:
 781 01b7 47656E65 		.ascii	"Generated_Source\\PSoC5\\cymetadata.c\000"
ARM GAS  C:\Users\CLUBRO~1\AppData\Local\Temp\cc0YeTmB.s 			page 16


 781      72617465 
 781      645F536F 
 781      75726365 
 781      5C50536F 
 782              		.ident	"GCC: (GNU Tools for ARM Embedded Processors) 5.4.1 20160609 (release) [ARM/embedded-5-bran
