ARM GAS  C:\Users\etudiant\AppData\Local\Temp\cc46LGAl.s 			page 1


   1              		.syntax unified
   2              		.cpu cortex-m3
   3              		.fpu softvfp
   4              		.eabi_attribute 20, 1
   5              		.eabi_attribute 21, 1
   6              		.eabi_attribute 23, 3
   7              		.eabi_attribute 24, 1
   8              		.eabi_attribute 25, 1
   9              		.eabi_attribute 26, 1
  10              		.eabi_attribute 30, 1
  11              		.eabi_attribute 34, 1
  12              		.eabi_attribute 18, 4
  13              		.thumb
  14              		.syntax unified
  15              		.file	"ISR_Bouton_3.c"
  16              		.text
  17              	.Ltext0:
  18              		.cfi_sections	.debug_frame
  19              		.section	.text.ISR_Bouton_3_Interrupt,"ax",%progbits
  20              		.align	2
  21              		.global	ISR_Bouton_3_Interrupt
  22              		.thumb
  23              		.thumb_func
  24              		.type	ISR_Bouton_3_Interrupt, %function
  25              	ISR_Bouton_3_Interrupt:
  26              	.LFB3:
  27              		.file 1 "Generated_Source\\PSoC5\\ISR_Bouton_3.c"
   1:Generated_Source\PSoC5/ISR_Bouton_3.c **** /*******************************************************************************
   2:Generated_Source\PSoC5/ISR_Bouton_3.c **** * File Name: ISR_Bouton_3.c  
   3:Generated_Source\PSoC5/ISR_Bouton_3.c **** * Version 1.70
   4:Generated_Source\PSoC5/ISR_Bouton_3.c **** *
   5:Generated_Source\PSoC5/ISR_Bouton_3.c **** *  Description:
   6:Generated_Source\PSoC5/ISR_Bouton_3.c **** *   API for controlling the state of an interrupt.
   7:Generated_Source\PSoC5/ISR_Bouton_3.c **** *
   8:Generated_Source\PSoC5/ISR_Bouton_3.c **** *
   9:Generated_Source\PSoC5/ISR_Bouton_3.c **** *  Note:
  10:Generated_Source\PSoC5/ISR_Bouton_3.c **** *
  11:Generated_Source\PSoC5/ISR_Bouton_3.c **** ********************************************************************************
  12:Generated_Source\PSoC5/ISR_Bouton_3.c **** * Copyright 2008-2015, Cypress Semiconductor Corporation.  All rights reserved.
  13:Generated_Source\PSoC5/ISR_Bouton_3.c **** * You may use this file only in accordance with the license, terms, conditions, 
  14:Generated_Source\PSoC5/ISR_Bouton_3.c **** * disclaimers, and limitations in the end user license agreement accompanying 
  15:Generated_Source\PSoC5/ISR_Bouton_3.c **** * the software package with which this file was provided.
  16:Generated_Source\PSoC5/ISR_Bouton_3.c **** *******************************************************************************/
  17:Generated_Source\PSoC5/ISR_Bouton_3.c **** 
  18:Generated_Source\PSoC5/ISR_Bouton_3.c **** 
  19:Generated_Source\PSoC5/ISR_Bouton_3.c **** #include <cydevice_trm.h>
  20:Generated_Source\PSoC5/ISR_Bouton_3.c **** #include <CyLib.h>
  21:Generated_Source\PSoC5/ISR_Bouton_3.c **** #include <ISR_Bouton_3.h>
  22:Generated_Source\PSoC5/ISR_Bouton_3.c **** #include "cyapicallbacks.h"
  23:Generated_Source\PSoC5/ISR_Bouton_3.c **** 
  24:Generated_Source\PSoC5/ISR_Bouton_3.c **** #if !defined(ISR_Bouton_3__REMOVED) /* Check for removal by optimization */
  25:Generated_Source\PSoC5/ISR_Bouton_3.c **** 
  26:Generated_Source\PSoC5/ISR_Bouton_3.c **** /*******************************************************************************
  27:Generated_Source\PSoC5/ISR_Bouton_3.c **** *  Place your includes, defines and code here 
  28:Generated_Source\PSoC5/ISR_Bouton_3.c **** ********************************************************************************/
  29:Generated_Source\PSoC5/ISR_Bouton_3.c **** /* `#START ISR_Bouton_3_intc` */
  30:Generated_Source\PSoC5/ISR_Bouton_3.c ****     extern uint8 Flag_Rotary_P;
ARM GAS  C:\Users\etudiant\AppData\Local\Temp\cc46LGAl.s 			page 2


  31:Generated_Source\PSoC5/ISR_Bouton_3.c **** /* `#END` */
  32:Generated_Source\PSoC5/ISR_Bouton_3.c **** 
  33:Generated_Source\PSoC5/ISR_Bouton_3.c **** #ifndef CYINT_IRQ_BASE
  34:Generated_Source\PSoC5/ISR_Bouton_3.c **** #define CYINT_IRQ_BASE      16
  35:Generated_Source\PSoC5/ISR_Bouton_3.c **** #endif /* CYINT_IRQ_BASE */
  36:Generated_Source\PSoC5/ISR_Bouton_3.c **** #ifndef CYINT_VECT_TABLE
  37:Generated_Source\PSoC5/ISR_Bouton_3.c **** #define CYINT_VECT_TABLE    ((cyisraddress **) CYREG_NVIC_VECT_OFFSET)
  38:Generated_Source\PSoC5/ISR_Bouton_3.c **** #endif /* CYINT_VECT_TABLE */
  39:Generated_Source\PSoC5/ISR_Bouton_3.c **** 
  40:Generated_Source\PSoC5/ISR_Bouton_3.c **** /* Declared in startup, used to set unused interrupts to. */
  41:Generated_Source\PSoC5/ISR_Bouton_3.c **** CY_ISR_PROTO(IntDefaultHandler);
  42:Generated_Source\PSoC5/ISR_Bouton_3.c **** 
  43:Generated_Source\PSoC5/ISR_Bouton_3.c **** 
  44:Generated_Source\PSoC5/ISR_Bouton_3.c **** /*******************************************************************************
  45:Generated_Source\PSoC5/ISR_Bouton_3.c **** * Function Name: ISR_Bouton_3_Start
  46:Generated_Source\PSoC5/ISR_Bouton_3.c **** ********************************************************************************
  47:Generated_Source\PSoC5/ISR_Bouton_3.c **** *
  48:Generated_Source\PSoC5/ISR_Bouton_3.c **** * Summary:
  49:Generated_Source\PSoC5/ISR_Bouton_3.c **** *  Set up the interrupt and enable it. This function disables the interrupt, 
  50:Generated_Source\PSoC5/ISR_Bouton_3.c **** *  sets the default interrupt vector, sets the priority from the value in the
  51:Generated_Source\PSoC5/ISR_Bouton_3.c **** *  Design Wide Resources Interrupt Editor, then enables the interrupt to the 
  52:Generated_Source\PSoC5/ISR_Bouton_3.c **** *  interrupt controller.
  53:Generated_Source\PSoC5/ISR_Bouton_3.c **** *
  54:Generated_Source\PSoC5/ISR_Bouton_3.c **** * Parameters:  
  55:Generated_Source\PSoC5/ISR_Bouton_3.c **** *   None
  56:Generated_Source\PSoC5/ISR_Bouton_3.c **** *
  57:Generated_Source\PSoC5/ISR_Bouton_3.c **** * Return:
  58:Generated_Source\PSoC5/ISR_Bouton_3.c **** *   None
  59:Generated_Source\PSoC5/ISR_Bouton_3.c **** *
  60:Generated_Source\PSoC5/ISR_Bouton_3.c **** *******************************************************************************/
  61:Generated_Source\PSoC5/ISR_Bouton_3.c **** void ISR_Bouton_3_Start(void)
  62:Generated_Source\PSoC5/ISR_Bouton_3.c **** {
  63:Generated_Source\PSoC5/ISR_Bouton_3.c ****     /* For all we know the interrupt is active. */
  64:Generated_Source\PSoC5/ISR_Bouton_3.c ****     ISR_Bouton_3_Disable();
  65:Generated_Source\PSoC5/ISR_Bouton_3.c **** 
  66:Generated_Source\PSoC5/ISR_Bouton_3.c ****     /* Set the ISR to point to the ISR_Bouton_3 Interrupt. */
  67:Generated_Source\PSoC5/ISR_Bouton_3.c ****     ISR_Bouton_3_SetVector(&ISR_Bouton_3_Interrupt);
  68:Generated_Source\PSoC5/ISR_Bouton_3.c **** 
  69:Generated_Source\PSoC5/ISR_Bouton_3.c ****     /* Set the priority. */
  70:Generated_Source\PSoC5/ISR_Bouton_3.c ****     ISR_Bouton_3_SetPriority((uint8)ISR_Bouton_3_INTC_PRIOR_NUMBER);
  71:Generated_Source\PSoC5/ISR_Bouton_3.c **** 
  72:Generated_Source\PSoC5/ISR_Bouton_3.c ****     /* Enable it. */
  73:Generated_Source\PSoC5/ISR_Bouton_3.c ****     ISR_Bouton_3_Enable();
  74:Generated_Source\PSoC5/ISR_Bouton_3.c **** }
  75:Generated_Source\PSoC5/ISR_Bouton_3.c **** 
  76:Generated_Source\PSoC5/ISR_Bouton_3.c **** 
  77:Generated_Source\PSoC5/ISR_Bouton_3.c **** /*******************************************************************************
  78:Generated_Source\PSoC5/ISR_Bouton_3.c **** * Function Name: ISR_Bouton_3_StartEx
  79:Generated_Source\PSoC5/ISR_Bouton_3.c **** ********************************************************************************
  80:Generated_Source\PSoC5/ISR_Bouton_3.c **** *
  81:Generated_Source\PSoC5/ISR_Bouton_3.c **** * Summary:
  82:Generated_Source\PSoC5/ISR_Bouton_3.c **** *  Sets up the interrupt and enables it. This function disables the interrupt,
  83:Generated_Source\PSoC5/ISR_Bouton_3.c **** *  sets the interrupt vector based on the address passed in, sets the priority 
  84:Generated_Source\PSoC5/ISR_Bouton_3.c **** *  from the value in the Design Wide Resources Interrupt Editor, then enables 
  85:Generated_Source\PSoC5/ISR_Bouton_3.c **** *  the interrupt to the interrupt controller.
  86:Generated_Source\PSoC5/ISR_Bouton_3.c **** *  
  87:Generated_Source\PSoC5/ISR_Bouton_3.c **** *  When defining ISR functions, the CY_ISR and CY_ISR_PROTO macros should be 
ARM GAS  C:\Users\etudiant\AppData\Local\Temp\cc46LGAl.s 			page 3


  88:Generated_Source\PSoC5/ISR_Bouton_3.c **** *  used to provide consistent definition across compilers:
  89:Generated_Source\PSoC5/ISR_Bouton_3.c **** *  
  90:Generated_Source\PSoC5/ISR_Bouton_3.c **** *  Function definition example:
  91:Generated_Source\PSoC5/ISR_Bouton_3.c **** *   CY_ISR(MyISR)
  92:Generated_Source\PSoC5/ISR_Bouton_3.c **** *   {
  93:Generated_Source\PSoC5/ISR_Bouton_3.c **** *   }
  94:Generated_Source\PSoC5/ISR_Bouton_3.c **** *   Function prototype example:
  95:Generated_Source\PSoC5/ISR_Bouton_3.c **** *   CY_ISR_PROTO(MyISR);
  96:Generated_Source\PSoC5/ISR_Bouton_3.c **** *
  97:Generated_Source\PSoC5/ISR_Bouton_3.c **** * Parameters:  
  98:Generated_Source\PSoC5/ISR_Bouton_3.c **** *   address: Address of the ISR to set in the interrupt vector table.
  99:Generated_Source\PSoC5/ISR_Bouton_3.c **** *
 100:Generated_Source\PSoC5/ISR_Bouton_3.c **** * Return:
 101:Generated_Source\PSoC5/ISR_Bouton_3.c **** *   None
 102:Generated_Source\PSoC5/ISR_Bouton_3.c **** *
 103:Generated_Source\PSoC5/ISR_Bouton_3.c **** *******************************************************************************/
 104:Generated_Source\PSoC5/ISR_Bouton_3.c **** void ISR_Bouton_3_StartEx(cyisraddress address)
 105:Generated_Source\PSoC5/ISR_Bouton_3.c **** {
 106:Generated_Source\PSoC5/ISR_Bouton_3.c ****     /* For all we know the interrupt is active. */
 107:Generated_Source\PSoC5/ISR_Bouton_3.c ****     ISR_Bouton_3_Disable();
 108:Generated_Source\PSoC5/ISR_Bouton_3.c **** 
 109:Generated_Source\PSoC5/ISR_Bouton_3.c ****     /* Set the ISR to point to the ISR_Bouton_3 Interrupt. */
 110:Generated_Source\PSoC5/ISR_Bouton_3.c ****     ISR_Bouton_3_SetVector(address);
 111:Generated_Source\PSoC5/ISR_Bouton_3.c **** 
 112:Generated_Source\PSoC5/ISR_Bouton_3.c ****     /* Set the priority. */
 113:Generated_Source\PSoC5/ISR_Bouton_3.c ****     ISR_Bouton_3_SetPriority((uint8)ISR_Bouton_3_INTC_PRIOR_NUMBER);
 114:Generated_Source\PSoC5/ISR_Bouton_3.c **** 
 115:Generated_Source\PSoC5/ISR_Bouton_3.c ****     /* Enable it. */
 116:Generated_Source\PSoC5/ISR_Bouton_3.c ****     ISR_Bouton_3_Enable();
 117:Generated_Source\PSoC5/ISR_Bouton_3.c **** }
 118:Generated_Source\PSoC5/ISR_Bouton_3.c **** 
 119:Generated_Source\PSoC5/ISR_Bouton_3.c **** 
 120:Generated_Source\PSoC5/ISR_Bouton_3.c **** /*******************************************************************************
 121:Generated_Source\PSoC5/ISR_Bouton_3.c **** * Function Name: ISR_Bouton_3_Stop
 122:Generated_Source\PSoC5/ISR_Bouton_3.c **** ********************************************************************************
 123:Generated_Source\PSoC5/ISR_Bouton_3.c **** *
 124:Generated_Source\PSoC5/ISR_Bouton_3.c **** * Summary:
 125:Generated_Source\PSoC5/ISR_Bouton_3.c **** *   Disables and removes the interrupt.
 126:Generated_Source\PSoC5/ISR_Bouton_3.c **** *
 127:Generated_Source\PSoC5/ISR_Bouton_3.c **** * Parameters:  
 128:Generated_Source\PSoC5/ISR_Bouton_3.c **** *   None
 129:Generated_Source\PSoC5/ISR_Bouton_3.c **** *
 130:Generated_Source\PSoC5/ISR_Bouton_3.c **** * Return:
 131:Generated_Source\PSoC5/ISR_Bouton_3.c **** *   None
 132:Generated_Source\PSoC5/ISR_Bouton_3.c **** *
 133:Generated_Source\PSoC5/ISR_Bouton_3.c **** *******************************************************************************/
 134:Generated_Source\PSoC5/ISR_Bouton_3.c **** void ISR_Bouton_3_Stop(void)
 135:Generated_Source\PSoC5/ISR_Bouton_3.c **** {
 136:Generated_Source\PSoC5/ISR_Bouton_3.c ****     /* Disable this interrupt. */
 137:Generated_Source\PSoC5/ISR_Bouton_3.c ****     ISR_Bouton_3_Disable();
 138:Generated_Source\PSoC5/ISR_Bouton_3.c **** 
 139:Generated_Source\PSoC5/ISR_Bouton_3.c ****     /* Set the ISR to point to the passive one. */
 140:Generated_Source\PSoC5/ISR_Bouton_3.c ****     ISR_Bouton_3_SetVector(&IntDefaultHandler);
 141:Generated_Source\PSoC5/ISR_Bouton_3.c **** }
 142:Generated_Source\PSoC5/ISR_Bouton_3.c **** 
 143:Generated_Source\PSoC5/ISR_Bouton_3.c **** 
 144:Generated_Source\PSoC5/ISR_Bouton_3.c **** /*******************************************************************************
ARM GAS  C:\Users\etudiant\AppData\Local\Temp\cc46LGAl.s 			page 4


 145:Generated_Source\PSoC5/ISR_Bouton_3.c **** * Function Name: ISR_Bouton_3_Interrupt
 146:Generated_Source\PSoC5/ISR_Bouton_3.c **** ********************************************************************************
 147:Generated_Source\PSoC5/ISR_Bouton_3.c **** *
 148:Generated_Source\PSoC5/ISR_Bouton_3.c **** * Summary:
 149:Generated_Source\PSoC5/ISR_Bouton_3.c **** *   The default Interrupt Service Routine for ISR_Bouton_3.
 150:Generated_Source\PSoC5/ISR_Bouton_3.c **** *
 151:Generated_Source\PSoC5/ISR_Bouton_3.c **** *   Add custom code between the coments to keep the next version of this file
 152:Generated_Source\PSoC5/ISR_Bouton_3.c **** *   from over writting your code.
 153:Generated_Source\PSoC5/ISR_Bouton_3.c **** *
 154:Generated_Source\PSoC5/ISR_Bouton_3.c **** * Parameters:  
 155:Generated_Source\PSoC5/ISR_Bouton_3.c **** *
 156:Generated_Source\PSoC5/ISR_Bouton_3.c **** * Return:
 157:Generated_Source\PSoC5/ISR_Bouton_3.c **** *   None
 158:Generated_Source\PSoC5/ISR_Bouton_3.c **** *
 159:Generated_Source\PSoC5/ISR_Bouton_3.c **** *******************************************************************************/
 160:Generated_Source\PSoC5/ISR_Bouton_3.c **** CY_ISR(ISR_Bouton_3_Interrupt)
 161:Generated_Source\PSoC5/ISR_Bouton_3.c **** {
  28              		.loc 1 161 0
  29              		.cfi_startproc
  30              		@ args = 0, pretend = 0, frame = 0
  31              		@ frame_needed = 0, uses_anonymous_args = 0
  32              		@ link register save eliminated.
 162:Generated_Source\PSoC5/ISR_Bouton_3.c ****     #ifdef ISR_Bouton_3_INTERRUPT_INTERRUPT_CALLBACK
 163:Generated_Source\PSoC5/ISR_Bouton_3.c ****         ISR_Bouton_3_Interrupt_InterruptCallback();
 164:Generated_Source\PSoC5/ISR_Bouton_3.c ****     #endif /* ISR_Bouton_3_INTERRUPT_INTERRUPT_CALLBACK */ 
 165:Generated_Source\PSoC5/ISR_Bouton_3.c **** 
 166:Generated_Source\PSoC5/ISR_Bouton_3.c ****     /*  Place your Interrupt code here. */
 167:Generated_Source\PSoC5/ISR_Bouton_3.c ****     /* `#START ISR_Bouton_3_Interrupt` */
 168:Generated_Source\PSoC5/ISR_Bouton_3.c ****         Flag_Rotary_P = 1;
  33              		.loc 1 168 0
  34 0000 0122     		movs	r2, #1
  35 0002 014B     		ldr	r3, .L2
  36 0004 1A70     		strb	r2, [r3]
  37 0006 7047     		bx	lr
  38              	.L3:
  39              		.align	2
  40              	.L2:
  41 0008 00000000 		.word	Flag_Rotary_P
  42              		.cfi_endproc
  43              	.LFE3:
  44              		.size	ISR_Bouton_3_Interrupt, .-ISR_Bouton_3_Interrupt
  45              		.section	.text.ISR_Bouton_3_SetVector,"ax",%progbits
  46              		.align	2
  47              		.global	ISR_Bouton_3_SetVector
  48              		.thumb
  49              		.thumb_func
  50              		.type	ISR_Bouton_3_SetVector, %function
  51              	ISR_Bouton_3_SetVector:
  52              	.LFB4:
 169:Generated_Source\PSoC5/ISR_Bouton_3.c ****     /* `#END` */
 170:Generated_Source\PSoC5/ISR_Bouton_3.c **** }
 171:Generated_Source\PSoC5/ISR_Bouton_3.c **** 
 172:Generated_Source\PSoC5/ISR_Bouton_3.c **** 
 173:Generated_Source\PSoC5/ISR_Bouton_3.c **** /*******************************************************************************
 174:Generated_Source\PSoC5/ISR_Bouton_3.c **** * Function Name: ISR_Bouton_3_SetVector
 175:Generated_Source\PSoC5/ISR_Bouton_3.c **** ********************************************************************************
 176:Generated_Source\PSoC5/ISR_Bouton_3.c **** *
ARM GAS  C:\Users\etudiant\AppData\Local\Temp\cc46LGAl.s 			page 5


 177:Generated_Source\PSoC5/ISR_Bouton_3.c **** * Summary:
 178:Generated_Source\PSoC5/ISR_Bouton_3.c **** *   Change the ISR vector for the Interrupt. Note calling ISR_Bouton_3_Start
 179:Generated_Source\PSoC5/ISR_Bouton_3.c **** *   will override any effect this method would have had. To set the vector 
 180:Generated_Source\PSoC5/ISR_Bouton_3.c **** *   before the component has been started use ISR_Bouton_3_StartEx instead.
 181:Generated_Source\PSoC5/ISR_Bouton_3.c **** * 
 182:Generated_Source\PSoC5/ISR_Bouton_3.c **** *   When defining ISR functions, the CY_ISR and CY_ISR_PROTO macros should be 
 183:Generated_Source\PSoC5/ISR_Bouton_3.c **** *   used to provide consistent definition across compilers:
 184:Generated_Source\PSoC5/ISR_Bouton_3.c **** *
 185:Generated_Source\PSoC5/ISR_Bouton_3.c **** *   Function definition example:
 186:Generated_Source\PSoC5/ISR_Bouton_3.c **** *   CY_ISR(MyISR)
 187:Generated_Source\PSoC5/ISR_Bouton_3.c **** *   {
 188:Generated_Source\PSoC5/ISR_Bouton_3.c **** *   }
 189:Generated_Source\PSoC5/ISR_Bouton_3.c **** *
 190:Generated_Source\PSoC5/ISR_Bouton_3.c **** *   Function prototype example:
 191:Generated_Source\PSoC5/ISR_Bouton_3.c **** *     CY_ISR_PROTO(MyISR);
 192:Generated_Source\PSoC5/ISR_Bouton_3.c **** *
 193:Generated_Source\PSoC5/ISR_Bouton_3.c **** * Parameters:
 194:Generated_Source\PSoC5/ISR_Bouton_3.c **** *   address: Address of the ISR to set in the interrupt vector table.
 195:Generated_Source\PSoC5/ISR_Bouton_3.c **** *
 196:Generated_Source\PSoC5/ISR_Bouton_3.c **** * Return:
 197:Generated_Source\PSoC5/ISR_Bouton_3.c **** *   None
 198:Generated_Source\PSoC5/ISR_Bouton_3.c **** *
 199:Generated_Source\PSoC5/ISR_Bouton_3.c **** *******************************************************************************/
 200:Generated_Source\PSoC5/ISR_Bouton_3.c **** void ISR_Bouton_3_SetVector(cyisraddress address)
 201:Generated_Source\PSoC5/ISR_Bouton_3.c **** {
  53              		.loc 1 201 0
  54              		.cfi_startproc
  55              		@ args = 0, pretend = 0, frame = 0
  56              		@ frame_needed = 0, uses_anonymous_args = 0
  57              		@ link register save eliminated.
  58              	.LVL0:
 202:Generated_Source\PSoC5/ISR_Bouton_3.c ****     cyisraddress * ramVectorTable;
 203:Generated_Source\PSoC5/ISR_Bouton_3.c **** 
 204:Generated_Source\PSoC5/ISR_Bouton_3.c ****     ramVectorTable = (cyisraddress *) *CYINT_VECT_TABLE;
  59              		.loc 1 204 0
  60 0000 014B     		ldr	r3, .L5
  61 0002 1B68     		ldr	r3, [r3]
  62              	.LVL1:
 205:Generated_Source\PSoC5/ISR_Bouton_3.c **** 
 206:Generated_Source\PSoC5/ISR_Bouton_3.c ****     ramVectorTable[CYINT_IRQ_BASE + (uint32)ISR_Bouton_3__INTC_NUMBER] = address;
  63              		.loc 1 206 0
  64 0004 9864     		str	r0, [r3, #72]
  65 0006 7047     		bx	lr
  66              	.L6:
  67              		.align	2
  68              	.L5:
  69 0008 08ED00E0 		.word	-536810232
  70              		.cfi_endproc
  71              	.LFE4:
  72              		.size	ISR_Bouton_3_SetVector, .-ISR_Bouton_3_SetVector
  73              		.section	.text.ISR_Bouton_3_GetVector,"ax",%progbits
  74              		.align	2
  75              		.global	ISR_Bouton_3_GetVector
  76              		.thumb
  77              		.thumb_func
  78              		.type	ISR_Bouton_3_GetVector, %function
  79              	ISR_Bouton_3_GetVector:
ARM GAS  C:\Users\etudiant\AppData\Local\Temp\cc46LGAl.s 			page 6


  80              	.LFB5:
 207:Generated_Source\PSoC5/ISR_Bouton_3.c **** }
 208:Generated_Source\PSoC5/ISR_Bouton_3.c **** 
 209:Generated_Source\PSoC5/ISR_Bouton_3.c **** 
 210:Generated_Source\PSoC5/ISR_Bouton_3.c **** /*******************************************************************************
 211:Generated_Source\PSoC5/ISR_Bouton_3.c **** * Function Name: ISR_Bouton_3_GetVector
 212:Generated_Source\PSoC5/ISR_Bouton_3.c **** ********************************************************************************
 213:Generated_Source\PSoC5/ISR_Bouton_3.c **** *
 214:Generated_Source\PSoC5/ISR_Bouton_3.c **** * Summary:
 215:Generated_Source\PSoC5/ISR_Bouton_3.c **** *   Gets the "address" of the current ISR vector for the Interrupt.
 216:Generated_Source\PSoC5/ISR_Bouton_3.c **** *
 217:Generated_Source\PSoC5/ISR_Bouton_3.c **** * Parameters:
 218:Generated_Source\PSoC5/ISR_Bouton_3.c **** *   None
 219:Generated_Source\PSoC5/ISR_Bouton_3.c **** *
 220:Generated_Source\PSoC5/ISR_Bouton_3.c **** * Return:
 221:Generated_Source\PSoC5/ISR_Bouton_3.c **** *   Address of the ISR in the interrupt vector table.
 222:Generated_Source\PSoC5/ISR_Bouton_3.c **** *
 223:Generated_Source\PSoC5/ISR_Bouton_3.c **** *******************************************************************************/
 224:Generated_Source\PSoC5/ISR_Bouton_3.c **** cyisraddress ISR_Bouton_3_GetVector(void)
 225:Generated_Source\PSoC5/ISR_Bouton_3.c **** {
  81              		.loc 1 225 0
  82              		.cfi_startproc
  83              		@ args = 0, pretend = 0, frame = 0
  84              		@ frame_needed = 0, uses_anonymous_args = 0
  85              		@ link register save eliminated.
 226:Generated_Source\PSoC5/ISR_Bouton_3.c ****     cyisraddress * ramVectorTable;
 227:Generated_Source\PSoC5/ISR_Bouton_3.c **** 
 228:Generated_Source\PSoC5/ISR_Bouton_3.c ****     ramVectorTable = (cyisraddress *) *CYINT_VECT_TABLE;
  86              		.loc 1 228 0
  87 0000 014B     		ldr	r3, .L8
  88 0002 1B68     		ldr	r3, [r3]
  89              	.LVL2:
 229:Generated_Source\PSoC5/ISR_Bouton_3.c **** 
 230:Generated_Source\PSoC5/ISR_Bouton_3.c ****     return ramVectorTable[CYINT_IRQ_BASE + (uint32)ISR_Bouton_3__INTC_NUMBER];
 231:Generated_Source\PSoC5/ISR_Bouton_3.c **** }
  90              		.loc 1 231 0
  91 0004 986C     		ldr	r0, [r3, #72]
  92 0006 7047     		bx	lr
  93              	.L9:
  94              		.align	2
  95              	.L8:
  96 0008 08ED00E0 		.word	-536810232
  97              		.cfi_endproc
  98              	.LFE5:
  99              		.size	ISR_Bouton_3_GetVector, .-ISR_Bouton_3_GetVector
 100              		.section	.text.ISR_Bouton_3_SetPriority,"ax",%progbits
 101              		.align	2
 102              		.global	ISR_Bouton_3_SetPriority
 103              		.thumb
 104              		.thumb_func
 105              		.type	ISR_Bouton_3_SetPriority, %function
 106              	ISR_Bouton_3_SetPriority:
 107              	.LFB6:
 232:Generated_Source\PSoC5/ISR_Bouton_3.c **** 
 233:Generated_Source\PSoC5/ISR_Bouton_3.c **** 
 234:Generated_Source\PSoC5/ISR_Bouton_3.c **** /*******************************************************************************
 235:Generated_Source\PSoC5/ISR_Bouton_3.c **** * Function Name: ISR_Bouton_3_SetPriority
ARM GAS  C:\Users\etudiant\AppData\Local\Temp\cc46LGAl.s 			page 7


 236:Generated_Source\PSoC5/ISR_Bouton_3.c **** ********************************************************************************
 237:Generated_Source\PSoC5/ISR_Bouton_3.c **** *
 238:Generated_Source\PSoC5/ISR_Bouton_3.c **** * Summary:
 239:Generated_Source\PSoC5/ISR_Bouton_3.c **** *   Sets the Priority of the Interrupt. 
 240:Generated_Source\PSoC5/ISR_Bouton_3.c **** *
 241:Generated_Source\PSoC5/ISR_Bouton_3.c **** *   Note calling ISR_Bouton_3_Start or ISR_Bouton_3_StartEx will 
 242:Generated_Source\PSoC5/ISR_Bouton_3.c **** *   override any effect this API would have had. This API should only be called
 243:Generated_Source\PSoC5/ISR_Bouton_3.c **** *   after ISR_Bouton_3_Start or ISR_Bouton_3_StartEx has been called. 
 244:Generated_Source\PSoC5/ISR_Bouton_3.c **** *   To set the initial priority for the component, use the Design-Wide Resources
 245:Generated_Source\PSoC5/ISR_Bouton_3.c **** *   Interrupt Editor.
 246:Generated_Source\PSoC5/ISR_Bouton_3.c **** *
 247:Generated_Source\PSoC5/ISR_Bouton_3.c **** *   Note This API has no effect on Non-maskable interrupt NMI).
 248:Generated_Source\PSoC5/ISR_Bouton_3.c **** *
 249:Generated_Source\PSoC5/ISR_Bouton_3.c **** * Parameters:
 250:Generated_Source\PSoC5/ISR_Bouton_3.c **** *   priority: Priority of the interrupt, 0 being the highest priority
 251:Generated_Source\PSoC5/ISR_Bouton_3.c **** *             PSoC 3 and PSoC 5LP: Priority is from 0 to 7.
 252:Generated_Source\PSoC5/ISR_Bouton_3.c **** *             PSoC 4: Priority is from 0 to 3.
 253:Generated_Source\PSoC5/ISR_Bouton_3.c **** *
 254:Generated_Source\PSoC5/ISR_Bouton_3.c **** * Return:
 255:Generated_Source\PSoC5/ISR_Bouton_3.c **** *   None
 256:Generated_Source\PSoC5/ISR_Bouton_3.c **** *
 257:Generated_Source\PSoC5/ISR_Bouton_3.c **** *******************************************************************************/
 258:Generated_Source\PSoC5/ISR_Bouton_3.c **** void ISR_Bouton_3_SetPriority(uint8 priority)
 259:Generated_Source\PSoC5/ISR_Bouton_3.c **** {
 108              		.loc 1 259 0
 109              		.cfi_startproc
 110              		@ args = 0, pretend = 0, frame = 0
 111              		@ frame_needed = 0, uses_anonymous_args = 0
 112              		@ link register save eliminated.
 113              	.LVL3:
 260:Generated_Source\PSoC5/ISR_Bouton_3.c ****     *ISR_Bouton_3_INTC_PRIOR = priority << 5;
 114              		.loc 1 260 0
 115 0000 4001     		lsls	r0, r0, #5
 116              	.LVL4:
 117 0002 C0B2     		uxtb	r0, r0
 118 0004 014B     		ldr	r3, .L11
 119 0006 1870     		strb	r0, [r3]
 120 0008 7047     		bx	lr
 121              	.L12:
 122 000a 00BF     		.align	2
 123              	.L11:
 124 000c 02E400E0 		.word	-536812542
 125              		.cfi_endproc
 126              	.LFE6:
 127              		.size	ISR_Bouton_3_SetPriority, .-ISR_Bouton_3_SetPriority
 128              		.section	.text.ISR_Bouton_3_GetPriority,"ax",%progbits
 129              		.align	2
 130              		.global	ISR_Bouton_3_GetPriority
 131              		.thumb
 132              		.thumb_func
 133              		.type	ISR_Bouton_3_GetPriority, %function
 134              	ISR_Bouton_3_GetPriority:
 135              	.LFB7:
 261:Generated_Source\PSoC5/ISR_Bouton_3.c **** }
 262:Generated_Source\PSoC5/ISR_Bouton_3.c **** 
 263:Generated_Source\PSoC5/ISR_Bouton_3.c **** 
 264:Generated_Source\PSoC5/ISR_Bouton_3.c **** /*******************************************************************************
ARM GAS  C:\Users\etudiant\AppData\Local\Temp\cc46LGAl.s 			page 8


 265:Generated_Source\PSoC5/ISR_Bouton_3.c **** * Function Name: ISR_Bouton_3_GetPriority
 266:Generated_Source\PSoC5/ISR_Bouton_3.c **** ********************************************************************************
 267:Generated_Source\PSoC5/ISR_Bouton_3.c **** *
 268:Generated_Source\PSoC5/ISR_Bouton_3.c **** * Summary:
 269:Generated_Source\PSoC5/ISR_Bouton_3.c **** *   Gets the Priority of the Interrupt.
 270:Generated_Source\PSoC5/ISR_Bouton_3.c **** *
 271:Generated_Source\PSoC5/ISR_Bouton_3.c **** * Parameters:
 272:Generated_Source\PSoC5/ISR_Bouton_3.c **** *   None
 273:Generated_Source\PSoC5/ISR_Bouton_3.c **** *
 274:Generated_Source\PSoC5/ISR_Bouton_3.c **** * Return:
 275:Generated_Source\PSoC5/ISR_Bouton_3.c **** *   Priority of the interrupt, 0 being the highest priority
 276:Generated_Source\PSoC5/ISR_Bouton_3.c **** *    PSoC 3 and PSoC 5LP: Priority is from 0 to 7.
 277:Generated_Source\PSoC5/ISR_Bouton_3.c **** *    PSoC 4: Priority is from 0 to 3.
 278:Generated_Source\PSoC5/ISR_Bouton_3.c **** *
 279:Generated_Source\PSoC5/ISR_Bouton_3.c **** *******************************************************************************/
 280:Generated_Source\PSoC5/ISR_Bouton_3.c **** uint8 ISR_Bouton_3_GetPriority(void)
 281:Generated_Source\PSoC5/ISR_Bouton_3.c **** {
 136              		.loc 1 281 0
 137              		.cfi_startproc
 138              		@ args = 0, pretend = 0, frame = 0
 139              		@ frame_needed = 0, uses_anonymous_args = 0
 140              		@ link register save eliminated.
 282:Generated_Source\PSoC5/ISR_Bouton_3.c ****     uint8 priority;
 283:Generated_Source\PSoC5/ISR_Bouton_3.c **** 
 284:Generated_Source\PSoC5/ISR_Bouton_3.c **** 
 285:Generated_Source\PSoC5/ISR_Bouton_3.c ****     priority = *ISR_Bouton_3_INTC_PRIOR >> 5;
 141              		.loc 1 285 0
 142 0000 014B     		ldr	r3, .L14
 143 0002 1878     		ldrb	r0, [r3]	@ zero_extendqisi2
 144              	.LVL5:
 286:Generated_Source\PSoC5/ISR_Bouton_3.c **** 
 287:Generated_Source\PSoC5/ISR_Bouton_3.c ****     return priority;
 288:Generated_Source\PSoC5/ISR_Bouton_3.c **** }
 145              		.loc 1 288 0
 146 0004 4009     		lsrs	r0, r0, #5
 147              	.LVL6:
 148 0006 7047     		bx	lr
 149              	.L15:
 150              		.align	2
 151              	.L14:
 152 0008 02E400E0 		.word	-536812542
 153              		.cfi_endproc
 154              	.LFE7:
 155              		.size	ISR_Bouton_3_GetPriority, .-ISR_Bouton_3_GetPriority
 156              		.section	.text.ISR_Bouton_3_Enable,"ax",%progbits
 157              		.align	2
 158              		.global	ISR_Bouton_3_Enable
 159              		.thumb
 160              		.thumb_func
 161              		.type	ISR_Bouton_3_Enable, %function
 162              	ISR_Bouton_3_Enable:
 163              	.LFB8:
 289:Generated_Source\PSoC5/ISR_Bouton_3.c **** 
 290:Generated_Source\PSoC5/ISR_Bouton_3.c **** 
 291:Generated_Source\PSoC5/ISR_Bouton_3.c **** /*******************************************************************************
 292:Generated_Source\PSoC5/ISR_Bouton_3.c **** * Function Name: ISR_Bouton_3_Enable
 293:Generated_Source\PSoC5/ISR_Bouton_3.c **** ********************************************************************************
ARM GAS  C:\Users\etudiant\AppData\Local\Temp\cc46LGAl.s 			page 9


 294:Generated_Source\PSoC5/ISR_Bouton_3.c **** *
 295:Generated_Source\PSoC5/ISR_Bouton_3.c **** * Summary:
 296:Generated_Source\PSoC5/ISR_Bouton_3.c **** *   Enables the interrupt to the interrupt controller. Do not call this function
 297:Generated_Source\PSoC5/ISR_Bouton_3.c **** *   unless ISR_Start() has been called or the functionality of the ISR_Start() 
 298:Generated_Source\PSoC5/ISR_Bouton_3.c **** *   function, which sets the vector and the priority, has been called.
 299:Generated_Source\PSoC5/ISR_Bouton_3.c **** *
 300:Generated_Source\PSoC5/ISR_Bouton_3.c **** * Parameters:
 301:Generated_Source\PSoC5/ISR_Bouton_3.c **** *   None
 302:Generated_Source\PSoC5/ISR_Bouton_3.c **** *
 303:Generated_Source\PSoC5/ISR_Bouton_3.c **** * Return:
 304:Generated_Source\PSoC5/ISR_Bouton_3.c **** *   None
 305:Generated_Source\PSoC5/ISR_Bouton_3.c **** *
 306:Generated_Source\PSoC5/ISR_Bouton_3.c **** *******************************************************************************/
 307:Generated_Source\PSoC5/ISR_Bouton_3.c **** void ISR_Bouton_3_Enable(void)
 308:Generated_Source\PSoC5/ISR_Bouton_3.c **** {
 164              		.loc 1 308 0
 165              		.cfi_startproc
 166              		@ args = 0, pretend = 0, frame = 0
 167              		@ frame_needed = 0, uses_anonymous_args = 0
 168              		@ link register save eliminated.
 309:Generated_Source\PSoC5/ISR_Bouton_3.c ****     /* Enable the general interrupt. */
 310:Generated_Source\PSoC5/ISR_Bouton_3.c ****     *ISR_Bouton_3_INTC_SET_EN = ISR_Bouton_3__INTC_MASK;
 169              		.loc 1 310 0
 170 0000 0422     		movs	r2, #4
 171 0002 014B     		ldr	r3, .L17
 172 0004 1A60     		str	r2, [r3]
 173 0006 7047     		bx	lr
 174              	.L18:
 175              		.align	2
 176              	.L17:
 177 0008 00E100E0 		.word	-536813312
 178              		.cfi_endproc
 179              	.LFE8:
 180              		.size	ISR_Bouton_3_Enable, .-ISR_Bouton_3_Enable
 181              		.section	.text.ISR_Bouton_3_GetState,"ax",%progbits
 182              		.align	2
 183              		.global	ISR_Bouton_3_GetState
 184              		.thumb
 185              		.thumb_func
 186              		.type	ISR_Bouton_3_GetState, %function
 187              	ISR_Bouton_3_GetState:
 188              	.LFB9:
 311:Generated_Source\PSoC5/ISR_Bouton_3.c **** }
 312:Generated_Source\PSoC5/ISR_Bouton_3.c **** 
 313:Generated_Source\PSoC5/ISR_Bouton_3.c **** 
 314:Generated_Source\PSoC5/ISR_Bouton_3.c **** /*******************************************************************************
 315:Generated_Source\PSoC5/ISR_Bouton_3.c **** * Function Name: ISR_Bouton_3_GetState
 316:Generated_Source\PSoC5/ISR_Bouton_3.c **** ********************************************************************************
 317:Generated_Source\PSoC5/ISR_Bouton_3.c **** *
 318:Generated_Source\PSoC5/ISR_Bouton_3.c **** * Summary:
 319:Generated_Source\PSoC5/ISR_Bouton_3.c **** *   Gets the state (enabled, disabled) of the Interrupt.
 320:Generated_Source\PSoC5/ISR_Bouton_3.c **** *
 321:Generated_Source\PSoC5/ISR_Bouton_3.c **** * Parameters:
 322:Generated_Source\PSoC5/ISR_Bouton_3.c **** *   None
 323:Generated_Source\PSoC5/ISR_Bouton_3.c **** *
 324:Generated_Source\PSoC5/ISR_Bouton_3.c **** * Return:
 325:Generated_Source\PSoC5/ISR_Bouton_3.c **** *   1 if enabled, 0 if disabled.
ARM GAS  C:\Users\etudiant\AppData\Local\Temp\cc46LGAl.s 			page 10


 326:Generated_Source\PSoC5/ISR_Bouton_3.c **** *
 327:Generated_Source\PSoC5/ISR_Bouton_3.c **** *******************************************************************************/
 328:Generated_Source\PSoC5/ISR_Bouton_3.c **** uint8 ISR_Bouton_3_GetState(void)
 329:Generated_Source\PSoC5/ISR_Bouton_3.c **** {
 189              		.loc 1 329 0
 190              		.cfi_startproc
 191              		@ args = 0, pretend = 0, frame = 0
 192              		@ frame_needed = 0, uses_anonymous_args = 0
 193              		@ link register save eliminated.
 330:Generated_Source\PSoC5/ISR_Bouton_3.c ****     /* Get the state of the general interrupt. */
 331:Generated_Source\PSoC5/ISR_Bouton_3.c ****     return ((*ISR_Bouton_3_INTC_SET_EN & (uint32)ISR_Bouton_3__INTC_MASK) != 0u) ? 1u:0u;
 194              		.loc 1 331 0
 195 0000 044B     		ldr	r3, .L22
 196 0002 1B68     		ldr	r3, [r3]
 197 0004 13F0040F 		tst	r3, #4
 198 0008 01D0     		beq	.L21
 199 000a 0120     		movs	r0, #1
 200 000c 7047     		bx	lr
 201              	.L21:
 202 000e 0020     		movs	r0, #0
 332:Generated_Source\PSoC5/ISR_Bouton_3.c **** }
 203              		.loc 1 332 0
 204 0010 7047     		bx	lr
 205              	.L23:
 206 0012 00BF     		.align	2
 207              	.L22:
 208 0014 00E100E0 		.word	-536813312
 209              		.cfi_endproc
 210              	.LFE9:
 211              		.size	ISR_Bouton_3_GetState, .-ISR_Bouton_3_GetState
 212              		.section	.text.ISR_Bouton_3_Disable,"ax",%progbits
 213              		.align	2
 214              		.global	ISR_Bouton_3_Disable
 215              		.thumb
 216              		.thumb_func
 217              		.type	ISR_Bouton_3_Disable, %function
 218              	ISR_Bouton_3_Disable:
 219              	.LFB10:
 333:Generated_Source\PSoC5/ISR_Bouton_3.c **** 
 334:Generated_Source\PSoC5/ISR_Bouton_3.c **** 
 335:Generated_Source\PSoC5/ISR_Bouton_3.c **** /*******************************************************************************
 336:Generated_Source\PSoC5/ISR_Bouton_3.c **** * Function Name: ISR_Bouton_3_Disable
 337:Generated_Source\PSoC5/ISR_Bouton_3.c **** ********************************************************************************
 338:Generated_Source\PSoC5/ISR_Bouton_3.c **** *
 339:Generated_Source\PSoC5/ISR_Bouton_3.c **** * Summary:
 340:Generated_Source\PSoC5/ISR_Bouton_3.c **** *   Disables the Interrupt in the interrupt controller.
 341:Generated_Source\PSoC5/ISR_Bouton_3.c **** *
 342:Generated_Source\PSoC5/ISR_Bouton_3.c **** * Parameters:
 343:Generated_Source\PSoC5/ISR_Bouton_3.c **** *   None
 344:Generated_Source\PSoC5/ISR_Bouton_3.c **** *
 345:Generated_Source\PSoC5/ISR_Bouton_3.c **** * Return:
 346:Generated_Source\PSoC5/ISR_Bouton_3.c **** *   None
 347:Generated_Source\PSoC5/ISR_Bouton_3.c **** *
 348:Generated_Source\PSoC5/ISR_Bouton_3.c **** *******************************************************************************/
 349:Generated_Source\PSoC5/ISR_Bouton_3.c **** void ISR_Bouton_3_Disable(void)
 350:Generated_Source\PSoC5/ISR_Bouton_3.c **** {
 220              		.loc 1 350 0
ARM GAS  C:\Users\etudiant\AppData\Local\Temp\cc46LGAl.s 			page 11


 221              		.cfi_startproc
 222              		@ args = 0, pretend = 0, frame = 0
 223              		@ frame_needed = 0, uses_anonymous_args = 0
 224              		@ link register save eliminated.
 351:Generated_Source\PSoC5/ISR_Bouton_3.c ****     /* Disable the general interrupt. */
 352:Generated_Source\PSoC5/ISR_Bouton_3.c ****     *ISR_Bouton_3_INTC_CLR_EN = ISR_Bouton_3__INTC_MASK;
 225              		.loc 1 352 0
 226 0000 0422     		movs	r2, #4
 227 0002 014B     		ldr	r3, .L25
 228 0004 1A60     		str	r2, [r3]
 229 0006 7047     		bx	lr
 230              	.L26:
 231              		.align	2
 232              	.L25:
 233 0008 80E100E0 		.word	-536813184
 234              		.cfi_endproc
 235              	.LFE10:
 236              		.size	ISR_Bouton_3_Disable, .-ISR_Bouton_3_Disable
 237              		.section	.text.ISR_Bouton_3_Start,"ax",%progbits
 238              		.align	2
 239              		.global	ISR_Bouton_3_Start
 240              		.thumb
 241              		.thumb_func
 242              		.type	ISR_Bouton_3_Start, %function
 243              	ISR_Bouton_3_Start:
 244              	.LFB0:
  62:Generated_Source\PSoC5/ISR_Bouton_3.c ****     /* For all we know the interrupt is active. */
 245              		.loc 1 62 0
 246              		.cfi_startproc
 247              		@ args = 0, pretend = 0, frame = 0
 248              		@ frame_needed = 0, uses_anonymous_args = 0
 249 0000 08B5     		push	{r3, lr}
 250              		.cfi_def_cfa_offset 8
 251              		.cfi_offset 3, -8
 252              		.cfi_offset 14, -4
  64:Generated_Source\PSoC5/ISR_Bouton_3.c **** 
 253              		.loc 1 64 0
 254 0002 FFF7FEFF 		bl	ISR_Bouton_3_Disable
 255              	.LVL7:
  67:Generated_Source\PSoC5/ISR_Bouton_3.c **** 
 256              		.loc 1 67 0
 257 0006 0448     		ldr	r0, .L29
 258 0008 FFF7FEFF 		bl	ISR_Bouton_3_SetVector
 259              	.LVL8:
  70:Generated_Source\PSoC5/ISR_Bouton_3.c **** 
 260              		.loc 1 70 0
 261 000c 0020     		movs	r0, #0
 262 000e FFF7FEFF 		bl	ISR_Bouton_3_SetPriority
 263              	.LVL9:
  73:Generated_Source\PSoC5/ISR_Bouton_3.c **** }
 264              		.loc 1 73 0
 265 0012 FFF7FEFF 		bl	ISR_Bouton_3_Enable
 266              	.LVL10:
 267 0016 08BD     		pop	{r3, pc}
 268              	.L30:
 269              		.align	2
 270              	.L29:
ARM GAS  C:\Users\etudiant\AppData\Local\Temp\cc46LGAl.s 			page 12


 271 0018 00000000 		.word	ISR_Bouton_3_Interrupt
 272              		.cfi_endproc
 273              	.LFE0:
 274              		.size	ISR_Bouton_3_Start, .-ISR_Bouton_3_Start
 275              		.section	.text.ISR_Bouton_3_StartEx,"ax",%progbits
 276              		.align	2
 277              		.global	ISR_Bouton_3_StartEx
 278              		.thumb
 279              		.thumb_func
 280              		.type	ISR_Bouton_3_StartEx, %function
 281              	ISR_Bouton_3_StartEx:
 282              	.LFB1:
 105:Generated_Source\PSoC5/ISR_Bouton_3.c ****     /* For all we know the interrupt is active. */
 283              		.loc 1 105 0
 284              		.cfi_startproc
 285              		@ args = 0, pretend = 0, frame = 0
 286              		@ frame_needed = 0, uses_anonymous_args = 0
 287              	.LVL11:
 288 0000 10B5     		push	{r4, lr}
 289              		.cfi_def_cfa_offset 8
 290              		.cfi_offset 4, -8
 291              		.cfi_offset 14, -4
 292 0002 0446     		mov	r4, r0
 107:Generated_Source\PSoC5/ISR_Bouton_3.c **** 
 293              		.loc 1 107 0
 294 0004 FFF7FEFF 		bl	ISR_Bouton_3_Disable
 295              	.LVL12:
 110:Generated_Source\PSoC5/ISR_Bouton_3.c **** 
 296              		.loc 1 110 0
 297 0008 2046     		mov	r0, r4
 298 000a FFF7FEFF 		bl	ISR_Bouton_3_SetVector
 299              	.LVL13:
 113:Generated_Source\PSoC5/ISR_Bouton_3.c **** 
 300              		.loc 1 113 0
 301 000e 0020     		movs	r0, #0
 302 0010 FFF7FEFF 		bl	ISR_Bouton_3_SetPriority
 303              	.LVL14:
 116:Generated_Source\PSoC5/ISR_Bouton_3.c **** }
 304              		.loc 1 116 0
 305 0014 FFF7FEFF 		bl	ISR_Bouton_3_Enable
 306              	.LVL15:
 307 0018 10BD     		pop	{r4, pc}
 308              		.cfi_endproc
 309              	.LFE1:
 310              		.size	ISR_Bouton_3_StartEx, .-ISR_Bouton_3_StartEx
 311 001a 00BF     		.section	.text.ISR_Bouton_3_Stop,"ax",%progbits
 312              		.align	2
 313              		.global	ISR_Bouton_3_Stop
 314              		.thumb
 315              		.thumb_func
 316              		.type	ISR_Bouton_3_Stop, %function
 317              	ISR_Bouton_3_Stop:
 318              	.LFB2:
 135:Generated_Source\PSoC5/ISR_Bouton_3.c ****     /* Disable this interrupt. */
 319              		.loc 1 135 0
 320              		.cfi_startproc
 321              		@ args = 0, pretend = 0, frame = 0
ARM GAS  C:\Users\etudiant\AppData\Local\Temp\cc46LGAl.s 			page 13


 322              		@ frame_needed = 0, uses_anonymous_args = 0
 323 0000 08B5     		push	{r3, lr}
 324              		.cfi_def_cfa_offset 8
 325              		.cfi_offset 3, -8
 326              		.cfi_offset 14, -4
 137:Generated_Source\PSoC5/ISR_Bouton_3.c **** 
 327              		.loc 1 137 0
 328 0002 FFF7FEFF 		bl	ISR_Bouton_3_Disable
 329              	.LVL16:
 140:Generated_Source\PSoC5/ISR_Bouton_3.c **** }
 330              		.loc 1 140 0
 331 0006 0248     		ldr	r0, .L35
 332 0008 FFF7FEFF 		bl	ISR_Bouton_3_SetVector
 333              	.LVL17:
 334 000c 08BD     		pop	{r3, pc}
 335              	.L36:
 336 000e 00BF     		.align	2
 337              	.L35:
 338 0010 00000000 		.word	IntDefaultHandler
 339              		.cfi_endproc
 340              	.LFE2:
 341              		.size	ISR_Bouton_3_Stop, .-ISR_Bouton_3_Stop
 342              		.section	.text.ISR_Bouton_3_SetPending,"ax",%progbits
 343              		.align	2
 344              		.global	ISR_Bouton_3_SetPending
 345              		.thumb
 346              		.thumb_func
 347              		.type	ISR_Bouton_3_SetPending, %function
 348              	ISR_Bouton_3_SetPending:
 349              	.LFB11:
 353:Generated_Source\PSoC5/ISR_Bouton_3.c **** }
 354:Generated_Source\PSoC5/ISR_Bouton_3.c **** 
 355:Generated_Source\PSoC5/ISR_Bouton_3.c **** 
 356:Generated_Source\PSoC5/ISR_Bouton_3.c **** /*******************************************************************************
 357:Generated_Source\PSoC5/ISR_Bouton_3.c **** * Function Name: ISR_Bouton_3_SetPending
 358:Generated_Source\PSoC5/ISR_Bouton_3.c **** ********************************************************************************
 359:Generated_Source\PSoC5/ISR_Bouton_3.c **** *
 360:Generated_Source\PSoC5/ISR_Bouton_3.c **** * Summary:
 361:Generated_Source\PSoC5/ISR_Bouton_3.c **** *   Causes the Interrupt to enter the pending state, a software method of
 362:Generated_Source\PSoC5/ISR_Bouton_3.c **** *   generating the interrupt.
 363:Generated_Source\PSoC5/ISR_Bouton_3.c **** *
 364:Generated_Source\PSoC5/ISR_Bouton_3.c **** * Parameters:
 365:Generated_Source\PSoC5/ISR_Bouton_3.c **** *   None
 366:Generated_Source\PSoC5/ISR_Bouton_3.c **** *
 367:Generated_Source\PSoC5/ISR_Bouton_3.c **** * Return:
 368:Generated_Source\PSoC5/ISR_Bouton_3.c **** *   None
 369:Generated_Source\PSoC5/ISR_Bouton_3.c **** *
 370:Generated_Source\PSoC5/ISR_Bouton_3.c **** * Side Effects:
 371:Generated_Source\PSoC5/ISR_Bouton_3.c **** *   If interrupts are enabled and the interrupt is set up properly, the ISR is
 372:Generated_Source\PSoC5/ISR_Bouton_3.c **** *   entered (depending on the priority of this interrupt and other pending 
 373:Generated_Source\PSoC5/ISR_Bouton_3.c **** *   interrupts).
 374:Generated_Source\PSoC5/ISR_Bouton_3.c **** *
 375:Generated_Source\PSoC5/ISR_Bouton_3.c **** *******************************************************************************/
 376:Generated_Source\PSoC5/ISR_Bouton_3.c **** void ISR_Bouton_3_SetPending(void)
 377:Generated_Source\PSoC5/ISR_Bouton_3.c **** {
 350              		.loc 1 377 0
 351              		.cfi_startproc
ARM GAS  C:\Users\etudiant\AppData\Local\Temp\cc46LGAl.s 			page 14


 352              		@ args = 0, pretend = 0, frame = 0
 353              		@ frame_needed = 0, uses_anonymous_args = 0
 354              		@ link register save eliminated.
 378:Generated_Source\PSoC5/ISR_Bouton_3.c ****     *ISR_Bouton_3_INTC_SET_PD = ISR_Bouton_3__INTC_MASK;
 355              		.loc 1 378 0
 356 0000 0422     		movs	r2, #4
 357 0002 014B     		ldr	r3, .L38
 358 0004 1A60     		str	r2, [r3]
 359 0006 7047     		bx	lr
 360              	.L39:
 361              		.align	2
 362              	.L38:
 363 0008 00E200E0 		.word	-536813056
 364              		.cfi_endproc
 365              	.LFE11:
 366              		.size	ISR_Bouton_3_SetPending, .-ISR_Bouton_3_SetPending
 367              		.section	.text.ISR_Bouton_3_ClearPending,"ax",%progbits
 368              		.align	2
 369              		.global	ISR_Bouton_3_ClearPending
 370              		.thumb
 371              		.thumb_func
 372              		.type	ISR_Bouton_3_ClearPending, %function
 373              	ISR_Bouton_3_ClearPending:
 374              	.LFB12:
 379:Generated_Source\PSoC5/ISR_Bouton_3.c **** }
 380:Generated_Source\PSoC5/ISR_Bouton_3.c **** 
 381:Generated_Source\PSoC5/ISR_Bouton_3.c **** 
 382:Generated_Source\PSoC5/ISR_Bouton_3.c **** /*******************************************************************************
 383:Generated_Source\PSoC5/ISR_Bouton_3.c **** * Function Name: ISR_Bouton_3_ClearPending
 384:Generated_Source\PSoC5/ISR_Bouton_3.c **** ********************************************************************************
 385:Generated_Source\PSoC5/ISR_Bouton_3.c **** *
 386:Generated_Source\PSoC5/ISR_Bouton_3.c **** * Summary:
 387:Generated_Source\PSoC5/ISR_Bouton_3.c **** *   Clears a pending interrupt in the interrupt controller.
 388:Generated_Source\PSoC5/ISR_Bouton_3.c **** *
 389:Generated_Source\PSoC5/ISR_Bouton_3.c **** *   Note Some interrupt sources are clear-on-read and require the block 
 390:Generated_Source\PSoC5/ISR_Bouton_3.c **** *   interrupt/status register to be read/cleared with the appropriate block API 
 391:Generated_Source\PSoC5/ISR_Bouton_3.c **** *   (GPIO, UART, and so on). Otherwise the ISR will continue to remain in 
 392:Generated_Source\PSoC5/ISR_Bouton_3.c **** *   pending state even though the interrupt itself is cleared using this API.
 393:Generated_Source\PSoC5/ISR_Bouton_3.c **** *
 394:Generated_Source\PSoC5/ISR_Bouton_3.c **** * Parameters:
 395:Generated_Source\PSoC5/ISR_Bouton_3.c **** *   None
 396:Generated_Source\PSoC5/ISR_Bouton_3.c **** *
 397:Generated_Source\PSoC5/ISR_Bouton_3.c **** * Return:
 398:Generated_Source\PSoC5/ISR_Bouton_3.c **** *   None
 399:Generated_Source\PSoC5/ISR_Bouton_3.c **** *
 400:Generated_Source\PSoC5/ISR_Bouton_3.c **** *******************************************************************************/
 401:Generated_Source\PSoC5/ISR_Bouton_3.c **** void ISR_Bouton_3_ClearPending(void)
 402:Generated_Source\PSoC5/ISR_Bouton_3.c **** {
 375              		.loc 1 402 0
 376              		.cfi_startproc
 377              		@ args = 0, pretend = 0, frame = 0
 378              		@ frame_needed = 0, uses_anonymous_args = 0
 379              		@ link register save eliminated.
 403:Generated_Source\PSoC5/ISR_Bouton_3.c ****     *ISR_Bouton_3_INTC_CLR_PD = ISR_Bouton_3__INTC_MASK;
 380              		.loc 1 403 0
 381 0000 0422     		movs	r2, #4
 382 0002 014B     		ldr	r3, .L41
ARM GAS  C:\Users\etudiant\AppData\Local\Temp\cc46LGAl.s 			page 15


 383 0004 1A60     		str	r2, [r3]
 384 0006 7047     		bx	lr
 385              	.L42:
 386              		.align	2
 387              	.L41:
 388 0008 80E200E0 		.word	-536812928
 389              		.cfi_endproc
 390              	.LFE12:
 391              		.size	ISR_Bouton_3_ClearPending, .-ISR_Bouton_3_ClearPending
 392              		.text
 393              	.Letext0:
 394              		.file 2 "Generated_Source\\PSoC5/cytypes.h"
 395              		.section	.debug_info,"",%progbits
 396              	.Ldebug_info0:
 397 0000 D9020000 		.4byte	0x2d9
 398 0004 0400     		.2byte	0x4
 399 0006 00000000 		.4byte	.Ldebug_abbrev0
 400 000a 04       		.byte	0x4
 401 000b 01       		.uleb128 0x1
 402 000c CA010000 		.4byte	.LASF34
 403 0010 0C       		.byte	0xc
 404 0011 CB020000 		.4byte	.LASF35
 405 0015 72000000 		.4byte	.LASF36
 406 0019 00000000 		.4byte	.Ldebug_ranges0+0
 407 001d 00000000 		.4byte	0
 408 0021 00000000 		.4byte	.Ldebug_line0
 409 0025 02       		.uleb128 0x2
 410 0026 04       		.byte	0x4
 411 0027 05       		.byte	0x5
 412 0028 696E7400 		.ascii	"int\000"
 413 002c 03       		.uleb128 0x3
 414 002d 04       		.byte	0x4
 415 002e 07       		.byte	0x7
 416 002f 91010000 		.4byte	.LASF0
 417 0033 03       		.uleb128 0x3
 418 0034 08       		.byte	0x8
 419 0035 05       		.byte	0x5
 420 0036 61020000 		.4byte	.LASF1
 421 003a 03       		.uleb128 0x3
 422 003b 08       		.byte	0x8
 423 003c 04       		.byte	0x4
 424 003d BF020000 		.4byte	.LASF2
 425 0041 03       		.uleb128 0x3
 426 0042 01       		.byte	0x1
 427 0043 06       		.byte	0x6
 428 0044 F1020000 		.4byte	.LASF3
 429 0048 03       		.uleb128 0x3
 430 0049 01       		.byte	0x1
 431 004a 08       		.byte	0x8
 432 004b 23010000 		.4byte	.LASF4
 433 004f 03       		.uleb128 0x3
 434 0050 02       		.byte	0x2
 435 0051 05       		.byte	0x5
 436 0052 94020000 		.4byte	.LASF5
 437 0056 03       		.uleb128 0x3
 438 0057 02       		.byte	0x2
 439 0058 07       		.byte	0x7
ARM GAS  C:\Users\etudiant\AppData\Local\Temp\cc46LGAl.s 			page 16


 440 0059 5F000000 		.4byte	.LASF6
 441 005d 03       		.uleb128 0x3
 442 005e 04       		.byte	0x4
 443 005f 05       		.byte	0x5
 444 0060 B1020000 		.4byte	.LASF7
 445 0064 03       		.uleb128 0x3
 446 0065 04       		.byte	0x4
 447 0066 07       		.byte	0x7
 448 0067 4B010000 		.4byte	.LASF8
 449 006b 03       		.uleb128 0x3
 450 006c 08       		.byte	0x8
 451 006d 07       		.byte	0x7
 452 006e A6010000 		.4byte	.LASF9
 453 0072 03       		.uleb128 0x3
 454 0073 04       		.byte	0x4
 455 0074 07       		.byte	0x7
 456 0075 58020000 		.4byte	.LASF10
 457 0079 03       		.uleb128 0x3
 458 007a 01       		.byte	0x1
 459 007b 08       		.byte	0x8
 460 007c BA020000 		.4byte	.LASF11
 461 0080 04       		.uleb128 0x4
 462 0081 04       		.byte	0x4
 463 0082 86000000 		.4byte	0x86
 464 0086 05       		.uleb128 0x5
 465 0087 06       		.uleb128 0x6
 466 0088 5D010000 		.4byte	.LASF12
 467 008c 02       		.byte	0x2
 468 008d E401     		.2byte	0x1e4
 469 008f 48000000 		.4byte	0x48
 470 0093 06       		.uleb128 0x6
 471 0094 73010000 		.4byte	.LASF13
 472 0098 02       		.byte	0x2
 473 0099 E601     		.2byte	0x1e6
 474 009b 64000000 		.4byte	0x64
 475 009f 03       		.uleb128 0x3
 476 00a0 04       		.byte	0x4
 477 00a1 04       		.byte	0x4
 478 00a2 04010000 		.4byte	.LASF14
 479 00a6 03       		.uleb128 0x3
 480 00a7 08       		.byte	0x8
 481 00a8 04       		.byte	0x4
 482 00a9 6C010000 		.4byte	.LASF15
 483 00ad 06       		.uleb128 0x6
 484 00ae 46010000 		.4byte	.LASF16
 485 00b2 02       		.byte	0x2
 486 00b3 8E02     		.2byte	0x28e
 487 00b5 B9000000 		.4byte	0xb9
 488 00b9 07       		.uleb128 0x7
 489 00ba 87000000 		.4byte	0x87
 490 00be 06       		.uleb128 0x6
 491 00bf 19000000 		.4byte	.LASF17
 492 00c3 02       		.byte	0x2
 493 00c4 9002     		.2byte	0x290
 494 00c6 CA000000 		.4byte	0xca
 495 00ca 07       		.uleb128 0x7
 496 00cb 93000000 		.4byte	0x93
ARM GAS  C:\Users\etudiant\AppData\Local\Temp\cc46LGAl.s 			page 17


 497 00cf 06       		.uleb128 0x6
 498 00d0 BD010000 		.4byte	.LASF18
 499 00d4 02       		.byte	0x2
 500 00d5 A002     		.2byte	0x2a0
 501 00d7 80000000 		.4byte	0x80
 502 00db 08       		.uleb128 0x8
 503 00dc 34000000 		.4byte	.LASF26
 504 00e0 01       		.byte	0x1
 505 00e1 A0       		.byte	0xa0
 506 00e2 00000000 		.4byte	.LFB3
 507 00e6 0C000000 		.4byte	.LFE3-.LFB3
 508 00ea 01       		.uleb128 0x1
 509 00eb 9C       		.byte	0x9c
 510 00ec 09       		.uleb128 0x9
 511 00ed A9000000 		.4byte	.LASF20
 512 00f1 01       		.byte	0x1
 513 00f2 C8       		.byte	0xc8
 514 00f3 00000000 		.4byte	.LFB4
 515 00f7 0C000000 		.4byte	.LFE4-.LFB4
 516 00fb 01       		.uleb128 0x1
 517 00fc 9C       		.byte	0x9c
 518 00fd 1C010000 		.4byte	0x11c
 519 0101 0A       		.uleb128 0xa
 520 0102 9E010000 		.4byte	.LASF22
 521 0106 01       		.byte	0x1
 522 0107 C8       		.byte	0xc8
 523 0108 CF000000 		.4byte	0xcf
 524 010c 01       		.uleb128 0x1
 525 010d 50       		.byte	0x50
 526 010e 0B       		.uleb128 0xb
 527 010f 85020000 		.4byte	.LASF19
 528 0113 01       		.byte	0x1
 529 0114 CA       		.byte	0xca
 530 0115 1C010000 		.4byte	0x11c
 531 0119 01       		.uleb128 0x1
 532 011a 53       		.byte	0x53
 533 011b 00       		.byte	0
 534 011c 04       		.uleb128 0x4
 535 011d 04       		.byte	0x4
 536 011e CF000000 		.4byte	0xcf
 537 0122 0C       		.uleb128 0xc
 538 0123 7A010000 		.4byte	.LASF24
 539 0127 01       		.byte	0x1
 540 0128 E0       		.byte	0xe0
 541 0129 CF000000 		.4byte	0xcf
 542 012d 00000000 		.4byte	.LFB5
 543 0131 0C000000 		.4byte	.LFE5-.LFB5
 544 0135 01       		.uleb128 0x1
 545 0136 9C       		.byte	0x9c
 546 0137 49010000 		.4byte	0x149
 547 013b 0B       		.uleb128 0xb
 548 013c 85020000 		.4byte	.LASF19
 549 0140 01       		.byte	0x1
 550 0141 E2       		.byte	0xe2
 551 0142 1C010000 		.4byte	0x11c
 552 0146 01       		.uleb128 0x1
 553 0147 53       		.byte	0x53
ARM GAS  C:\Users\etudiant\AppData\Local\Temp\cc46LGAl.s 			page 18


 554 0148 00       		.byte	0
 555 0149 0D       		.uleb128 0xd
 556 014a 0A010000 		.4byte	.LASF21
 557 014e 01       		.byte	0x1
 558 014f 0201     		.2byte	0x102
 559 0151 00000000 		.4byte	.LFB6
 560 0155 10000000 		.4byte	.LFE6-.LFB6
 561 0159 01       		.uleb128 0x1
 562 015a 9C       		.byte	0x9c
 563 015b 70010000 		.4byte	0x170
 564 015f 0E       		.uleb128 0xe
 565 0160 63010000 		.4byte	.LASF23
 566 0164 01       		.byte	0x1
 567 0165 0201     		.2byte	0x102
 568 0167 87000000 		.4byte	0x87
 569 016b 00000000 		.4byte	.LLST0
 570 016f 00       		.byte	0
 571 0170 0F       		.uleb128 0xf
 572 0171 00000000 		.4byte	.LASF25
 573 0175 01       		.byte	0x1
 574 0176 1801     		.2byte	0x118
 575 0178 87000000 		.4byte	0x87
 576 017c 00000000 		.4byte	.LFB7
 577 0180 0C000000 		.4byte	.LFE7-.LFB7
 578 0184 01       		.uleb128 0x1
 579 0185 9C       		.byte	0x9c
 580 0186 9B010000 		.4byte	0x19b
 581 018a 10       		.uleb128 0x10
 582 018b 63010000 		.4byte	.LASF23
 583 018f 01       		.byte	0x1
 584 0190 1A01     		.2byte	0x11a
 585 0192 87000000 		.4byte	0x87
 586 0196 21000000 		.4byte	.LLST1
 587 019a 00       		.byte	0
 588 019b 11       		.uleb128 0x11
 589 019c 4B000000 		.4byte	.LASF27
 590 01a0 01       		.byte	0x1
 591 01a1 3301     		.2byte	0x133
 592 01a3 00000000 		.4byte	.LFB8
 593 01a7 0C000000 		.4byte	.LFE8-.LFB8
 594 01ab 01       		.uleb128 0x1
 595 01ac 9C       		.byte	0x9c
 596 01ad 12       		.uleb128 0x12
 597 01ae 6F020000 		.4byte	.LASF37
 598 01b2 01       		.byte	0x1
 599 01b3 4801     		.2byte	0x148
 600 01b5 87000000 		.4byte	0x87
 601 01b9 00000000 		.4byte	.LFB9
 602 01bd 18000000 		.4byte	.LFE9-.LFB9
 603 01c1 01       		.uleb128 0x1
 604 01c2 9C       		.byte	0x9c
 605 01c3 11       		.uleb128 0x11
 606 01c4 31010000 		.4byte	.LASF28
 607 01c8 01       		.byte	0x1
 608 01c9 5D01     		.2byte	0x15d
 609 01cb 00000000 		.4byte	.LFB10
 610 01cf 0C000000 		.4byte	.LFE10-.LFB10
ARM GAS  C:\Users\etudiant\AppData\Local\Temp\cc46LGAl.s 			page 19


 611 01d3 01       		.uleb128 0x1
 612 01d4 9C       		.byte	0x9c
 613 01d5 09       		.uleb128 0x9
 614 01d6 9E020000 		.4byte	.LASF29
 615 01da 01       		.byte	0x1
 616 01db 3D       		.byte	0x3d
 617 01dc 00000000 		.4byte	.LFB0
 618 01e0 1C000000 		.4byte	.LFE0-.LFB0
 619 01e4 01       		.uleb128 0x1
 620 01e5 9C       		.byte	0x9c
 621 01e6 27020000 		.4byte	0x227
 622 01ea 13       		.uleb128 0x13
 623 01eb 06000000 		.4byte	.LVL7
 624 01ef C3010000 		.4byte	0x1c3
 625 01f3 14       		.uleb128 0x14
 626 01f4 0C000000 		.4byte	.LVL8
 627 01f8 EC000000 		.4byte	0xec
 628 01fc 0A020000 		.4byte	0x20a
 629 0200 15       		.uleb128 0x15
 630 0201 01       		.uleb128 0x1
 631 0202 50       		.byte	0x50
 632 0203 05       		.uleb128 0x5
 633 0204 03       		.byte	0x3
 634 0205 00000000 		.4byte	ISR_Bouton_3_Interrupt
 635 0209 00       		.byte	0
 636 020a 14       		.uleb128 0x14
 637 020b 12000000 		.4byte	.LVL9
 638 020f 49010000 		.4byte	0x149
 639 0213 1D020000 		.4byte	0x21d
 640 0217 15       		.uleb128 0x15
 641 0218 01       		.uleb128 0x1
 642 0219 50       		.byte	0x50
 643 021a 01       		.uleb128 0x1
 644 021b 30       		.byte	0x30
 645 021c 00       		.byte	0
 646 021d 13       		.uleb128 0x13
 647 021e 16000000 		.4byte	.LVL10
 648 0222 9B010000 		.4byte	0x19b
 649 0226 00       		.byte	0
 650 0227 09       		.uleb128 0x9
 651 0228 1F000000 		.4byte	.LASF30
 652 022c 01       		.byte	0x1
 653 022d 68       		.byte	0x68
 654 022e 00000000 		.4byte	.LFB1
 655 0232 1A000000 		.4byte	.LFE1-.LFB1
 656 0236 01       		.uleb128 0x1
 657 0237 9C       		.byte	0x9c
 658 0238 85020000 		.4byte	0x285
 659 023c 16       		.uleb128 0x16
 660 023d 9E010000 		.4byte	.LASF22
 661 0241 01       		.byte	0x1
 662 0242 68       		.byte	0x68
 663 0243 CF000000 		.4byte	0xcf
 664 0247 38000000 		.4byte	.LLST2
 665 024b 13       		.uleb128 0x13
 666 024c 08000000 		.4byte	.LVL12
 667 0250 C3010000 		.4byte	0x1c3
ARM GAS  C:\Users\etudiant\AppData\Local\Temp\cc46LGAl.s 			page 20


 668 0254 14       		.uleb128 0x14
 669 0255 0E000000 		.4byte	.LVL13
 670 0259 EC000000 		.4byte	0xec
 671 025d 68020000 		.4byte	0x268
 672 0261 15       		.uleb128 0x15
 673 0262 01       		.uleb128 0x1
 674 0263 50       		.byte	0x50
 675 0264 02       		.uleb128 0x2
 676 0265 74       		.byte	0x74
 677 0266 00       		.sleb128 0
 678 0267 00       		.byte	0
 679 0268 14       		.uleb128 0x14
 680 0269 14000000 		.4byte	.LVL14
 681 026d 49010000 		.4byte	0x149
 682 0271 7B020000 		.4byte	0x27b
 683 0275 15       		.uleb128 0x15
 684 0276 01       		.uleb128 0x1
 685 0277 50       		.byte	0x50
 686 0278 01       		.uleb128 0x1
 687 0279 30       		.byte	0x30
 688 027a 00       		.byte	0
 689 027b 13       		.uleb128 0x13
 690 027c 18000000 		.4byte	.LVL15
 691 0280 9B010000 		.4byte	0x19b
 692 0284 00       		.byte	0
 693 0285 09       		.uleb128 0x9
 694 0286 C0000000 		.4byte	.LASF31
 695 028a 01       		.byte	0x1
 696 028b 86       		.byte	0x86
 697 028c 00000000 		.4byte	.LFB2
 698 0290 14000000 		.4byte	.LFE2-.LFB2
 699 0294 01       		.uleb128 0x1
 700 0295 9C       		.byte	0x9c
 701 0296 AD020000 		.4byte	0x2ad
 702 029a 13       		.uleb128 0x13
 703 029b 06000000 		.4byte	.LVL16
 704 029f C3010000 		.4byte	0x1c3
 705 02a3 13       		.uleb128 0x13
 706 02a4 0C000000 		.4byte	.LVL17
 707 02a8 EC000000 		.4byte	0xec
 708 02ac 00       		.byte	0
 709 02ad 11       		.uleb128 0x11
 710 02ae EC000000 		.4byte	.LASF32
 711 02b2 01       		.byte	0x1
 712 02b3 7801     		.2byte	0x178
 713 02b5 00000000 		.4byte	.LFB11
 714 02b9 0C000000 		.4byte	.LFE11-.LFB11
 715 02bd 01       		.uleb128 0x1
 716 02be 9C       		.byte	0x9c
 717 02bf 11       		.uleb128 0x11
 718 02c0 D2000000 		.4byte	.LASF33
 719 02c4 01       		.byte	0x1
 720 02c5 9101     		.2byte	0x191
 721 02c7 00000000 		.4byte	.LFB12
 722 02cb 0C000000 		.4byte	.LFE12-.LFB12
 723 02cf 01       		.uleb128 0x1
 724 02d0 9C       		.byte	0x9c
ARM GAS  C:\Users\etudiant\AppData\Local\Temp\cc46LGAl.s 			page 21


 725 02d1 17       		.uleb128 0x17
 726 02d2 FD020000 		.4byte	.LASF38
 727 02d6 01       		.byte	0x1
 728 02d7 1E       		.byte	0x1e
 729 02d8 87000000 		.4byte	0x87
 730 02dc 00       		.byte	0
 731              		.section	.debug_abbrev,"",%progbits
 732              	.Ldebug_abbrev0:
 733 0000 01       		.uleb128 0x1
 734 0001 11       		.uleb128 0x11
 735 0002 01       		.byte	0x1
 736 0003 25       		.uleb128 0x25
 737 0004 0E       		.uleb128 0xe
 738 0005 13       		.uleb128 0x13
 739 0006 0B       		.uleb128 0xb
 740 0007 03       		.uleb128 0x3
 741 0008 0E       		.uleb128 0xe
 742 0009 1B       		.uleb128 0x1b
 743 000a 0E       		.uleb128 0xe
 744 000b 55       		.uleb128 0x55
 745 000c 17       		.uleb128 0x17
 746 000d 11       		.uleb128 0x11
 747 000e 01       		.uleb128 0x1
 748 000f 10       		.uleb128 0x10
 749 0010 17       		.uleb128 0x17
 750 0011 00       		.byte	0
 751 0012 00       		.byte	0
 752 0013 02       		.uleb128 0x2
 753 0014 24       		.uleb128 0x24
 754 0015 00       		.byte	0
 755 0016 0B       		.uleb128 0xb
 756 0017 0B       		.uleb128 0xb
 757 0018 3E       		.uleb128 0x3e
 758 0019 0B       		.uleb128 0xb
 759 001a 03       		.uleb128 0x3
 760 001b 08       		.uleb128 0x8
 761 001c 00       		.byte	0
 762 001d 00       		.byte	0
 763 001e 03       		.uleb128 0x3
 764 001f 24       		.uleb128 0x24
 765 0020 00       		.byte	0
 766 0021 0B       		.uleb128 0xb
 767 0022 0B       		.uleb128 0xb
 768 0023 3E       		.uleb128 0x3e
 769 0024 0B       		.uleb128 0xb
 770 0025 03       		.uleb128 0x3
 771 0026 0E       		.uleb128 0xe
 772 0027 00       		.byte	0
 773 0028 00       		.byte	0
 774 0029 04       		.uleb128 0x4
 775 002a 0F       		.uleb128 0xf
 776 002b 00       		.byte	0
 777 002c 0B       		.uleb128 0xb
 778 002d 0B       		.uleb128 0xb
 779 002e 49       		.uleb128 0x49
 780 002f 13       		.uleb128 0x13
 781 0030 00       		.byte	0
ARM GAS  C:\Users\etudiant\AppData\Local\Temp\cc46LGAl.s 			page 22


 782 0031 00       		.byte	0
 783 0032 05       		.uleb128 0x5
 784 0033 15       		.uleb128 0x15
 785 0034 00       		.byte	0
 786 0035 27       		.uleb128 0x27
 787 0036 19       		.uleb128 0x19
 788 0037 00       		.byte	0
 789 0038 00       		.byte	0
 790 0039 06       		.uleb128 0x6
 791 003a 16       		.uleb128 0x16
 792 003b 00       		.byte	0
 793 003c 03       		.uleb128 0x3
 794 003d 0E       		.uleb128 0xe
 795 003e 3A       		.uleb128 0x3a
 796 003f 0B       		.uleb128 0xb
 797 0040 3B       		.uleb128 0x3b
 798 0041 05       		.uleb128 0x5
 799 0042 49       		.uleb128 0x49
 800 0043 13       		.uleb128 0x13
 801 0044 00       		.byte	0
 802 0045 00       		.byte	0
 803 0046 07       		.uleb128 0x7
 804 0047 35       		.uleb128 0x35
 805 0048 00       		.byte	0
 806 0049 49       		.uleb128 0x49
 807 004a 13       		.uleb128 0x13
 808 004b 00       		.byte	0
 809 004c 00       		.byte	0
 810 004d 08       		.uleb128 0x8
 811 004e 2E       		.uleb128 0x2e
 812 004f 00       		.byte	0
 813 0050 3F       		.uleb128 0x3f
 814 0051 19       		.uleb128 0x19
 815 0052 03       		.uleb128 0x3
 816 0053 0E       		.uleb128 0xe
 817 0054 3A       		.uleb128 0x3a
 818 0055 0B       		.uleb128 0xb
 819 0056 3B       		.uleb128 0x3b
 820 0057 0B       		.uleb128 0xb
 821 0058 27       		.uleb128 0x27
 822 0059 19       		.uleb128 0x19
 823 005a 11       		.uleb128 0x11
 824 005b 01       		.uleb128 0x1
 825 005c 12       		.uleb128 0x12
 826 005d 06       		.uleb128 0x6
 827 005e 40       		.uleb128 0x40
 828 005f 18       		.uleb128 0x18
 829 0060 9742     		.uleb128 0x2117
 830 0062 19       		.uleb128 0x19
 831 0063 00       		.byte	0
 832 0064 00       		.byte	0
 833 0065 09       		.uleb128 0x9
 834 0066 2E       		.uleb128 0x2e
 835 0067 01       		.byte	0x1
 836 0068 3F       		.uleb128 0x3f
 837 0069 19       		.uleb128 0x19
 838 006a 03       		.uleb128 0x3
ARM GAS  C:\Users\etudiant\AppData\Local\Temp\cc46LGAl.s 			page 23


 839 006b 0E       		.uleb128 0xe
 840 006c 3A       		.uleb128 0x3a
 841 006d 0B       		.uleb128 0xb
 842 006e 3B       		.uleb128 0x3b
 843 006f 0B       		.uleb128 0xb
 844 0070 27       		.uleb128 0x27
 845 0071 19       		.uleb128 0x19
 846 0072 11       		.uleb128 0x11
 847 0073 01       		.uleb128 0x1
 848 0074 12       		.uleb128 0x12
 849 0075 06       		.uleb128 0x6
 850 0076 40       		.uleb128 0x40
 851 0077 18       		.uleb128 0x18
 852 0078 9742     		.uleb128 0x2117
 853 007a 19       		.uleb128 0x19
 854 007b 01       		.uleb128 0x1
 855 007c 13       		.uleb128 0x13
 856 007d 00       		.byte	0
 857 007e 00       		.byte	0
 858 007f 0A       		.uleb128 0xa
 859 0080 05       		.uleb128 0x5
 860 0081 00       		.byte	0
 861 0082 03       		.uleb128 0x3
 862 0083 0E       		.uleb128 0xe
 863 0084 3A       		.uleb128 0x3a
 864 0085 0B       		.uleb128 0xb
 865 0086 3B       		.uleb128 0x3b
 866 0087 0B       		.uleb128 0xb
 867 0088 49       		.uleb128 0x49
 868 0089 13       		.uleb128 0x13
 869 008a 02       		.uleb128 0x2
 870 008b 18       		.uleb128 0x18
 871 008c 00       		.byte	0
 872 008d 00       		.byte	0
 873 008e 0B       		.uleb128 0xb
 874 008f 34       		.uleb128 0x34
 875 0090 00       		.byte	0
 876 0091 03       		.uleb128 0x3
 877 0092 0E       		.uleb128 0xe
 878 0093 3A       		.uleb128 0x3a
 879 0094 0B       		.uleb128 0xb
 880 0095 3B       		.uleb128 0x3b
 881 0096 0B       		.uleb128 0xb
 882 0097 49       		.uleb128 0x49
 883 0098 13       		.uleb128 0x13
 884 0099 02       		.uleb128 0x2
 885 009a 18       		.uleb128 0x18
 886 009b 00       		.byte	0
 887 009c 00       		.byte	0
 888 009d 0C       		.uleb128 0xc
 889 009e 2E       		.uleb128 0x2e
 890 009f 01       		.byte	0x1
 891 00a0 3F       		.uleb128 0x3f
 892 00a1 19       		.uleb128 0x19
 893 00a2 03       		.uleb128 0x3
 894 00a3 0E       		.uleb128 0xe
 895 00a4 3A       		.uleb128 0x3a
ARM GAS  C:\Users\etudiant\AppData\Local\Temp\cc46LGAl.s 			page 24


 896 00a5 0B       		.uleb128 0xb
 897 00a6 3B       		.uleb128 0x3b
 898 00a7 0B       		.uleb128 0xb
 899 00a8 27       		.uleb128 0x27
 900 00a9 19       		.uleb128 0x19
 901 00aa 49       		.uleb128 0x49
 902 00ab 13       		.uleb128 0x13
 903 00ac 11       		.uleb128 0x11
 904 00ad 01       		.uleb128 0x1
 905 00ae 12       		.uleb128 0x12
 906 00af 06       		.uleb128 0x6
 907 00b0 40       		.uleb128 0x40
 908 00b1 18       		.uleb128 0x18
 909 00b2 9742     		.uleb128 0x2117
 910 00b4 19       		.uleb128 0x19
 911 00b5 01       		.uleb128 0x1
 912 00b6 13       		.uleb128 0x13
 913 00b7 00       		.byte	0
 914 00b8 00       		.byte	0
 915 00b9 0D       		.uleb128 0xd
 916 00ba 2E       		.uleb128 0x2e
 917 00bb 01       		.byte	0x1
 918 00bc 3F       		.uleb128 0x3f
 919 00bd 19       		.uleb128 0x19
 920 00be 03       		.uleb128 0x3
 921 00bf 0E       		.uleb128 0xe
 922 00c0 3A       		.uleb128 0x3a
 923 00c1 0B       		.uleb128 0xb
 924 00c2 3B       		.uleb128 0x3b
 925 00c3 05       		.uleb128 0x5
 926 00c4 27       		.uleb128 0x27
 927 00c5 19       		.uleb128 0x19
 928 00c6 11       		.uleb128 0x11
 929 00c7 01       		.uleb128 0x1
 930 00c8 12       		.uleb128 0x12
 931 00c9 06       		.uleb128 0x6
 932 00ca 40       		.uleb128 0x40
 933 00cb 18       		.uleb128 0x18
 934 00cc 9742     		.uleb128 0x2117
 935 00ce 19       		.uleb128 0x19
 936 00cf 01       		.uleb128 0x1
 937 00d0 13       		.uleb128 0x13
 938 00d1 00       		.byte	0
 939 00d2 00       		.byte	0
 940 00d3 0E       		.uleb128 0xe
 941 00d4 05       		.uleb128 0x5
 942 00d5 00       		.byte	0
 943 00d6 03       		.uleb128 0x3
 944 00d7 0E       		.uleb128 0xe
 945 00d8 3A       		.uleb128 0x3a
 946 00d9 0B       		.uleb128 0xb
 947 00da 3B       		.uleb128 0x3b
 948 00db 05       		.uleb128 0x5
 949 00dc 49       		.uleb128 0x49
 950 00dd 13       		.uleb128 0x13
 951 00de 02       		.uleb128 0x2
 952 00df 17       		.uleb128 0x17
ARM GAS  C:\Users\etudiant\AppData\Local\Temp\cc46LGAl.s 			page 25


 953 00e0 00       		.byte	0
 954 00e1 00       		.byte	0
 955 00e2 0F       		.uleb128 0xf
 956 00e3 2E       		.uleb128 0x2e
 957 00e4 01       		.byte	0x1
 958 00e5 3F       		.uleb128 0x3f
 959 00e6 19       		.uleb128 0x19
 960 00e7 03       		.uleb128 0x3
 961 00e8 0E       		.uleb128 0xe
 962 00e9 3A       		.uleb128 0x3a
 963 00ea 0B       		.uleb128 0xb
 964 00eb 3B       		.uleb128 0x3b
 965 00ec 05       		.uleb128 0x5
 966 00ed 27       		.uleb128 0x27
 967 00ee 19       		.uleb128 0x19
 968 00ef 49       		.uleb128 0x49
 969 00f0 13       		.uleb128 0x13
 970 00f1 11       		.uleb128 0x11
 971 00f2 01       		.uleb128 0x1
 972 00f3 12       		.uleb128 0x12
 973 00f4 06       		.uleb128 0x6
 974 00f5 40       		.uleb128 0x40
 975 00f6 18       		.uleb128 0x18
 976 00f7 9742     		.uleb128 0x2117
 977 00f9 19       		.uleb128 0x19
 978 00fa 01       		.uleb128 0x1
 979 00fb 13       		.uleb128 0x13
 980 00fc 00       		.byte	0
 981 00fd 00       		.byte	0
 982 00fe 10       		.uleb128 0x10
 983 00ff 34       		.uleb128 0x34
 984 0100 00       		.byte	0
 985 0101 03       		.uleb128 0x3
 986 0102 0E       		.uleb128 0xe
 987 0103 3A       		.uleb128 0x3a
 988 0104 0B       		.uleb128 0xb
 989 0105 3B       		.uleb128 0x3b
 990 0106 05       		.uleb128 0x5
 991 0107 49       		.uleb128 0x49
 992 0108 13       		.uleb128 0x13
 993 0109 02       		.uleb128 0x2
 994 010a 17       		.uleb128 0x17
 995 010b 00       		.byte	0
 996 010c 00       		.byte	0
 997 010d 11       		.uleb128 0x11
 998 010e 2E       		.uleb128 0x2e
 999 010f 00       		.byte	0
 1000 0110 3F       		.uleb128 0x3f
 1001 0111 19       		.uleb128 0x19
 1002 0112 03       		.uleb128 0x3
 1003 0113 0E       		.uleb128 0xe
 1004 0114 3A       		.uleb128 0x3a
 1005 0115 0B       		.uleb128 0xb
 1006 0116 3B       		.uleb128 0x3b
 1007 0117 05       		.uleb128 0x5
 1008 0118 27       		.uleb128 0x27
 1009 0119 19       		.uleb128 0x19
ARM GAS  C:\Users\etudiant\AppData\Local\Temp\cc46LGAl.s 			page 26


 1010 011a 11       		.uleb128 0x11
 1011 011b 01       		.uleb128 0x1
 1012 011c 12       		.uleb128 0x12
 1013 011d 06       		.uleb128 0x6
 1014 011e 40       		.uleb128 0x40
 1015 011f 18       		.uleb128 0x18
 1016 0120 9742     		.uleb128 0x2117
 1017 0122 19       		.uleb128 0x19
 1018 0123 00       		.byte	0
 1019 0124 00       		.byte	0
 1020 0125 12       		.uleb128 0x12
 1021 0126 2E       		.uleb128 0x2e
 1022 0127 00       		.byte	0
 1023 0128 3F       		.uleb128 0x3f
 1024 0129 19       		.uleb128 0x19
 1025 012a 03       		.uleb128 0x3
 1026 012b 0E       		.uleb128 0xe
 1027 012c 3A       		.uleb128 0x3a
 1028 012d 0B       		.uleb128 0xb
 1029 012e 3B       		.uleb128 0x3b
 1030 012f 05       		.uleb128 0x5
 1031 0130 27       		.uleb128 0x27
 1032 0131 19       		.uleb128 0x19
 1033 0132 49       		.uleb128 0x49
 1034 0133 13       		.uleb128 0x13
 1035 0134 11       		.uleb128 0x11
 1036 0135 01       		.uleb128 0x1
 1037 0136 12       		.uleb128 0x12
 1038 0137 06       		.uleb128 0x6
 1039 0138 40       		.uleb128 0x40
 1040 0139 18       		.uleb128 0x18
 1041 013a 9742     		.uleb128 0x2117
 1042 013c 19       		.uleb128 0x19
 1043 013d 00       		.byte	0
 1044 013e 00       		.byte	0
 1045 013f 13       		.uleb128 0x13
 1046 0140 898201   		.uleb128 0x4109
 1047 0143 00       		.byte	0
 1048 0144 11       		.uleb128 0x11
 1049 0145 01       		.uleb128 0x1
 1050 0146 31       		.uleb128 0x31
 1051 0147 13       		.uleb128 0x13
 1052 0148 00       		.byte	0
 1053 0149 00       		.byte	0
 1054 014a 14       		.uleb128 0x14
 1055 014b 898201   		.uleb128 0x4109
 1056 014e 01       		.byte	0x1
 1057 014f 11       		.uleb128 0x11
 1058 0150 01       		.uleb128 0x1
 1059 0151 31       		.uleb128 0x31
 1060 0152 13       		.uleb128 0x13
 1061 0153 01       		.uleb128 0x1
 1062 0154 13       		.uleb128 0x13
 1063 0155 00       		.byte	0
 1064 0156 00       		.byte	0
 1065 0157 15       		.uleb128 0x15
 1066 0158 8A8201   		.uleb128 0x410a
ARM GAS  C:\Users\etudiant\AppData\Local\Temp\cc46LGAl.s 			page 27


 1067 015b 00       		.byte	0
 1068 015c 02       		.uleb128 0x2
 1069 015d 18       		.uleb128 0x18
 1070 015e 9142     		.uleb128 0x2111
 1071 0160 18       		.uleb128 0x18
 1072 0161 00       		.byte	0
 1073 0162 00       		.byte	0
 1074 0163 16       		.uleb128 0x16
 1075 0164 05       		.uleb128 0x5
 1076 0165 00       		.byte	0
 1077 0166 03       		.uleb128 0x3
 1078 0167 0E       		.uleb128 0xe
 1079 0168 3A       		.uleb128 0x3a
 1080 0169 0B       		.uleb128 0xb
 1081 016a 3B       		.uleb128 0x3b
 1082 016b 0B       		.uleb128 0xb
 1083 016c 49       		.uleb128 0x49
 1084 016d 13       		.uleb128 0x13
 1085 016e 02       		.uleb128 0x2
 1086 016f 17       		.uleb128 0x17
 1087 0170 00       		.byte	0
 1088 0171 00       		.byte	0
 1089 0172 17       		.uleb128 0x17
 1090 0173 34       		.uleb128 0x34
 1091 0174 00       		.byte	0
 1092 0175 03       		.uleb128 0x3
 1093 0176 0E       		.uleb128 0xe
 1094 0177 3A       		.uleb128 0x3a
 1095 0178 0B       		.uleb128 0xb
 1096 0179 3B       		.uleb128 0x3b
 1097 017a 0B       		.uleb128 0xb
 1098 017b 49       		.uleb128 0x49
 1099 017c 13       		.uleb128 0x13
 1100 017d 3F       		.uleb128 0x3f
 1101 017e 19       		.uleb128 0x19
 1102 017f 3C       		.uleb128 0x3c
 1103 0180 19       		.uleb128 0x19
 1104 0181 00       		.byte	0
 1105 0182 00       		.byte	0
 1106 0183 00       		.byte	0
 1107              		.section	.debug_loc,"",%progbits
 1108              	.Ldebug_loc0:
 1109              	.LLST0:
 1110 0000 00000000 		.4byte	.LVL3
 1111 0004 02000000 		.4byte	.LVL4
 1112 0008 0100     		.2byte	0x1
 1113 000a 50       		.byte	0x50
 1114 000b 02000000 		.4byte	.LVL4
 1115 000f 10000000 		.4byte	.LFE6
 1116 0013 0400     		.2byte	0x4
 1117 0015 F3       		.byte	0xf3
 1118 0016 01       		.uleb128 0x1
 1119 0017 50       		.byte	0x50
 1120 0018 9F       		.byte	0x9f
 1121 0019 00000000 		.4byte	0
 1122 001d 00000000 		.4byte	0
 1123              	.LLST1:
ARM GAS  C:\Users\etudiant\AppData\Local\Temp\cc46LGAl.s 			page 28


 1124 0021 04000000 		.4byte	.LVL5
 1125 0025 06000000 		.4byte	.LVL6
 1126 0029 0500     		.2byte	0x5
 1127 002b 70       		.byte	0x70
 1128 002c 00       		.sleb128 0
 1129 002d 35       		.byte	0x35
 1130 002e 25       		.byte	0x25
 1131 002f 9F       		.byte	0x9f
 1132 0030 00000000 		.4byte	0
 1133 0034 00000000 		.4byte	0
 1134              	.LLST2:
 1135 0038 00000000 		.4byte	.LVL11
 1136 003c 07000000 		.4byte	.LVL12-1
 1137 0040 0100     		.2byte	0x1
 1138 0042 50       		.byte	0x50
 1139 0043 07000000 		.4byte	.LVL12-1
 1140 0047 1A000000 		.4byte	.LFE1
 1141 004b 0100     		.2byte	0x1
 1142 004d 54       		.byte	0x54
 1143 004e 00000000 		.4byte	0
 1144 0052 00000000 		.4byte	0
 1145              		.section	.debug_aranges,"",%progbits
 1146 0000 7C000000 		.4byte	0x7c
 1147 0004 0200     		.2byte	0x2
 1148 0006 00000000 		.4byte	.Ldebug_info0
 1149 000a 04       		.byte	0x4
 1150 000b 00       		.byte	0
 1151 000c 0000     		.2byte	0
 1152 000e 0000     		.2byte	0
 1153 0010 00000000 		.4byte	.LFB3
 1154 0014 0C000000 		.4byte	.LFE3-.LFB3
 1155 0018 00000000 		.4byte	.LFB4
 1156 001c 0C000000 		.4byte	.LFE4-.LFB4
 1157 0020 00000000 		.4byte	.LFB5
 1158 0024 0C000000 		.4byte	.LFE5-.LFB5
 1159 0028 00000000 		.4byte	.LFB6
 1160 002c 10000000 		.4byte	.LFE6-.LFB6
 1161 0030 00000000 		.4byte	.LFB7
 1162 0034 0C000000 		.4byte	.LFE7-.LFB7
 1163 0038 00000000 		.4byte	.LFB8
 1164 003c 0C000000 		.4byte	.LFE8-.LFB8
 1165 0040 00000000 		.4byte	.LFB9
 1166 0044 18000000 		.4byte	.LFE9-.LFB9
 1167 0048 00000000 		.4byte	.LFB10
 1168 004c 0C000000 		.4byte	.LFE10-.LFB10
 1169 0050 00000000 		.4byte	.LFB0
 1170 0054 1C000000 		.4byte	.LFE0-.LFB0
 1171 0058 00000000 		.4byte	.LFB1
 1172 005c 1A000000 		.4byte	.LFE1-.LFB1
 1173 0060 00000000 		.4byte	.LFB2
 1174 0064 14000000 		.4byte	.LFE2-.LFB2
 1175 0068 00000000 		.4byte	.LFB11
 1176 006c 0C000000 		.4byte	.LFE11-.LFB11
 1177 0070 00000000 		.4byte	.LFB12
 1178 0074 0C000000 		.4byte	.LFE12-.LFB12
 1179 0078 00000000 		.4byte	0
 1180 007c 00000000 		.4byte	0
ARM GAS  C:\Users\etudiant\AppData\Local\Temp\cc46LGAl.s 			page 29


 1181              		.section	.debug_ranges,"",%progbits
 1182              	.Ldebug_ranges0:
 1183 0000 00000000 		.4byte	.LFB3
 1184 0004 0C000000 		.4byte	.LFE3
 1185 0008 00000000 		.4byte	.LFB4
 1186 000c 0C000000 		.4byte	.LFE4
 1187 0010 00000000 		.4byte	.LFB5
 1188 0014 0C000000 		.4byte	.LFE5
 1189 0018 00000000 		.4byte	.LFB6
 1190 001c 10000000 		.4byte	.LFE6
 1191 0020 00000000 		.4byte	.LFB7
 1192 0024 0C000000 		.4byte	.LFE7
 1193 0028 00000000 		.4byte	.LFB8
 1194 002c 0C000000 		.4byte	.LFE8
 1195 0030 00000000 		.4byte	.LFB9
 1196 0034 18000000 		.4byte	.LFE9
 1197 0038 00000000 		.4byte	.LFB10
 1198 003c 0C000000 		.4byte	.LFE10
 1199 0040 00000000 		.4byte	.LFB0
 1200 0044 1C000000 		.4byte	.LFE0
 1201 0048 00000000 		.4byte	.LFB1
 1202 004c 1A000000 		.4byte	.LFE1
 1203 0050 00000000 		.4byte	.LFB2
 1204 0054 14000000 		.4byte	.LFE2
 1205 0058 00000000 		.4byte	.LFB11
 1206 005c 0C000000 		.4byte	.LFE11
 1207 0060 00000000 		.4byte	.LFB12
 1208 0064 0C000000 		.4byte	.LFE12
 1209 0068 00000000 		.4byte	0
 1210 006c 00000000 		.4byte	0
 1211              		.section	.debug_line,"",%progbits
 1212              	.Ldebug_line0:
 1213 0000 36010000 		.section	.debug_str,"MS",%progbits,1
 1213      02004900 
 1213      00000201 
 1213      FB0E0D00 
 1213      01010101 
 1214              	.LASF25:
 1215 0000 4953525F 		.ascii	"ISR_Bouton_3_GetPriority\000"
 1215      426F7574 
 1215      6F6E5F33 
 1215      5F476574 
 1215      5072696F 
 1216              	.LASF17:
 1217 0019 72656733 		.ascii	"reg32\000"
 1217      3200
 1218              	.LASF30:
 1219 001f 4953525F 		.ascii	"ISR_Bouton_3_StartEx\000"
 1219      426F7574 
 1219      6F6E5F33 
 1219      5F537461 
 1219      72744578 
 1220              	.LASF26:
 1221 0034 4953525F 		.ascii	"ISR_Bouton_3_Interrupt\000"
 1221      426F7574 
 1221      6F6E5F33 
 1221      5F496E74 
ARM GAS  C:\Users\etudiant\AppData\Local\Temp\cc46LGAl.s 			page 30


 1221      65727275 
 1222              	.LASF27:
 1223 004b 4953525F 		.ascii	"ISR_Bouton_3_Enable\000"
 1223      426F7574 
 1223      6F6E5F33 
 1223      5F456E61 
 1223      626C6500 
 1224              	.LASF6:
 1225 005f 73686F72 		.ascii	"short unsigned int\000"
 1225      7420756E 
 1225      7369676E 
 1225      65642069 
 1225      6E7400
 1226              	.LASF36:
 1227 0072 433A5C55 		.ascii	"C:\\Users\\etudiant\\Desktop\\Proojet01 (3)\\Projet"
 1227      73657273 
 1227      5C657475 
 1227      6469616E 
 1227      745C4465 
 1228 00a0 30312E63 		.ascii	"01.cydsn\000"
 1228      7964736E 
 1228      00
 1229              	.LASF20:
 1230 00a9 4953525F 		.ascii	"ISR_Bouton_3_SetVector\000"
 1230      426F7574 
 1230      6F6E5F33 
 1230      5F536574 
 1230      56656374 
 1231              	.LASF31:
 1232 00c0 4953525F 		.ascii	"ISR_Bouton_3_Stop\000"
 1232      426F7574 
 1232      6F6E5F33 
 1232      5F53746F 
 1232      7000
 1233              	.LASF33:
 1234 00d2 4953525F 		.ascii	"ISR_Bouton_3_ClearPending\000"
 1234      426F7574 
 1234      6F6E5F33 
 1234      5F436C65 
 1234      61725065 
 1235              	.LASF32:
 1236 00ec 4953525F 		.ascii	"ISR_Bouton_3_SetPending\000"
 1236      426F7574 
 1236      6F6E5F33 
 1236      5F536574 
 1236      50656E64 
 1237              	.LASF14:
 1238 0104 666C6F61 		.ascii	"float\000"
 1238      7400
 1239              	.LASF21:
 1240 010a 4953525F 		.ascii	"ISR_Bouton_3_SetPriority\000"
 1240      426F7574 
 1240      6F6E5F33 
 1240      5F536574 
 1240      5072696F 
 1241              	.LASF4:
 1242 0123 756E7369 		.ascii	"unsigned char\000"
ARM GAS  C:\Users\etudiant\AppData\Local\Temp\cc46LGAl.s 			page 31


 1242      676E6564 
 1242      20636861 
 1242      7200
 1243              	.LASF28:
 1244 0131 4953525F 		.ascii	"ISR_Bouton_3_Disable\000"
 1244      426F7574 
 1244      6F6E5F33 
 1244      5F446973 
 1244      61626C65 
 1245              	.LASF16:
 1246 0146 72656738 		.ascii	"reg8\000"
 1246      00
 1247              	.LASF8:
 1248 014b 6C6F6E67 		.ascii	"long unsigned int\000"
 1248      20756E73 
 1248      69676E65 
 1248      6420696E 
 1248      7400
 1249              	.LASF12:
 1250 015d 75696E74 		.ascii	"uint8\000"
 1250      3800
 1251              	.LASF23:
 1252 0163 7072696F 		.ascii	"priority\000"
 1252      72697479 
 1252      00
 1253              	.LASF15:
 1254 016c 646F7562 		.ascii	"double\000"
 1254      6C6500
 1255              	.LASF13:
 1256 0173 75696E74 		.ascii	"uint32\000"
 1256      333200
 1257              	.LASF24:
 1258 017a 4953525F 		.ascii	"ISR_Bouton_3_GetVector\000"
 1258      426F7574 
 1258      6F6E5F33 
 1258      5F476574 
 1258      56656374 
 1259              	.LASF0:
 1260 0191 756E7369 		.ascii	"unsigned int\000"
 1260      676E6564 
 1260      20696E74 
 1260      00
 1261              	.LASF22:
 1262 019e 61646472 		.ascii	"address\000"
 1262      65737300 
 1263              	.LASF9:
 1264 01a6 6C6F6E67 		.ascii	"long long unsigned int\000"
 1264      206C6F6E 
 1264      6720756E 
 1264      7369676E 
 1264      65642069 
 1265              	.LASF18:
 1266 01bd 63796973 		.ascii	"cyisraddress\000"
 1266      72616464 
 1266      72657373 
 1266      00
 1267              	.LASF34:
ARM GAS  C:\Users\etudiant\AppData\Local\Temp\cc46LGAl.s 			page 32


 1268 01ca 474E5520 		.ascii	"GNU C11 5.4.1 20160609 (release) [ARM/embedded-5-br"
 1268      43313120 
 1268      352E342E 
 1268      31203230 
 1268      31363036 
 1269 01fd 616E6368 		.ascii	"anch revision 237715] -mcpu=cortex-m3 -mthumb -g -O"
 1269      20726576 
 1269      6973696F 
 1269      6E203233 
 1269      37373135 
 1270 0230 67202D66 		.ascii	"g -ffunction-sections -ffat-lto-objects\000"
 1270      66756E63 
 1270      74696F6E 
 1270      2D736563 
 1270      74696F6E 
 1271              	.LASF10:
 1272 0258 73697A65 		.ascii	"sizetype\000"
 1272      74797065 
 1272      00
 1273              	.LASF1:
 1274 0261 6C6F6E67 		.ascii	"long long int\000"
 1274      206C6F6E 
 1274      6720696E 
 1274      7400
 1275              	.LASF37:
 1276 026f 4953525F 		.ascii	"ISR_Bouton_3_GetState\000"
 1276      426F7574 
 1276      6F6E5F33 
 1276      5F476574 
 1276      53746174 
 1277              	.LASF19:
 1278 0285 72616D56 		.ascii	"ramVectorTable\000"
 1278      6563746F 
 1278      72546162 
 1278      6C6500
 1279              	.LASF5:
 1280 0294 73686F72 		.ascii	"short int\000"
 1280      7420696E 
 1280      7400
 1281              	.LASF29:
 1282 029e 4953525F 		.ascii	"ISR_Bouton_3_Start\000"
 1282      426F7574 
 1282      6F6E5F33 
 1282      5F537461 
 1282      727400
 1283              	.LASF7:
 1284 02b1 6C6F6E67 		.ascii	"long int\000"
 1284      20696E74 
 1284      00
 1285              	.LASF11:
 1286 02ba 63686172 		.ascii	"char\000"
 1286      00
 1287              	.LASF2:
 1288 02bf 6C6F6E67 		.ascii	"long double\000"
 1288      20646F75 
 1288      626C6500 
 1289              	.LASF35:
ARM GAS  C:\Users\etudiant\AppData\Local\Temp\cc46LGAl.s 			page 33


 1290 02cb 47656E65 		.ascii	"Generated_Source\\PSoC5\\ISR_Bouton_3.c\000"
 1290      72617465 
 1290      645F536F 
 1290      75726365 
 1290      5C50536F 
 1291              	.LASF3:
 1292 02f1 7369676E 		.ascii	"signed char\000"
 1292      65642063 
 1292      68617200 
 1293              	.LASF38:
 1294 02fd 466C6167 		.ascii	"Flag_Rotary_P\000"
 1294      5F526F74 
 1294      6172795F 
 1294      5000
 1295              		.ident	"GCC: (GNU Tools for ARM Embedded Processors) 5.4.1 20160609 (release) [ARM/embedded-5-bran
