ARM GAS  C:\Users\CLUBRO~1\AppData\Local\Temp\ccudQB1c.s 			page 1


   1              		.syntax unified
   2              		.cpu cortex-m3
   3              		.fpu softvfp
   4              		.eabi_attribute 20, 1
   5              		.eabi_attribute 21, 1
   6              		.eabi_attribute 23, 3
   7              		.eabi_attribute 24, 1
   8              		.eabi_attribute 25, 1
   9              		.eabi_attribute 26, 1
  10              		.eabi_attribute 30, 1
  11              		.eabi_attribute 34, 1
  12              		.eabi_attribute 18, 4
  13              		.thumb
  14              		.syntax unified
  15              		.file	"isr_button_2.c"
  16              		.text
  17              	.Ltext0:
  18              		.cfi_sections	.debug_frame
  19              		.section	.text.isr_button_2_Interrupt,"ax",%progbits
  20              		.align	2
  21              		.global	isr_button_2_Interrupt
  22              		.thumb
  23              		.thumb_func
  24              		.type	isr_button_2_Interrupt, %function
  25              	isr_button_2_Interrupt:
  26              	.LFB3:
  27              		.file 1 "Generated_Source\\PSoC5\\isr_button_2.c"
   1:Generated_Source\PSoC5/isr_button_2.c **** /*******************************************************************************
   2:Generated_Source\PSoC5/isr_button_2.c **** * File Name: isr_button_2.c  
   3:Generated_Source\PSoC5/isr_button_2.c **** * Version 1.70
   4:Generated_Source\PSoC5/isr_button_2.c **** *
   5:Generated_Source\PSoC5/isr_button_2.c **** *  Description:
   6:Generated_Source\PSoC5/isr_button_2.c **** *   API for controlling the state of an interrupt.
   7:Generated_Source\PSoC5/isr_button_2.c **** *
   8:Generated_Source\PSoC5/isr_button_2.c **** *
   9:Generated_Source\PSoC5/isr_button_2.c **** *  Note:
  10:Generated_Source\PSoC5/isr_button_2.c **** *
  11:Generated_Source\PSoC5/isr_button_2.c **** ********************************************************************************
  12:Generated_Source\PSoC5/isr_button_2.c **** * Copyright 2008-2015, Cypress Semiconductor Corporation.  All rights reserved.
  13:Generated_Source\PSoC5/isr_button_2.c **** * You may use this file only in accordance with the license, terms, conditions, 
  14:Generated_Source\PSoC5/isr_button_2.c **** * disclaimers, and limitations in the end user license agreement accompanying 
  15:Generated_Source\PSoC5/isr_button_2.c **** * the software package with which this file was provided.
  16:Generated_Source\PSoC5/isr_button_2.c **** *******************************************************************************/
  17:Generated_Source\PSoC5/isr_button_2.c **** 
  18:Generated_Source\PSoC5/isr_button_2.c **** 
  19:Generated_Source\PSoC5/isr_button_2.c **** #include <cydevice_trm.h>
  20:Generated_Source\PSoC5/isr_button_2.c **** #include <CyLib.h>
  21:Generated_Source\PSoC5/isr_button_2.c **** #include <isr_button_2.h>
  22:Generated_Source\PSoC5/isr_button_2.c **** #include "cyapicallbacks.h"
  23:Generated_Source\PSoC5/isr_button_2.c **** 
  24:Generated_Source\PSoC5/isr_button_2.c **** #if !defined(isr_button_2__REMOVED) /* Check for removal by optimization */
  25:Generated_Source\PSoC5/isr_button_2.c **** 
  26:Generated_Source\PSoC5/isr_button_2.c **** /*******************************************************************************
  27:Generated_Source\PSoC5/isr_button_2.c **** *  Place your includes, defines and code here 
  28:Generated_Source\PSoC5/isr_button_2.c **** ********************************************************************************/
  29:Generated_Source\PSoC5/isr_button_2.c **** /* `#START isr_button_2_intc` */
  30:Generated_Source\PSoC5/isr_button_2.c ****         extern uint8 Flag_Rotary_M;
ARM GAS  C:\Users\CLUBRO~1\AppData\Local\Temp\ccudQB1c.s 			page 2


  31:Generated_Source\PSoC5/isr_button_2.c **** /* `#END` */
  32:Generated_Source\PSoC5/isr_button_2.c **** 
  33:Generated_Source\PSoC5/isr_button_2.c **** #ifndef CYINT_IRQ_BASE
  34:Generated_Source\PSoC5/isr_button_2.c **** #define CYINT_IRQ_BASE      16
  35:Generated_Source\PSoC5/isr_button_2.c **** #endif /* CYINT_IRQ_BASE */
  36:Generated_Source\PSoC5/isr_button_2.c **** #ifndef CYINT_VECT_TABLE
  37:Generated_Source\PSoC5/isr_button_2.c **** #define CYINT_VECT_TABLE    ((cyisraddress **) CYREG_NVIC_VECT_OFFSET)
  38:Generated_Source\PSoC5/isr_button_2.c **** #endif /* CYINT_VECT_TABLE */
  39:Generated_Source\PSoC5/isr_button_2.c **** 
  40:Generated_Source\PSoC5/isr_button_2.c **** /* Declared in startup, used to set unused interrupts to. */
  41:Generated_Source\PSoC5/isr_button_2.c **** CY_ISR_PROTO(IntDefaultHandler);
  42:Generated_Source\PSoC5/isr_button_2.c **** 
  43:Generated_Source\PSoC5/isr_button_2.c **** 
  44:Generated_Source\PSoC5/isr_button_2.c **** /*******************************************************************************
  45:Generated_Source\PSoC5/isr_button_2.c **** * Function Name: isr_button_2_Start
  46:Generated_Source\PSoC5/isr_button_2.c **** ********************************************************************************
  47:Generated_Source\PSoC5/isr_button_2.c **** *
  48:Generated_Source\PSoC5/isr_button_2.c **** * Summary:
  49:Generated_Source\PSoC5/isr_button_2.c **** *  Set up the interrupt and enable it. This function disables the interrupt, 
  50:Generated_Source\PSoC5/isr_button_2.c **** *  sets the default interrupt vector, sets the priority from the value in the
  51:Generated_Source\PSoC5/isr_button_2.c **** *  Design Wide Resources Interrupt Editor, then enables the interrupt to the 
  52:Generated_Source\PSoC5/isr_button_2.c **** *  interrupt controller.
  53:Generated_Source\PSoC5/isr_button_2.c **** *
  54:Generated_Source\PSoC5/isr_button_2.c **** * Parameters:  
  55:Generated_Source\PSoC5/isr_button_2.c **** *   None
  56:Generated_Source\PSoC5/isr_button_2.c **** *
  57:Generated_Source\PSoC5/isr_button_2.c **** * Return:
  58:Generated_Source\PSoC5/isr_button_2.c **** *   None
  59:Generated_Source\PSoC5/isr_button_2.c **** *
  60:Generated_Source\PSoC5/isr_button_2.c **** *******************************************************************************/
  61:Generated_Source\PSoC5/isr_button_2.c **** void isr_button_2_Start(void)
  62:Generated_Source\PSoC5/isr_button_2.c **** {
  63:Generated_Source\PSoC5/isr_button_2.c ****     /* For all we know the interrupt is active. */
  64:Generated_Source\PSoC5/isr_button_2.c ****     isr_button_2_Disable();
  65:Generated_Source\PSoC5/isr_button_2.c **** 
  66:Generated_Source\PSoC5/isr_button_2.c ****     /* Set the ISR to point to the isr_button_2 Interrupt. */
  67:Generated_Source\PSoC5/isr_button_2.c ****     isr_button_2_SetVector(&isr_button_2_Interrupt);
  68:Generated_Source\PSoC5/isr_button_2.c **** 
  69:Generated_Source\PSoC5/isr_button_2.c ****     /* Set the priority. */
  70:Generated_Source\PSoC5/isr_button_2.c ****     isr_button_2_SetPriority((uint8)isr_button_2_INTC_PRIOR_NUMBER);
  71:Generated_Source\PSoC5/isr_button_2.c **** 
  72:Generated_Source\PSoC5/isr_button_2.c ****     /* Enable it. */
  73:Generated_Source\PSoC5/isr_button_2.c ****     isr_button_2_Enable();
  74:Generated_Source\PSoC5/isr_button_2.c **** }
  75:Generated_Source\PSoC5/isr_button_2.c **** 
  76:Generated_Source\PSoC5/isr_button_2.c **** 
  77:Generated_Source\PSoC5/isr_button_2.c **** /*******************************************************************************
  78:Generated_Source\PSoC5/isr_button_2.c **** * Function Name: isr_button_2_StartEx
  79:Generated_Source\PSoC5/isr_button_2.c **** ********************************************************************************
  80:Generated_Source\PSoC5/isr_button_2.c **** *
  81:Generated_Source\PSoC5/isr_button_2.c **** * Summary:
  82:Generated_Source\PSoC5/isr_button_2.c **** *  Sets up the interrupt and enables it. This function disables the interrupt,
  83:Generated_Source\PSoC5/isr_button_2.c **** *  sets the interrupt vector based on the address passed in, sets the priority 
  84:Generated_Source\PSoC5/isr_button_2.c **** *  from the value in the Design Wide Resources Interrupt Editor, then enables 
  85:Generated_Source\PSoC5/isr_button_2.c **** *  the interrupt to the interrupt controller.
  86:Generated_Source\PSoC5/isr_button_2.c **** *  
  87:Generated_Source\PSoC5/isr_button_2.c **** *  When defining ISR functions, the CY_ISR and CY_ISR_PROTO macros should be 
ARM GAS  C:\Users\CLUBRO~1\AppData\Local\Temp\ccudQB1c.s 			page 3


  88:Generated_Source\PSoC5/isr_button_2.c **** *  used to provide consistent definition across compilers:
  89:Generated_Source\PSoC5/isr_button_2.c **** *  
  90:Generated_Source\PSoC5/isr_button_2.c **** *  Function definition example:
  91:Generated_Source\PSoC5/isr_button_2.c **** *   CY_ISR(MyISR)
  92:Generated_Source\PSoC5/isr_button_2.c **** *   {
  93:Generated_Source\PSoC5/isr_button_2.c **** *   }
  94:Generated_Source\PSoC5/isr_button_2.c **** *   Function prototype example:
  95:Generated_Source\PSoC5/isr_button_2.c **** *   CY_ISR_PROTO(MyISR);
  96:Generated_Source\PSoC5/isr_button_2.c **** *
  97:Generated_Source\PSoC5/isr_button_2.c **** * Parameters:  
  98:Generated_Source\PSoC5/isr_button_2.c **** *   address: Address of the ISR to set in the interrupt vector table.
  99:Generated_Source\PSoC5/isr_button_2.c **** *
 100:Generated_Source\PSoC5/isr_button_2.c **** * Return:
 101:Generated_Source\PSoC5/isr_button_2.c **** *   None
 102:Generated_Source\PSoC5/isr_button_2.c **** *
 103:Generated_Source\PSoC5/isr_button_2.c **** *******************************************************************************/
 104:Generated_Source\PSoC5/isr_button_2.c **** void isr_button_2_StartEx(cyisraddress address)
 105:Generated_Source\PSoC5/isr_button_2.c **** {
 106:Generated_Source\PSoC5/isr_button_2.c ****     /* For all we know the interrupt is active. */
 107:Generated_Source\PSoC5/isr_button_2.c ****     isr_button_2_Disable();
 108:Generated_Source\PSoC5/isr_button_2.c **** 
 109:Generated_Source\PSoC5/isr_button_2.c ****     /* Set the ISR to point to the isr_button_2 Interrupt. */
 110:Generated_Source\PSoC5/isr_button_2.c ****     isr_button_2_SetVector(address);
 111:Generated_Source\PSoC5/isr_button_2.c **** 
 112:Generated_Source\PSoC5/isr_button_2.c ****     /* Set the priority. */
 113:Generated_Source\PSoC5/isr_button_2.c ****     isr_button_2_SetPriority((uint8)isr_button_2_INTC_PRIOR_NUMBER);
 114:Generated_Source\PSoC5/isr_button_2.c **** 
 115:Generated_Source\PSoC5/isr_button_2.c ****     /* Enable it. */
 116:Generated_Source\PSoC5/isr_button_2.c ****     isr_button_2_Enable();
 117:Generated_Source\PSoC5/isr_button_2.c **** }
 118:Generated_Source\PSoC5/isr_button_2.c **** 
 119:Generated_Source\PSoC5/isr_button_2.c **** 
 120:Generated_Source\PSoC5/isr_button_2.c **** /*******************************************************************************
 121:Generated_Source\PSoC5/isr_button_2.c **** * Function Name: isr_button_2_Stop
 122:Generated_Source\PSoC5/isr_button_2.c **** ********************************************************************************
 123:Generated_Source\PSoC5/isr_button_2.c **** *
 124:Generated_Source\PSoC5/isr_button_2.c **** * Summary:
 125:Generated_Source\PSoC5/isr_button_2.c **** *   Disables and removes the interrupt.
 126:Generated_Source\PSoC5/isr_button_2.c **** *
 127:Generated_Source\PSoC5/isr_button_2.c **** * Parameters:  
 128:Generated_Source\PSoC5/isr_button_2.c **** *   None
 129:Generated_Source\PSoC5/isr_button_2.c **** *
 130:Generated_Source\PSoC5/isr_button_2.c **** * Return:
 131:Generated_Source\PSoC5/isr_button_2.c **** *   None
 132:Generated_Source\PSoC5/isr_button_2.c **** *
 133:Generated_Source\PSoC5/isr_button_2.c **** *******************************************************************************/
 134:Generated_Source\PSoC5/isr_button_2.c **** void isr_button_2_Stop(void)
 135:Generated_Source\PSoC5/isr_button_2.c **** {
 136:Generated_Source\PSoC5/isr_button_2.c ****     /* Disable this interrupt. */
 137:Generated_Source\PSoC5/isr_button_2.c ****     isr_button_2_Disable();
 138:Generated_Source\PSoC5/isr_button_2.c **** 
 139:Generated_Source\PSoC5/isr_button_2.c ****     /* Set the ISR to point to the passive one. */
 140:Generated_Source\PSoC5/isr_button_2.c ****     isr_button_2_SetVector(&IntDefaultHandler);
 141:Generated_Source\PSoC5/isr_button_2.c **** }
 142:Generated_Source\PSoC5/isr_button_2.c **** 
 143:Generated_Source\PSoC5/isr_button_2.c **** 
 144:Generated_Source\PSoC5/isr_button_2.c **** /*******************************************************************************
ARM GAS  C:\Users\CLUBRO~1\AppData\Local\Temp\ccudQB1c.s 			page 4


 145:Generated_Source\PSoC5/isr_button_2.c **** * Function Name: isr_button_2_Interrupt
 146:Generated_Source\PSoC5/isr_button_2.c **** ********************************************************************************
 147:Generated_Source\PSoC5/isr_button_2.c **** *
 148:Generated_Source\PSoC5/isr_button_2.c **** * Summary:
 149:Generated_Source\PSoC5/isr_button_2.c **** *   The default Interrupt Service Routine for isr_button_2.
 150:Generated_Source\PSoC5/isr_button_2.c **** *
 151:Generated_Source\PSoC5/isr_button_2.c **** *   Add custom code between the coments to keep the next version of this file
 152:Generated_Source\PSoC5/isr_button_2.c **** *   from over writting your code.
 153:Generated_Source\PSoC5/isr_button_2.c **** *
 154:Generated_Source\PSoC5/isr_button_2.c **** * Parameters:  
 155:Generated_Source\PSoC5/isr_button_2.c **** *
 156:Generated_Source\PSoC5/isr_button_2.c **** * Return:
 157:Generated_Source\PSoC5/isr_button_2.c **** *   None
 158:Generated_Source\PSoC5/isr_button_2.c **** *
 159:Generated_Source\PSoC5/isr_button_2.c **** *******************************************************************************/
 160:Generated_Source\PSoC5/isr_button_2.c **** CY_ISR(isr_button_2_Interrupt)
 161:Generated_Source\PSoC5/isr_button_2.c **** {
  28              		.loc 1 161 0
  29              		.cfi_startproc
  30              		@ args = 0, pretend = 0, frame = 0
  31              		@ frame_needed = 0, uses_anonymous_args = 0
  32 0000 08B5     		push	{r3, lr}
  33              		.cfi_def_cfa_offset 8
  34              		.cfi_offset 3, -8
  35              		.cfi_offset 14, -4
 162:Generated_Source\PSoC5/isr_button_2.c ****     #ifdef isr_button_2_INTERRUPT_INTERRUPT_CALLBACK
 163:Generated_Source\PSoC5/isr_button_2.c ****         isr_button_2_Interrupt_InterruptCallback();
 164:Generated_Source\PSoC5/isr_button_2.c ****     #endif /* isr_button_2_INTERRUPT_INTERRUPT_CALLBACK */ 
 165:Generated_Source\PSoC5/isr_button_2.c **** 
 166:Generated_Source\PSoC5/isr_button_2.c ****     /*  Place your Interrupt code here. */
 167:Generated_Source\PSoC5/isr_button_2.c ****     /* `#START isr_button_2_Interrupt` */
 168:Generated_Source\PSoC5/isr_button_2.c ****             Flag_Rotary_M = 1;
  36              		.loc 1 168 0
  37 0002 0122     		movs	r2, #1
  38 0004 024B     		ldr	r3, .L3
  39 0006 1A70     		strb	r2, [r3]
 169:Generated_Source\PSoC5/isr_button_2.c ****             CyDelay(100);
  40              		.loc 1 169 0
  41 0008 6420     		movs	r0, #100
  42 000a FFF7FEFF 		bl	CyDelay
  43              	.LVL0:
  44 000e 08BD     		pop	{r3, pc}
  45              	.L4:
  46              		.align	2
  47              	.L3:
  48 0010 00000000 		.word	Flag_Rotary_M
  49              		.cfi_endproc
  50              	.LFE3:
  51              		.size	isr_button_2_Interrupt, .-isr_button_2_Interrupt
  52              		.section	.text.isr_button_2_SetVector,"ax",%progbits
  53              		.align	2
  54              		.global	isr_button_2_SetVector
  55              		.thumb
  56              		.thumb_func
  57              		.type	isr_button_2_SetVector, %function
  58              	isr_button_2_SetVector:
  59              	.LFB4:
ARM GAS  C:\Users\CLUBRO~1\AppData\Local\Temp\ccudQB1c.s 			page 5


 170:Generated_Source\PSoC5/isr_button_2.c ****     /* `#END` */
 171:Generated_Source\PSoC5/isr_button_2.c **** }
 172:Generated_Source\PSoC5/isr_button_2.c **** 
 173:Generated_Source\PSoC5/isr_button_2.c **** 
 174:Generated_Source\PSoC5/isr_button_2.c **** /*******************************************************************************
 175:Generated_Source\PSoC5/isr_button_2.c **** * Function Name: isr_button_2_SetVector
 176:Generated_Source\PSoC5/isr_button_2.c **** ********************************************************************************
 177:Generated_Source\PSoC5/isr_button_2.c **** *
 178:Generated_Source\PSoC5/isr_button_2.c **** * Summary:
 179:Generated_Source\PSoC5/isr_button_2.c **** *   Change the ISR vector for the Interrupt. Note calling isr_button_2_Start
 180:Generated_Source\PSoC5/isr_button_2.c **** *   will override any effect this method would have had. To set the vector 
 181:Generated_Source\PSoC5/isr_button_2.c **** *   before the component has been started use isr_button_2_StartEx instead.
 182:Generated_Source\PSoC5/isr_button_2.c **** * 
 183:Generated_Source\PSoC5/isr_button_2.c **** *   When defining ISR functions, the CY_ISR and CY_ISR_PROTO macros should be 
 184:Generated_Source\PSoC5/isr_button_2.c **** *   used to provide consistent definition across compilers:
 185:Generated_Source\PSoC5/isr_button_2.c **** *
 186:Generated_Source\PSoC5/isr_button_2.c **** *   Function definition example:
 187:Generated_Source\PSoC5/isr_button_2.c **** *   CY_ISR(MyISR)
 188:Generated_Source\PSoC5/isr_button_2.c **** *   {
 189:Generated_Source\PSoC5/isr_button_2.c **** *   }
 190:Generated_Source\PSoC5/isr_button_2.c **** *
 191:Generated_Source\PSoC5/isr_button_2.c **** *   Function prototype example:
 192:Generated_Source\PSoC5/isr_button_2.c **** *     CY_ISR_PROTO(MyISR);
 193:Generated_Source\PSoC5/isr_button_2.c **** *
 194:Generated_Source\PSoC5/isr_button_2.c **** * Parameters:
 195:Generated_Source\PSoC5/isr_button_2.c **** *   address: Address of the ISR to set in the interrupt vector table.
 196:Generated_Source\PSoC5/isr_button_2.c **** *
 197:Generated_Source\PSoC5/isr_button_2.c **** * Return:
 198:Generated_Source\PSoC5/isr_button_2.c **** *   None
 199:Generated_Source\PSoC5/isr_button_2.c **** *
 200:Generated_Source\PSoC5/isr_button_2.c **** *******************************************************************************/
 201:Generated_Source\PSoC5/isr_button_2.c **** void isr_button_2_SetVector(cyisraddress address)
 202:Generated_Source\PSoC5/isr_button_2.c **** {
  60              		.loc 1 202 0
  61              		.cfi_startproc
  62              		@ args = 0, pretend = 0, frame = 0
  63              		@ frame_needed = 0, uses_anonymous_args = 0
  64              		@ link register save eliminated.
  65              	.LVL1:
 203:Generated_Source\PSoC5/isr_button_2.c ****     cyisraddress * ramVectorTable;
 204:Generated_Source\PSoC5/isr_button_2.c **** 
 205:Generated_Source\PSoC5/isr_button_2.c ****     ramVectorTable = (cyisraddress *) *CYINT_VECT_TABLE;
  66              		.loc 1 205 0
  67 0000 014B     		ldr	r3, .L6
  68 0002 1B68     		ldr	r3, [r3]
  69              	.LVL2:
 206:Generated_Source\PSoC5/isr_button_2.c **** 
 207:Generated_Source\PSoC5/isr_button_2.c ****     ramVectorTable[CYINT_IRQ_BASE + (uint32)isr_button_2__INTC_NUMBER] = address;
  70              		.loc 1 207 0
  71 0004 9864     		str	r0, [r3, #72]
  72 0006 7047     		bx	lr
  73              	.L7:
  74              		.align	2
  75              	.L6:
  76 0008 08ED00E0 		.word	-536810232
  77              		.cfi_endproc
  78              	.LFE4:
ARM GAS  C:\Users\CLUBRO~1\AppData\Local\Temp\ccudQB1c.s 			page 6


  79              		.size	isr_button_2_SetVector, .-isr_button_2_SetVector
  80              		.section	.text.isr_button_2_GetVector,"ax",%progbits
  81              		.align	2
  82              		.global	isr_button_2_GetVector
  83              		.thumb
  84              		.thumb_func
  85              		.type	isr_button_2_GetVector, %function
  86              	isr_button_2_GetVector:
  87              	.LFB5:
 208:Generated_Source\PSoC5/isr_button_2.c **** }
 209:Generated_Source\PSoC5/isr_button_2.c **** 
 210:Generated_Source\PSoC5/isr_button_2.c **** 
 211:Generated_Source\PSoC5/isr_button_2.c **** /*******************************************************************************
 212:Generated_Source\PSoC5/isr_button_2.c **** * Function Name: isr_button_2_GetVector
 213:Generated_Source\PSoC5/isr_button_2.c **** ********************************************************************************
 214:Generated_Source\PSoC5/isr_button_2.c **** *
 215:Generated_Source\PSoC5/isr_button_2.c **** * Summary:
 216:Generated_Source\PSoC5/isr_button_2.c **** *   Gets the "address" of the current ISR vector for the Interrupt.
 217:Generated_Source\PSoC5/isr_button_2.c **** *
 218:Generated_Source\PSoC5/isr_button_2.c **** * Parameters:
 219:Generated_Source\PSoC5/isr_button_2.c **** *   None
 220:Generated_Source\PSoC5/isr_button_2.c **** *
 221:Generated_Source\PSoC5/isr_button_2.c **** * Return:
 222:Generated_Source\PSoC5/isr_button_2.c **** *   Address of the ISR in the interrupt vector table.
 223:Generated_Source\PSoC5/isr_button_2.c **** *
 224:Generated_Source\PSoC5/isr_button_2.c **** *******************************************************************************/
 225:Generated_Source\PSoC5/isr_button_2.c **** cyisraddress isr_button_2_GetVector(void)
 226:Generated_Source\PSoC5/isr_button_2.c **** {
  88              		.loc 1 226 0
  89              		.cfi_startproc
  90              		@ args = 0, pretend = 0, frame = 0
  91              		@ frame_needed = 0, uses_anonymous_args = 0
  92              		@ link register save eliminated.
 227:Generated_Source\PSoC5/isr_button_2.c ****     cyisraddress * ramVectorTable;
 228:Generated_Source\PSoC5/isr_button_2.c **** 
 229:Generated_Source\PSoC5/isr_button_2.c ****     ramVectorTable = (cyisraddress *) *CYINT_VECT_TABLE;
  93              		.loc 1 229 0
  94 0000 014B     		ldr	r3, .L9
  95 0002 1B68     		ldr	r3, [r3]
  96              	.LVL3:
 230:Generated_Source\PSoC5/isr_button_2.c **** 
 231:Generated_Source\PSoC5/isr_button_2.c ****     return ramVectorTable[CYINT_IRQ_BASE + (uint32)isr_button_2__INTC_NUMBER];
 232:Generated_Source\PSoC5/isr_button_2.c **** }
  97              		.loc 1 232 0
  98 0004 986C     		ldr	r0, [r3, #72]
  99 0006 7047     		bx	lr
 100              	.L10:
 101              		.align	2
 102              	.L9:
 103 0008 08ED00E0 		.word	-536810232
 104              		.cfi_endproc
 105              	.LFE5:
 106              		.size	isr_button_2_GetVector, .-isr_button_2_GetVector
 107              		.section	.text.isr_button_2_SetPriority,"ax",%progbits
 108              		.align	2
 109              		.global	isr_button_2_SetPriority
 110              		.thumb
ARM GAS  C:\Users\CLUBRO~1\AppData\Local\Temp\ccudQB1c.s 			page 7


 111              		.thumb_func
 112              		.type	isr_button_2_SetPriority, %function
 113              	isr_button_2_SetPriority:
 114              	.LFB6:
 233:Generated_Source\PSoC5/isr_button_2.c **** 
 234:Generated_Source\PSoC5/isr_button_2.c **** 
 235:Generated_Source\PSoC5/isr_button_2.c **** /*******************************************************************************
 236:Generated_Source\PSoC5/isr_button_2.c **** * Function Name: isr_button_2_SetPriority
 237:Generated_Source\PSoC5/isr_button_2.c **** ********************************************************************************
 238:Generated_Source\PSoC5/isr_button_2.c **** *
 239:Generated_Source\PSoC5/isr_button_2.c **** * Summary:
 240:Generated_Source\PSoC5/isr_button_2.c **** *   Sets the Priority of the Interrupt. 
 241:Generated_Source\PSoC5/isr_button_2.c **** *
 242:Generated_Source\PSoC5/isr_button_2.c **** *   Note calling isr_button_2_Start or isr_button_2_StartEx will 
 243:Generated_Source\PSoC5/isr_button_2.c **** *   override any effect this API would have had. This API should only be called
 244:Generated_Source\PSoC5/isr_button_2.c **** *   after isr_button_2_Start or isr_button_2_StartEx has been called. 
 245:Generated_Source\PSoC5/isr_button_2.c **** *   To set the initial priority for the component, use the Design-Wide Resources
 246:Generated_Source\PSoC5/isr_button_2.c **** *   Interrupt Editor.
 247:Generated_Source\PSoC5/isr_button_2.c **** *
 248:Generated_Source\PSoC5/isr_button_2.c **** *   Note This API has no effect on Non-maskable interrupt NMI).
 249:Generated_Source\PSoC5/isr_button_2.c **** *
 250:Generated_Source\PSoC5/isr_button_2.c **** * Parameters:
 251:Generated_Source\PSoC5/isr_button_2.c **** *   priority: Priority of the interrupt, 0 being the highest priority
 252:Generated_Source\PSoC5/isr_button_2.c **** *             PSoC 3 and PSoC 5LP: Priority is from 0 to 7.
 253:Generated_Source\PSoC5/isr_button_2.c **** *             PSoC 4: Priority is from 0 to 3.
 254:Generated_Source\PSoC5/isr_button_2.c **** *
 255:Generated_Source\PSoC5/isr_button_2.c **** * Return:
 256:Generated_Source\PSoC5/isr_button_2.c **** *   None
 257:Generated_Source\PSoC5/isr_button_2.c **** *
 258:Generated_Source\PSoC5/isr_button_2.c **** *******************************************************************************/
 259:Generated_Source\PSoC5/isr_button_2.c **** void isr_button_2_SetPriority(uint8 priority)
 260:Generated_Source\PSoC5/isr_button_2.c **** {
 115              		.loc 1 260 0
 116              		.cfi_startproc
 117              		@ args = 0, pretend = 0, frame = 0
 118              		@ frame_needed = 0, uses_anonymous_args = 0
 119              		@ link register save eliminated.
 120              	.LVL4:
 261:Generated_Source\PSoC5/isr_button_2.c ****     *isr_button_2_INTC_PRIOR = priority << 5;
 121              		.loc 1 261 0
 122 0000 4001     		lsls	r0, r0, #5
 123              	.LVL5:
 124 0002 C0B2     		uxtb	r0, r0
 125 0004 014B     		ldr	r3, .L12
 126 0006 1870     		strb	r0, [r3]
 127 0008 7047     		bx	lr
 128              	.L13:
 129 000a 00BF     		.align	2
 130              	.L12:
 131 000c 02E400E0 		.word	-536812542
 132              		.cfi_endproc
 133              	.LFE6:
 134              		.size	isr_button_2_SetPriority, .-isr_button_2_SetPriority
 135              		.section	.text.isr_button_2_GetPriority,"ax",%progbits
 136              		.align	2
 137              		.global	isr_button_2_GetPriority
 138              		.thumb
ARM GAS  C:\Users\CLUBRO~1\AppData\Local\Temp\ccudQB1c.s 			page 8


 139              		.thumb_func
 140              		.type	isr_button_2_GetPriority, %function
 141              	isr_button_2_GetPriority:
 142              	.LFB7:
 262:Generated_Source\PSoC5/isr_button_2.c **** }
 263:Generated_Source\PSoC5/isr_button_2.c **** 
 264:Generated_Source\PSoC5/isr_button_2.c **** 
 265:Generated_Source\PSoC5/isr_button_2.c **** /*******************************************************************************
 266:Generated_Source\PSoC5/isr_button_2.c **** * Function Name: isr_button_2_GetPriority
 267:Generated_Source\PSoC5/isr_button_2.c **** ********************************************************************************
 268:Generated_Source\PSoC5/isr_button_2.c **** *
 269:Generated_Source\PSoC5/isr_button_2.c **** * Summary:
 270:Generated_Source\PSoC5/isr_button_2.c **** *   Gets the Priority of the Interrupt.
 271:Generated_Source\PSoC5/isr_button_2.c **** *
 272:Generated_Source\PSoC5/isr_button_2.c **** * Parameters:
 273:Generated_Source\PSoC5/isr_button_2.c **** *   None
 274:Generated_Source\PSoC5/isr_button_2.c **** *
 275:Generated_Source\PSoC5/isr_button_2.c **** * Return:
 276:Generated_Source\PSoC5/isr_button_2.c **** *   Priority of the interrupt, 0 being the highest priority
 277:Generated_Source\PSoC5/isr_button_2.c **** *    PSoC 3 and PSoC 5LP: Priority is from 0 to 7.
 278:Generated_Source\PSoC5/isr_button_2.c **** *    PSoC 4: Priority is from 0 to 3.
 279:Generated_Source\PSoC5/isr_button_2.c **** *
 280:Generated_Source\PSoC5/isr_button_2.c **** *******************************************************************************/
 281:Generated_Source\PSoC5/isr_button_2.c **** uint8 isr_button_2_GetPriority(void)
 282:Generated_Source\PSoC5/isr_button_2.c **** {
 143              		.loc 1 282 0
 144              		.cfi_startproc
 145              		@ args = 0, pretend = 0, frame = 0
 146              		@ frame_needed = 0, uses_anonymous_args = 0
 147              		@ link register save eliminated.
 283:Generated_Source\PSoC5/isr_button_2.c ****     uint8 priority;
 284:Generated_Source\PSoC5/isr_button_2.c **** 
 285:Generated_Source\PSoC5/isr_button_2.c **** 
 286:Generated_Source\PSoC5/isr_button_2.c ****     priority = *isr_button_2_INTC_PRIOR >> 5;
 148              		.loc 1 286 0
 149 0000 014B     		ldr	r3, .L15
 150 0002 1878     		ldrb	r0, [r3]	@ zero_extendqisi2
 151              	.LVL6:
 287:Generated_Source\PSoC5/isr_button_2.c **** 
 288:Generated_Source\PSoC5/isr_button_2.c ****     return priority;
 289:Generated_Source\PSoC5/isr_button_2.c **** }
 152              		.loc 1 289 0
 153 0004 4009     		lsrs	r0, r0, #5
 154              	.LVL7:
 155 0006 7047     		bx	lr
 156              	.L16:
 157              		.align	2
 158              	.L15:
 159 0008 02E400E0 		.word	-536812542
 160              		.cfi_endproc
 161              	.LFE7:
 162              		.size	isr_button_2_GetPriority, .-isr_button_2_GetPriority
 163              		.section	.text.isr_button_2_Enable,"ax",%progbits
 164              		.align	2
 165              		.global	isr_button_2_Enable
 166              		.thumb
 167              		.thumb_func
ARM GAS  C:\Users\CLUBRO~1\AppData\Local\Temp\ccudQB1c.s 			page 9


 168              		.type	isr_button_2_Enable, %function
 169              	isr_button_2_Enable:
 170              	.LFB8:
 290:Generated_Source\PSoC5/isr_button_2.c **** 
 291:Generated_Source\PSoC5/isr_button_2.c **** 
 292:Generated_Source\PSoC5/isr_button_2.c **** /*******************************************************************************
 293:Generated_Source\PSoC5/isr_button_2.c **** * Function Name: isr_button_2_Enable
 294:Generated_Source\PSoC5/isr_button_2.c **** ********************************************************************************
 295:Generated_Source\PSoC5/isr_button_2.c **** *
 296:Generated_Source\PSoC5/isr_button_2.c **** * Summary:
 297:Generated_Source\PSoC5/isr_button_2.c **** *   Enables the interrupt to the interrupt controller. Do not call this function
 298:Generated_Source\PSoC5/isr_button_2.c **** *   unless ISR_Start() has been called or the functionality of the ISR_Start() 
 299:Generated_Source\PSoC5/isr_button_2.c **** *   function, which sets the vector and the priority, has been called.
 300:Generated_Source\PSoC5/isr_button_2.c **** *
 301:Generated_Source\PSoC5/isr_button_2.c **** * Parameters:
 302:Generated_Source\PSoC5/isr_button_2.c **** *   None
 303:Generated_Source\PSoC5/isr_button_2.c **** *
 304:Generated_Source\PSoC5/isr_button_2.c **** * Return:
 305:Generated_Source\PSoC5/isr_button_2.c **** *   None
 306:Generated_Source\PSoC5/isr_button_2.c **** *
 307:Generated_Source\PSoC5/isr_button_2.c **** *******************************************************************************/
 308:Generated_Source\PSoC5/isr_button_2.c **** void isr_button_2_Enable(void)
 309:Generated_Source\PSoC5/isr_button_2.c **** {
 171              		.loc 1 309 0
 172              		.cfi_startproc
 173              		@ args = 0, pretend = 0, frame = 0
 174              		@ frame_needed = 0, uses_anonymous_args = 0
 175              		@ link register save eliminated.
 310:Generated_Source\PSoC5/isr_button_2.c ****     /* Enable the general interrupt. */
 311:Generated_Source\PSoC5/isr_button_2.c ****     *isr_button_2_INTC_SET_EN = isr_button_2__INTC_MASK;
 176              		.loc 1 311 0
 177 0000 0422     		movs	r2, #4
 178 0002 014B     		ldr	r3, .L18
 179 0004 1A60     		str	r2, [r3]
 180 0006 7047     		bx	lr
 181              	.L19:
 182              		.align	2
 183              	.L18:
 184 0008 00E100E0 		.word	-536813312
 185              		.cfi_endproc
 186              	.LFE8:
 187              		.size	isr_button_2_Enable, .-isr_button_2_Enable
 188              		.section	.text.isr_button_2_GetState,"ax",%progbits
 189              		.align	2
 190              		.global	isr_button_2_GetState
 191              		.thumb
 192              		.thumb_func
 193              		.type	isr_button_2_GetState, %function
 194              	isr_button_2_GetState:
 195              	.LFB9:
 312:Generated_Source\PSoC5/isr_button_2.c **** }
 313:Generated_Source\PSoC5/isr_button_2.c **** 
 314:Generated_Source\PSoC5/isr_button_2.c **** 
 315:Generated_Source\PSoC5/isr_button_2.c **** /*******************************************************************************
 316:Generated_Source\PSoC5/isr_button_2.c **** * Function Name: isr_button_2_GetState
 317:Generated_Source\PSoC5/isr_button_2.c **** ********************************************************************************
 318:Generated_Source\PSoC5/isr_button_2.c **** *
ARM GAS  C:\Users\CLUBRO~1\AppData\Local\Temp\ccudQB1c.s 			page 10


 319:Generated_Source\PSoC5/isr_button_2.c **** * Summary:
 320:Generated_Source\PSoC5/isr_button_2.c **** *   Gets the state (enabled, disabled) of the Interrupt.
 321:Generated_Source\PSoC5/isr_button_2.c **** *
 322:Generated_Source\PSoC5/isr_button_2.c **** * Parameters:
 323:Generated_Source\PSoC5/isr_button_2.c **** *   None
 324:Generated_Source\PSoC5/isr_button_2.c **** *
 325:Generated_Source\PSoC5/isr_button_2.c **** * Return:
 326:Generated_Source\PSoC5/isr_button_2.c **** *   1 if enabled, 0 if disabled.
 327:Generated_Source\PSoC5/isr_button_2.c **** *
 328:Generated_Source\PSoC5/isr_button_2.c **** *******************************************************************************/
 329:Generated_Source\PSoC5/isr_button_2.c **** uint8 isr_button_2_GetState(void)
 330:Generated_Source\PSoC5/isr_button_2.c **** {
 196              		.loc 1 330 0
 197              		.cfi_startproc
 198              		@ args = 0, pretend = 0, frame = 0
 199              		@ frame_needed = 0, uses_anonymous_args = 0
 200              		@ link register save eliminated.
 331:Generated_Source\PSoC5/isr_button_2.c ****     /* Get the state of the general interrupt. */
 332:Generated_Source\PSoC5/isr_button_2.c ****     return ((*isr_button_2_INTC_SET_EN & (uint32)isr_button_2__INTC_MASK) != 0u) ? 1u:0u;
 201              		.loc 1 332 0
 202 0000 044B     		ldr	r3, .L23
 203 0002 1B68     		ldr	r3, [r3]
 204 0004 13F0040F 		tst	r3, #4
 205 0008 01D0     		beq	.L22
 206 000a 0120     		movs	r0, #1
 207 000c 7047     		bx	lr
 208              	.L22:
 209 000e 0020     		movs	r0, #0
 333:Generated_Source\PSoC5/isr_button_2.c **** }
 210              		.loc 1 333 0
 211 0010 7047     		bx	lr
 212              	.L24:
 213 0012 00BF     		.align	2
 214              	.L23:
 215 0014 00E100E0 		.word	-536813312
 216              		.cfi_endproc
 217              	.LFE9:
 218              		.size	isr_button_2_GetState, .-isr_button_2_GetState
 219              		.section	.text.isr_button_2_Disable,"ax",%progbits
 220              		.align	2
 221              		.global	isr_button_2_Disable
 222              		.thumb
 223              		.thumb_func
 224              		.type	isr_button_2_Disable, %function
 225              	isr_button_2_Disable:
 226              	.LFB10:
 334:Generated_Source\PSoC5/isr_button_2.c **** 
 335:Generated_Source\PSoC5/isr_button_2.c **** 
 336:Generated_Source\PSoC5/isr_button_2.c **** /*******************************************************************************
 337:Generated_Source\PSoC5/isr_button_2.c **** * Function Name: isr_button_2_Disable
 338:Generated_Source\PSoC5/isr_button_2.c **** ********************************************************************************
 339:Generated_Source\PSoC5/isr_button_2.c **** *
 340:Generated_Source\PSoC5/isr_button_2.c **** * Summary:
 341:Generated_Source\PSoC5/isr_button_2.c **** *   Disables the Interrupt in the interrupt controller.
 342:Generated_Source\PSoC5/isr_button_2.c **** *
 343:Generated_Source\PSoC5/isr_button_2.c **** * Parameters:
 344:Generated_Source\PSoC5/isr_button_2.c **** *   None
ARM GAS  C:\Users\CLUBRO~1\AppData\Local\Temp\ccudQB1c.s 			page 11


 345:Generated_Source\PSoC5/isr_button_2.c **** *
 346:Generated_Source\PSoC5/isr_button_2.c **** * Return:
 347:Generated_Source\PSoC5/isr_button_2.c **** *   None
 348:Generated_Source\PSoC5/isr_button_2.c **** *
 349:Generated_Source\PSoC5/isr_button_2.c **** *******************************************************************************/
 350:Generated_Source\PSoC5/isr_button_2.c **** void isr_button_2_Disable(void)
 351:Generated_Source\PSoC5/isr_button_2.c **** {
 227              		.loc 1 351 0
 228              		.cfi_startproc
 229              		@ args = 0, pretend = 0, frame = 0
 230              		@ frame_needed = 0, uses_anonymous_args = 0
 231              		@ link register save eliminated.
 352:Generated_Source\PSoC5/isr_button_2.c ****     /* Disable the general interrupt. */
 353:Generated_Source\PSoC5/isr_button_2.c ****     *isr_button_2_INTC_CLR_EN = isr_button_2__INTC_MASK;
 232              		.loc 1 353 0
 233 0000 0422     		movs	r2, #4
 234 0002 014B     		ldr	r3, .L26
 235 0004 1A60     		str	r2, [r3]
 236 0006 7047     		bx	lr
 237              	.L27:
 238              		.align	2
 239              	.L26:
 240 0008 80E100E0 		.word	-536813184
 241              		.cfi_endproc
 242              	.LFE10:
 243              		.size	isr_button_2_Disable, .-isr_button_2_Disable
 244              		.section	.text.isr_button_2_Start,"ax",%progbits
 245              		.align	2
 246              		.global	isr_button_2_Start
 247              		.thumb
 248              		.thumb_func
 249              		.type	isr_button_2_Start, %function
 250              	isr_button_2_Start:
 251              	.LFB0:
  62:Generated_Source\PSoC5/isr_button_2.c ****     /* For all we know the interrupt is active. */
 252              		.loc 1 62 0
 253              		.cfi_startproc
 254              		@ args = 0, pretend = 0, frame = 0
 255              		@ frame_needed = 0, uses_anonymous_args = 0
 256 0000 08B5     		push	{r3, lr}
 257              		.cfi_def_cfa_offset 8
 258              		.cfi_offset 3, -8
 259              		.cfi_offset 14, -4
  64:Generated_Source\PSoC5/isr_button_2.c **** 
 260              		.loc 1 64 0
 261 0002 FFF7FEFF 		bl	isr_button_2_Disable
 262              	.LVL8:
  67:Generated_Source\PSoC5/isr_button_2.c **** 
 263              		.loc 1 67 0
 264 0006 0448     		ldr	r0, .L30
 265 0008 FFF7FEFF 		bl	isr_button_2_SetVector
 266              	.LVL9:
  70:Generated_Source\PSoC5/isr_button_2.c **** 
 267              		.loc 1 70 0
 268 000c 0720     		movs	r0, #7
 269 000e FFF7FEFF 		bl	isr_button_2_SetPriority
 270              	.LVL10:
ARM GAS  C:\Users\CLUBRO~1\AppData\Local\Temp\ccudQB1c.s 			page 12


  73:Generated_Source\PSoC5/isr_button_2.c **** }
 271              		.loc 1 73 0
 272 0012 FFF7FEFF 		bl	isr_button_2_Enable
 273              	.LVL11:
 274 0016 08BD     		pop	{r3, pc}
 275              	.L31:
 276              		.align	2
 277              	.L30:
 278 0018 00000000 		.word	isr_button_2_Interrupt
 279              		.cfi_endproc
 280              	.LFE0:
 281              		.size	isr_button_2_Start, .-isr_button_2_Start
 282              		.section	.text.isr_button_2_StartEx,"ax",%progbits
 283              		.align	2
 284              		.global	isr_button_2_StartEx
 285              		.thumb
 286              		.thumb_func
 287              		.type	isr_button_2_StartEx, %function
 288              	isr_button_2_StartEx:
 289              	.LFB1:
 105:Generated_Source\PSoC5/isr_button_2.c ****     /* For all we know the interrupt is active. */
 290              		.loc 1 105 0
 291              		.cfi_startproc
 292              		@ args = 0, pretend = 0, frame = 0
 293              		@ frame_needed = 0, uses_anonymous_args = 0
 294              	.LVL12:
 295 0000 10B5     		push	{r4, lr}
 296              		.cfi_def_cfa_offset 8
 297              		.cfi_offset 4, -8
 298              		.cfi_offset 14, -4
 299 0002 0446     		mov	r4, r0
 107:Generated_Source\PSoC5/isr_button_2.c **** 
 300              		.loc 1 107 0
 301 0004 FFF7FEFF 		bl	isr_button_2_Disable
 302              	.LVL13:
 110:Generated_Source\PSoC5/isr_button_2.c **** 
 303              		.loc 1 110 0
 304 0008 2046     		mov	r0, r4
 305 000a FFF7FEFF 		bl	isr_button_2_SetVector
 306              	.LVL14:
 113:Generated_Source\PSoC5/isr_button_2.c **** 
 307              		.loc 1 113 0
 308 000e 0720     		movs	r0, #7
 309 0010 FFF7FEFF 		bl	isr_button_2_SetPriority
 310              	.LVL15:
 116:Generated_Source\PSoC5/isr_button_2.c **** }
 311              		.loc 1 116 0
 312 0014 FFF7FEFF 		bl	isr_button_2_Enable
 313              	.LVL16:
 314 0018 10BD     		pop	{r4, pc}
 315              		.cfi_endproc
 316              	.LFE1:
 317              		.size	isr_button_2_StartEx, .-isr_button_2_StartEx
 318 001a 00BF     		.section	.text.isr_button_2_Stop,"ax",%progbits
 319              		.align	2
 320              		.global	isr_button_2_Stop
 321              		.thumb
ARM GAS  C:\Users\CLUBRO~1\AppData\Local\Temp\ccudQB1c.s 			page 13


 322              		.thumb_func
 323              		.type	isr_button_2_Stop, %function
 324              	isr_button_2_Stop:
 325              	.LFB2:
 135:Generated_Source\PSoC5/isr_button_2.c ****     /* Disable this interrupt. */
 326              		.loc 1 135 0
 327              		.cfi_startproc
 328              		@ args = 0, pretend = 0, frame = 0
 329              		@ frame_needed = 0, uses_anonymous_args = 0
 330 0000 08B5     		push	{r3, lr}
 331              		.cfi_def_cfa_offset 8
 332              		.cfi_offset 3, -8
 333              		.cfi_offset 14, -4
 137:Generated_Source\PSoC5/isr_button_2.c **** 
 334              		.loc 1 137 0
 335 0002 FFF7FEFF 		bl	isr_button_2_Disable
 336              	.LVL17:
 140:Generated_Source\PSoC5/isr_button_2.c **** }
 337              		.loc 1 140 0
 338 0006 0248     		ldr	r0, .L36
 339 0008 FFF7FEFF 		bl	isr_button_2_SetVector
 340              	.LVL18:
 341 000c 08BD     		pop	{r3, pc}
 342              	.L37:
 343 000e 00BF     		.align	2
 344              	.L36:
 345 0010 00000000 		.word	IntDefaultHandler
 346              		.cfi_endproc
 347              	.LFE2:
 348              		.size	isr_button_2_Stop, .-isr_button_2_Stop
 349              		.section	.text.isr_button_2_SetPending,"ax",%progbits
 350              		.align	2
 351              		.global	isr_button_2_SetPending
 352              		.thumb
 353              		.thumb_func
 354              		.type	isr_button_2_SetPending, %function
 355              	isr_button_2_SetPending:
 356              	.LFB11:
 354:Generated_Source\PSoC5/isr_button_2.c **** }
 355:Generated_Source\PSoC5/isr_button_2.c **** 
 356:Generated_Source\PSoC5/isr_button_2.c **** 
 357:Generated_Source\PSoC5/isr_button_2.c **** /*******************************************************************************
 358:Generated_Source\PSoC5/isr_button_2.c **** * Function Name: isr_button_2_SetPending
 359:Generated_Source\PSoC5/isr_button_2.c **** ********************************************************************************
 360:Generated_Source\PSoC5/isr_button_2.c **** *
 361:Generated_Source\PSoC5/isr_button_2.c **** * Summary:
 362:Generated_Source\PSoC5/isr_button_2.c **** *   Causes the Interrupt to enter the pending state, a software method of
 363:Generated_Source\PSoC5/isr_button_2.c **** *   generating the interrupt.
 364:Generated_Source\PSoC5/isr_button_2.c **** *
 365:Generated_Source\PSoC5/isr_button_2.c **** * Parameters:
 366:Generated_Source\PSoC5/isr_button_2.c **** *   None
 367:Generated_Source\PSoC5/isr_button_2.c **** *
 368:Generated_Source\PSoC5/isr_button_2.c **** * Return:
 369:Generated_Source\PSoC5/isr_button_2.c **** *   None
 370:Generated_Source\PSoC5/isr_button_2.c **** *
 371:Generated_Source\PSoC5/isr_button_2.c **** * Side Effects:
 372:Generated_Source\PSoC5/isr_button_2.c **** *   If interrupts are enabled and the interrupt is set up properly, the ISR is
ARM GAS  C:\Users\CLUBRO~1\AppData\Local\Temp\ccudQB1c.s 			page 14


 373:Generated_Source\PSoC5/isr_button_2.c **** *   entered (depending on the priority of this interrupt and other pending 
 374:Generated_Source\PSoC5/isr_button_2.c **** *   interrupts).
 375:Generated_Source\PSoC5/isr_button_2.c **** *
 376:Generated_Source\PSoC5/isr_button_2.c **** *******************************************************************************/
 377:Generated_Source\PSoC5/isr_button_2.c **** void isr_button_2_SetPending(void)
 378:Generated_Source\PSoC5/isr_button_2.c **** {
 357              		.loc 1 378 0
 358              		.cfi_startproc
 359              		@ args = 0, pretend = 0, frame = 0
 360              		@ frame_needed = 0, uses_anonymous_args = 0
 361              		@ link register save eliminated.
 379:Generated_Source\PSoC5/isr_button_2.c ****     *isr_button_2_INTC_SET_PD = isr_button_2__INTC_MASK;
 362              		.loc 1 379 0
 363 0000 0422     		movs	r2, #4
 364 0002 014B     		ldr	r3, .L39
 365 0004 1A60     		str	r2, [r3]
 366 0006 7047     		bx	lr
 367              	.L40:
 368              		.align	2
 369              	.L39:
 370 0008 00E200E0 		.word	-536813056
 371              		.cfi_endproc
 372              	.LFE11:
 373              		.size	isr_button_2_SetPending, .-isr_button_2_SetPending
 374              		.section	.text.isr_button_2_ClearPending,"ax",%progbits
 375              		.align	2
 376              		.global	isr_button_2_ClearPending
 377              		.thumb
 378              		.thumb_func
 379              		.type	isr_button_2_ClearPending, %function
 380              	isr_button_2_ClearPending:
 381              	.LFB12:
 380:Generated_Source\PSoC5/isr_button_2.c **** }
 381:Generated_Source\PSoC5/isr_button_2.c **** 
 382:Generated_Source\PSoC5/isr_button_2.c **** 
 383:Generated_Source\PSoC5/isr_button_2.c **** /*******************************************************************************
 384:Generated_Source\PSoC5/isr_button_2.c **** * Function Name: isr_button_2_ClearPending
 385:Generated_Source\PSoC5/isr_button_2.c **** ********************************************************************************
 386:Generated_Source\PSoC5/isr_button_2.c **** *
 387:Generated_Source\PSoC5/isr_button_2.c **** * Summary:
 388:Generated_Source\PSoC5/isr_button_2.c **** *   Clears a pending interrupt in the interrupt controller.
 389:Generated_Source\PSoC5/isr_button_2.c **** *
 390:Generated_Source\PSoC5/isr_button_2.c **** *   Note Some interrupt sources are clear-on-read and require the block 
 391:Generated_Source\PSoC5/isr_button_2.c **** *   interrupt/status register to be read/cleared with the appropriate block API 
 392:Generated_Source\PSoC5/isr_button_2.c **** *   (GPIO, UART, and so on). Otherwise the ISR will continue to remain in 
 393:Generated_Source\PSoC5/isr_button_2.c **** *   pending state even though the interrupt itself is cleared using this API.
 394:Generated_Source\PSoC5/isr_button_2.c **** *
 395:Generated_Source\PSoC5/isr_button_2.c **** * Parameters:
 396:Generated_Source\PSoC5/isr_button_2.c **** *   None
 397:Generated_Source\PSoC5/isr_button_2.c **** *
 398:Generated_Source\PSoC5/isr_button_2.c **** * Return:
 399:Generated_Source\PSoC5/isr_button_2.c **** *   None
 400:Generated_Source\PSoC5/isr_button_2.c **** *
 401:Generated_Source\PSoC5/isr_button_2.c **** *******************************************************************************/
 402:Generated_Source\PSoC5/isr_button_2.c **** void isr_button_2_ClearPending(void)
 403:Generated_Source\PSoC5/isr_button_2.c **** {
 382              		.loc 1 403 0
ARM GAS  C:\Users\CLUBRO~1\AppData\Local\Temp\ccudQB1c.s 			page 15


 383              		.cfi_startproc
 384              		@ args = 0, pretend = 0, frame = 0
 385              		@ frame_needed = 0, uses_anonymous_args = 0
 386              		@ link register save eliminated.
 404:Generated_Source\PSoC5/isr_button_2.c ****     *isr_button_2_INTC_CLR_PD = isr_button_2__INTC_MASK;
 387              		.loc 1 404 0
 388 0000 0422     		movs	r2, #4
 389 0002 014B     		ldr	r3, .L42
 390 0004 1A60     		str	r2, [r3]
 391 0006 7047     		bx	lr
 392              	.L43:
 393              		.align	2
 394              	.L42:
 395 0008 80E200E0 		.word	-536812928
 396              		.cfi_endproc
 397              	.LFE12:
 398              		.size	isr_button_2_ClearPending, .-isr_button_2_ClearPending
 399              		.text
 400              	.Letext0:
 401              		.file 2 "Generated_Source\\PSoC5/cytypes.h"
 402              		.file 3 "Generated_Source\\PSoC5/CyLib.h"
 403              		.section	.debug_info,"",%progbits
 404              	.Ldebug_info0:
 405 0000 F9020000 		.4byte	0x2f9
 406 0004 0400     		.2byte	0x4
 407 0006 00000000 		.4byte	.Ldebug_abbrev0
 408 000a 04       		.byte	0x4
 409 000b 01       		.uleb128 0x1
 410 000c BA000000 		.4byte	.LASF34
 411 0010 0C       		.byte	0xc
 412 0011 1C020000 		.4byte	.LASF35
 413 0015 82020000 		.4byte	.LASF36
 414 0019 00000000 		.4byte	.Ldebug_ranges0+0
 415 001d 00000000 		.4byte	0
 416 0021 00000000 		.4byte	.Ldebug_line0
 417 0025 02       		.uleb128 0x2
 418 0026 04       		.byte	0x4
 419 0027 05       		.byte	0x5
 420 0028 696E7400 		.ascii	"int\000"
 421 002c 03       		.uleb128 0x3
 422 002d 04       		.byte	0x4
 423 002e 07       		.byte	0x7
 424 002f E3010000 		.4byte	.LASF0
 425 0033 03       		.uleb128 0x3
 426 0034 08       		.byte	0x8
 427 0035 05       		.byte	0x5
 428 0036 4B020000 		.4byte	.LASF1
 429 003a 03       		.uleb128 0x3
 430 003b 08       		.byte	0x8
 431 003c 04       		.byte	0x4
 432 003d DB020000 		.4byte	.LASF2
 433 0041 03       		.uleb128 0x3
 434 0042 01       		.byte	0x1
 435 0043 06       		.byte	0x6
 436 0044 E7020000 		.4byte	.LASF3
 437 0048 03       		.uleb128 0x3
 438 0049 01       		.byte	0x1
ARM GAS  C:\Users\CLUBRO~1\AppData\Local\Temp\ccudQB1c.s 			page 16


 439 004a 08       		.byte	0x8
 440 004b AC000000 		.4byte	.LASF4
 441 004f 03       		.uleb128 0x3
 442 0050 02       		.byte	0x2
 443 0051 05       		.byte	0x5
 444 0052 BE010000 		.4byte	.LASF5
 445 0056 03       		.uleb128 0x3
 446 0057 02       		.byte	0x2
 447 0058 07       		.byte	0x7
 448 0059 39000000 		.4byte	.LASF6
 449 005d 03       		.uleb128 0x3
 450 005e 04       		.byte	0x4
 451 005f 05       		.byte	0x5
 452 0060 D2020000 		.4byte	.LASF7
 453 0064 03       		.uleb128 0x3
 454 0065 04       		.byte	0x4
 455 0066 07       		.byte	0x7
 456 0067 4D010000 		.4byte	.LASF8
 457 006b 03       		.uleb128 0x3
 458 006c 08       		.byte	0x8
 459 006d 07       		.byte	0x7
 460 006e F8010000 		.4byte	.LASF9
 461 0072 03       		.uleb128 0x3
 462 0073 04       		.byte	0x4
 463 0074 07       		.byte	0x7
 464 0075 42020000 		.4byte	.LASF10
 465 0079 03       		.uleb128 0x3
 466 007a 01       		.byte	0x1
 467 007b 08       		.byte	0x8
 468 007c 6E020000 		.4byte	.LASF11
 469 0080 04       		.uleb128 0x4
 470 0081 04       		.byte	0x4
 471 0082 86000000 		.4byte	0x86
 472 0086 05       		.uleb128 0x5
 473 0087 06       		.uleb128 0x6
 474 0088 5F010000 		.4byte	.LASF12
 475 008c 02       		.byte	0x2
 476 008d E401     		.2byte	0x1e4
 477 008f 48000000 		.4byte	0x48
 478 0093 06       		.uleb128 0x6
 479 0094 DC010000 		.4byte	.LASF13
 480 0098 02       		.byte	0x2
 481 0099 E601     		.2byte	0x1e6
 482 009b 64000000 		.4byte	0x64
 483 009f 03       		.uleb128 0x3
 484 00a0 04       		.byte	0x4
 485 00a1 04       		.byte	0x4
 486 00a2 33000000 		.4byte	.LASF14
 487 00a6 03       		.uleb128 0x3
 488 00a7 08       		.byte	0x8
 489 00a8 04       		.byte	0x4
 490 00a9 A9010000 		.4byte	.LASF15
 491 00ad 06       		.uleb128 0x6
 492 00ae 48010000 		.4byte	.LASF16
 493 00b2 02       		.byte	0x2
 494 00b3 8E02     		.2byte	0x28e
 495 00b5 B9000000 		.4byte	0xb9
ARM GAS  C:\Users\CLUBRO~1\AppData\Local\Temp\ccudQB1c.s 			page 17


 496 00b9 07       		.uleb128 0x7
 497 00ba 87000000 		.4byte	0x87
 498 00be 06       		.uleb128 0x6
 499 00bf 15000000 		.4byte	.LASF17
 500 00c3 02       		.byte	0x2
 501 00c4 9002     		.2byte	0x290
 502 00c6 CA000000 		.4byte	0xca
 503 00ca 07       		.uleb128 0x7
 504 00cb 93000000 		.4byte	0x93
 505 00cf 06       		.uleb128 0x6
 506 00d0 0F020000 		.4byte	.LASF18
 507 00d4 02       		.byte	0x2
 508 00d5 A002     		.2byte	0x2a0
 509 00d7 80000000 		.4byte	0x80
 510 00db 08       		.uleb128 0x8
 511 00dc 95000000 		.4byte	.LASF19
 512 00e0 01       		.byte	0x1
 513 00e1 A0       		.byte	0xa0
 514 00e2 00000000 		.4byte	.LFB3
 515 00e6 14000000 		.4byte	.LFE3-.LFB3
 516 00ea 01       		.uleb128 0x1
 517 00eb 9C       		.byte	0x9c
 518 00ec 01010000 		.4byte	0x101
 519 00f0 09       		.uleb128 0x9
 520 00f1 0E000000 		.4byte	.LVL0
 521 00f5 F1020000 		.4byte	0x2f1
 522 00f9 0A       		.uleb128 0xa
 523 00fa 01       		.uleb128 0x1
 524 00fb 50       		.byte	0x50
 525 00fc 02       		.uleb128 0x2
 526 00fd 08       		.byte	0x8
 527 00fe 64       		.byte	0x64
 528 00ff 00       		.byte	0
 529 0100 00       		.byte	0
 530 0101 08       		.uleb128 0x8
 531 0102 BB020000 		.4byte	.LASF20
 532 0106 01       		.byte	0x1
 533 0107 C9       		.byte	0xc9
 534 0108 00000000 		.4byte	.LFB4
 535 010c 0C000000 		.4byte	.LFE4-.LFB4
 536 0110 01       		.uleb128 0x1
 537 0111 9C       		.byte	0x9c
 538 0112 31010000 		.4byte	0x131
 539 0116 0B       		.uleb128 0xb
 540 0117 F0010000 		.4byte	.LASF23
 541 011b 01       		.byte	0x1
 542 011c C9       		.byte	0xc9
 543 011d CF000000 		.4byte	0xcf
 544 0121 01       		.uleb128 0x1
 545 0122 50       		.byte	0x50
 546 0123 0C       		.uleb128 0xc
 547 0124 73020000 		.4byte	.LASF21
 548 0128 01       		.byte	0x1
 549 0129 CB       		.byte	0xcb
 550 012a 31010000 		.4byte	0x131
 551 012e 01       		.uleb128 0x1
 552 012f 53       		.byte	0x53
ARM GAS  C:\Users\CLUBRO~1\AppData\Local\Temp\ccudQB1c.s 			page 18


 553 0130 00       		.byte	0
 554 0131 04       		.uleb128 0x4
 555 0132 04       		.byte	0x4
 556 0133 CF000000 		.4byte	0xcf
 557 0137 0D       		.uleb128 0xd
 558 0138 7E000000 		.4byte	.LASF25
 559 013c 01       		.byte	0x1
 560 013d E1       		.byte	0xe1
 561 013e CF000000 		.4byte	0xcf
 562 0142 00000000 		.4byte	.LFB5
 563 0146 0C000000 		.4byte	.LFE5-.LFB5
 564 014a 01       		.uleb128 0x1
 565 014b 9C       		.byte	0x9c
 566 014c 5E010000 		.4byte	0x15e
 567 0150 0C       		.uleb128 0xc
 568 0151 73020000 		.4byte	.LASF21
 569 0155 01       		.byte	0x1
 570 0156 E3       		.byte	0xe3
 571 0157 31010000 		.4byte	0x131
 572 015b 01       		.uleb128 0x1
 573 015c 53       		.byte	0x53
 574 015d 00       		.byte	0
 575 015e 0E       		.uleb128 0xe
 576 015f 4C000000 		.4byte	.LASF22
 577 0163 01       		.byte	0x1
 578 0164 0301     		.2byte	0x103
 579 0166 00000000 		.4byte	.LFB6
 580 016a 10000000 		.4byte	.LFE6-.LFB6
 581 016e 01       		.uleb128 0x1
 582 016f 9C       		.byte	0x9c
 583 0170 85010000 		.4byte	0x185
 584 0174 0F       		.uleb128 0xf
 585 0175 8D010000 		.4byte	.LASF24
 586 0179 01       		.byte	0x1
 587 017a 0301     		.2byte	0x103
 588 017c 87000000 		.4byte	0x87
 589 0180 00000000 		.4byte	.LLST0
 590 0184 00       		.byte	0
 591 0185 10       		.uleb128 0x10
 592 0186 65000000 		.4byte	.LASF26
 593 018a 01       		.byte	0x1
 594 018b 1901     		.2byte	0x119
 595 018d 87000000 		.4byte	0x87
 596 0191 00000000 		.4byte	.LFB7
 597 0195 0C000000 		.4byte	.LFE7-.LFB7
 598 0199 01       		.uleb128 0x1
 599 019a 9C       		.byte	0x9c
 600 019b B0010000 		.4byte	0x1b0
 601 019f 11       		.uleb128 0x11
 602 01a0 8D010000 		.4byte	.LASF24
 603 01a4 01       		.byte	0x1
 604 01a5 1B01     		.2byte	0x11b
 605 01a7 87000000 		.4byte	0x87
 606 01ab 21000000 		.4byte	.LLST1
 607 01af 00       		.byte	0
 608 01b0 12       		.uleb128 0x12
 609 01b1 C8010000 		.4byte	.LASF27
ARM GAS  C:\Users\CLUBRO~1\AppData\Local\Temp\ccudQB1c.s 			page 19


 610 01b5 01       		.byte	0x1
 611 01b6 3401     		.2byte	0x134
 612 01b8 00000000 		.4byte	.LFB8
 613 01bc 0C000000 		.4byte	.LFE8-.LFB8
 614 01c0 01       		.uleb128 0x1
 615 01c1 9C       		.byte	0x9c
 616 01c2 13       		.uleb128 0x13
 617 01c3 65010000 		.4byte	.LASF37
 618 01c7 01       		.byte	0x1
 619 01c8 4901     		.2byte	0x149
 620 01ca 87000000 		.4byte	0x87
 621 01ce 00000000 		.4byte	.LFB9
 622 01d2 18000000 		.4byte	.LFE9-.LFB9
 623 01d6 01       		.uleb128 0x1
 624 01d7 9C       		.byte	0x9c
 625 01d8 12       		.uleb128 0x12
 626 01d9 00000000 		.4byte	.LASF28
 627 01dd 01       		.byte	0x1
 628 01de 5E01     		.2byte	0x15e
 629 01e0 00000000 		.4byte	.LFB10
 630 01e4 0C000000 		.4byte	.LFE10-.LFB10
 631 01e8 01       		.uleb128 0x1
 632 01e9 9C       		.byte	0x9c
 633 01ea 08       		.uleb128 0x8
 634 01eb 96010000 		.4byte	.LASF29
 635 01ef 01       		.byte	0x1
 636 01f0 3D       		.byte	0x3d
 637 01f1 00000000 		.4byte	.LFB0
 638 01f5 1C000000 		.4byte	.LFE0-.LFB0
 639 01f9 01       		.uleb128 0x1
 640 01fa 9C       		.byte	0x9c
 641 01fb 3C020000 		.4byte	0x23c
 642 01ff 14       		.uleb128 0x14
 643 0200 06000000 		.4byte	.LVL8
 644 0204 D8010000 		.4byte	0x1d8
 645 0208 15       		.uleb128 0x15
 646 0209 0C000000 		.4byte	.LVL9
 647 020d 01010000 		.4byte	0x101
 648 0211 1F020000 		.4byte	0x21f
 649 0215 0A       		.uleb128 0xa
 650 0216 01       		.uleb128 0x1
 651 0217 50       		.byte	0x50
 652 0218 05       		.uleb128 0x5
 653 0219 03       		.byte	0x3
 654 021a 00000000 		.4byte	isr_button_2_Interrupt
 655 021e 00       		.byte	0
 656 021f 15       		.uleb128 0x15
 657 0220 12000000 		.4byte	.LVL10
 658 0224 5E010000 		.4byte	0x15e
 659 0228 32020000 		.4byte	0x232
 660 022c 0A       		.uleb128 0xa
 661 022d 01       		.uleb128 0x1
 662 022e 50       		.byte	0x50
 663 022f 01       		.uleb128 0x1
 664 0230 37       		.byte	0x37
 665 0231 00       		.byte	0
 666 0232 14       		.uleb128 0x14
ARM GAS  C:\Users\CLUBRO~1\AppData\Local\Temp\ccudQB1c.s 			page 20


 667 0233 16000000 		.4byte	.LVL11
 668 0237 B0010000 		.4byte	0x1b0
 669 023b 00       		.byte	0
 670 023c 08       		.uleb128 0x8
 671 023d 59020000 		.4byte	.LASF30
 672 0241 01       		.byte	0x1
 673 0242 68       		.byte	0x68
 674 0243 00000000 		.4byte	.LFB1
 675 0247 1A000000 		.4byte	.LFE1-.LFB1
 676 024b 01       		.uleb128 0x1
 677 024c 9C       		.byte	0x9c
 678 024d 9A020000 		.4byte	0x29a
 679 0251 16       		.uleb128 0x16
 680 0252 F0010000 		.4byte	.LASF23
 681 0256 01       		.byte	0x1
 682 0257 68       		.byte	0x68
 683 0258 CF000000 		.4byte	0xcf
 684 025c 38000000 		.4byte	.LLST2
 685 0260 14       		.uleb128 0x14
 686 0261 08000000 		.4byte	.LVL13
 687 0265 D8010000 		.4byte	0x1d8
 688 0269 15       		.uleb128 0x15
 689 026a 0E000000 		.4byte	.LVL14
 690 026e 01010000 		.4byte	0x101
 691 0272 7D020000 		.4byte	0x27d
 692 0276 0A       		.uleb128 0xa
 693 0277 01       		.uleb128 0x1
 694 0278 50       		.byte	0x50
 695 0279 02       		.uleb128 0x2
 696 027a 74       		.byte	0x74
 697 027b 00       		.sleb128 0
 698 027c 00       		.byte	0
 699 027d 15       		.uleb128 0x15
 700 027e 14000000 		.4byte	.LVL15
 701 0282 5E010000 		.4byte	0x15e
 702 0286 90020000 		.4byte	0x290
 703 028a 0A       		.uleb128 0xa
 704 028b 01       		.uleb128 0x1
 705 028c 50       		.byte	0x50
 706 028d 01       		.uleb128 0x1
 707 028e 37       		.byte	0x37
 708 028f 00       		.byte	0
 709 0290 14       		.uleb128 0x14
 710 0291 18000000 		.4byte	.LVL16
 711 0295 B0010000 		.4byte	0x1b0
 712 0299 00       		.byte	0
 713 029a 08       		.uleb128 0x8
 714 029b 7B010000 		.4byte	.LASF31
 715 029f 01       		.byte	0x1
 716 02a0 86       		.byte	0x86
 717 02a1 00000000 		.4byte	.LFB2
 718 02a5 14000000 		.4byte	.LFE2-.LFB2
 719 02a9 01       		.uleb128 0x1
 720 02aa 9C       		.byte	0x9c
 721 02ab C2020000 		.4byte	0x2c2
 722 02af 14       		.uleb128 0x14
 723 02b0 06000000 		.4byte	.LVL17
ARM GAS  C:\Users\CLUBRO~1\AppData\Local\Temp\ccudQB1c.s 			page 21


 724 02b4 D8010000 		.4byte	0x1d8
 725 02b8 14       		.uleb128 0x14
 726 02b9 0C000000 		.4byte	.LVL18
 727 02bd 01010000 		.4byte	0x101
 728 02c1 00       		.byte	0
 729 02c2 12       		.uleb128 0x12
 730 02c3 1B000000 		.4byte	.LASF32
 731 02c7 01       		.byte	0x1
 732 02c8 7901     		.2byte	0x179
 733 02ca 00000000 		.4byte	.LFB11
 734 02ce 0C000000 		.4byte	.LFE11-.LFB11
 735 02d2 01       		.uleb128 0x1
 736 02d3 9C       		.byte	0x9c
 737 02d4 12       		.uleb128 0x12
 738 02d5 F3020000 		.4byte	.LASF33
 739 02d9 01       		.byte	0x1
 740 02da 9201     		.2byte	0x192
 741 02dc 00000000 		.4byte	.LFB12
 742 02e0 0C000000 		.4byte	.LFE12-.LFB12
 743 02e4 01       		.uleb128 0x1
 744 02e5 9C       		.byte	0x9c
 745 02e6 17       		.uleb128 0x17
 746 02e7 B0010000 		.4byte	.LASF38
 747 02eb 01       		.byte	0x1
 748 02ec 1E       		.byte	0x1e
 749 02ed 87000000 		.4byte	0x87
 750 02f1 18       		.uleb128 0x18
 751 02f2 0D030000 		.4byte	.LASF39
 752 02f6 0D030000 		.4byte	.LASF39
 753 02fa 03       		.byte	0x3
 754 02fb 76       		.byte	0x76
 755 02fc 00       		.byte	0
 756              		.section	.debug_abbrev,"",%progbits
 757              	.Ldebug_abbrev0:
 758 0000 01       		.uleb128 0x1
 759 0001 11       		.uleb128 0x11
 760 0002 01       		.byte	0x1
 761 0003 25       		.uleb128 0x25
 762 0004 0E       		.uleb128 0xe
 763 0005 13       		.uleb128 0x13
 764 0006 0B       		.uleb128 0xb
 765 0007 03       		.uleb128 0x3
 766 0008 0E       		.uleb128 0xe
 767 0009 1B       		.uleb128 0x1b
 768 000a 0E       		.uleb128 0xe
 769 000b 55       		.uleb128 0x55
 770 000c 17       		.uleb128 0x17
 771 000d 11       		.uleb128 0x11
 772 000e 01       		.uleb128 0x1
 773 000f 10       		.uleb128 0x10
 774 0010 17       		.uleb128 0x17
 775 0011 00       		.byte	0
 776 0012 00       		.byte	0
 777 0013 02       		.uleb128 0x2
 778 0014 24       		.uleb128 0x24
 779 0015 00       		.byte	0
 780 0016 0B       		.uleb128 0xb
ARM GAS  C:\Users\CLUBRO~1\AppData\Local\Temp\ccudQB1c.s 			page 22


 781 0017 0B       		.uleb128 0xb
 782 0018 3E       		.uleb128 0x3e
 783 0019 0B       		.uleb128 0xb
 784 001a 03       		.uleb128 0x3
 785 001b 08       		.uleb128 0x8
 786 001c 00       		.byte	0
 787 001d 00       		.byte	0
 788 001e 03       		.uleb128 0x3
 789 001f 24       		.uleb128 0x24
 790 0020 00       		.byte	0
 791 0021 0B       		.uleb128 0xb
 792 0022 0B       		.uleb128 0xb
 793 0023 3E       		.uleb128 0x3e
 794 0024 0B       		.uleb128 0xb
 795 0025 03       		.uleb128 0x3
 796 0026 0E       		.uleb128 0xe
 797 0027 00       		.byte	0
 798 0028 00       		.byte	0
 799 0029 04       		.uleb128 0x4
 800 002a 0F       		.uleb128 0xf
 801 002b 00       		.byte	0
 802 002c 0B       		.uleb128 0xb
 803 002d 0B       		.uleb128 0xb
 804 002e 49       		.uleb128 0x49
 805 002f 13       		.uleb128 0x13
 806 0030 00       		.byte	0
 807 0031 00       		.byte	0
 808 0032 05       		.uleb128 0x5
 809 0033 15       		.uleb128 0x15
 810 0034 00       		.byte	0
 811 0035 27       		.uleb128 0x27
 812 0036 19       		.uleb128 0x19
 813 0037 00       		.byte	0
 814 0038 00       		.byte	0
 815 0039 06       		.uleb128 0x6
 816 003a 16       		.uleb128 0x16
 817 003b 00       		.byte	0
 818 003c 03       		.uleb128 0x3
 819 003d 0E       		.uleb128 0xe
 820 003e 3A       		.uleb128 0x3a
 821 003f 0B       		.uleb128 0xb
 822 0040 3B       		.uleb128 0x3b
 823 0041 05       		.uleb128 0x5
 824 0042 49       		.uleb128 0x49
 825 0043 13       		.uleb128 0x13
 826 0044 00       		.byte	0
 827 0045 00       		.byte	0
 828 0046 07       		.uleb128 0x7
 829 0047 35       		.uleb128 0x35
 830 0048 00       		.byte	0
 831 0049 49       		.uleb128 0x49
 832 004a 13       		.uleb128 0x13
 833 004b 00       		.byte	0
 834 004c 00       		.byte	0
 835 004d 08       		.uleb128 0x8
 836 004e 2E       		.uleb128 0x2e
 837 004f 01       		.byte	0x1
ARM GAS  C:\Users\CLUBRO~1\AppData\Local\Temp\ccudQB1c.s 			page 23


 838 0050 3F       		.uleb128 0x3f
 839 0051 19       		.uleb128 0x19
 840 0052 03       		.uleb128 0x3
 841 0053 0E       		.uleb128 0xe
 842 0054 3A       		.uleb128 0x3a
 843 0055 0B       		.uleb128 0xb
 844 0056 3B       		.uleb128 0x3b
 845 0057 0B       		.uleb128 0xb
 846 0058 27       		.uleb128 0x27
 847 0059 19       		.uleb128 0x19
 848 005a 11       		.uleb128 0x11
 849 005b 01       		.uleb128 0x1
 850 005c 12       		.uleb128 0x12
 851 005d 06       		.uleb128 0x6
 852 005e 40       		.uleb128 0x40
 853 005f 18       		.uleb128 0x18
 854 0060 9742     		.uleb128 0x2117
 855 0062 19       		.uleb128 0x19
 856 0063 01       		.uleb128 0x1
 857 0064 13       		.uleb128 0x13
 858 0065 00       		.byte	0
 859 0066 00       		.byte	0
 860 0067 09       		.uleb128 0x9
 861 0068 898201   		.uleb128 0x4109
 862 006b 01       		.byte	0x1
 863 006c 11       		.uleb128 0x11
 864 006d 01       		.uleb128 0x1
 865 006e 31       		.uleb128 0x31
 866 006f 13       		.uleb128 0x13
 867 0070 00       		.byte	0
 868 0071 00       		.byte	0
 869 0072 0A       		.uleb128 0xa
 870 0073 8A8201   		.uleb128 0x410a
 871 0076 00       		.byte	0
 872 0077 02       		.uleb128 0x2
 873 0078 18       		.uleb128 0x18
 874 0079 9142     		.uleb128 0x2111
 875 007b 18       		.uleb128 0x18
 876 007c 00       		.byte	0
 877 007d 00       		.byte	0
 878 007e 0B       		.uleb128 0xb
 879 007f 05       		.uleb128 0x5
 880 0080 00       		.byte	0
 881 0081 03       		.uleb128 0x3
 882 0082 0E       		.uleb128 0xe
 883 0083 3A       		.uleb128 0x3a
 884 0084 0B       		.uleb128 0xb
 885 0085 3B       		.uleb128 0x3b
 886 0086 0B       		.uleb128 0xb
 887 0087 49       		.uleb128 0x49
 888 0088 13       		.uleb128 0x13
 889 0089 02       		.uleb128 0x2
 890 008a 18       		.uleb128 0x18
 891 008b 00       		.byte	0
 892 008c 00       		.byte	0
 893 008d 0C       		.uleb128 0xc
 894 008e 34       		.uleb128 0x34
ARM GAS  C:\Users\CLUBRO~1\AppData\Local\Temp\ccudQB1c.s 			page 24


 895 008f 00       		.byte	0
 896 0090 03       		.uleb128 0x3
 897 0091 0E       		.uleb128 0xe
 898 0092 3A       		.uleb128 0x3a
 899 0093 0B       		.uleb128 0xb
 900 0094 3B       		.uleb128 0x3b
 901 0095 0B       		.uleb128 0xb
 902 0096 49       		.uleb128 0x49
 903 0097 13       		.uleb128 0x13
 904 0098 02       		.uleb128 0x2
 905 0099 18       		.uleb128 0x18
 906 009a 00       		.byte	0
 907 009b 00       		.byte	0
 908 009c 0D       		.uleb128 0xd
 909 009d 2E       		.uleb128 0x2e
 910 009e 01       		.byte	0x1
 911 009f 3F       		.uleb128 0x3f
 912 00a0 19       		.uleb128 0x19
 913 00a1 03       		.uleb128 0x3
 914 00a2 0E       		.uleb128 0xe
 915 00a3 3A       		.uleb128 0x3a
 916 00a4 0B       		.uleb128 0xb
 917 00a5 3B       		.uleb128 0x3b
 918 00a6 0B       		.uleb128 0xb
 919 00a7 27       		.uleb128 0x27
 920 00a8 19       		.uleb128 0x19
 921 00a9 49       		.uleb128 0x49
 922 00aa 13       		.uleb128 0x13
 923 00ab 11       		.uleb128 0x11
 924 00ac 01       		.uleb128 0x1
 925 00ad 12       		.uleb128 0x12
 926 00ae 06       		.uleb128 0x6
 927 00af 40       		.uleb128 0x40
 928 00b0 18       		.uleb128 0x18
 929 00b1 9742     		.uleb128 0x2117
 930 00b3 19       		.uleb128 0x19
 931 00b4 01       		.uleb128 0x1
 932 00b5 13       		.uleb128 0x13
 933 00b6 00       		.byte	0
 934 00b7 00       		.byte	0
 935 00b8 0E       		.uleb128 0xe
 936 00b9 2E       		.uleb128 0x2e
 937 00ba 01       		.byte	0x1
 938 00bb 3F       		.uleb128 0x3f
 939 00bc 19       		.uleb128 0x19
 940 00bd 03       		.uleb128 0x3
 941 00be 0E       		.uleb128 0xe
 942 00bf 3A       		.uleb128 0x3a
 943 00c0 0B       		.uleb128 0xb
 944 00c1 3B       		.uleb128 0x3b
 945 00c2 05       		.uleb128 0x5
 946 00c3 27       		.uleb128 0x27
 947 00c4 19       		.uleb128 0x19
 948 00c5 11       		.uleb128 0x11
 949 00c6 01       		.uleb128 0x1
 950 00c7 12       		.uleb128 0x12
 951 00c8 06       		.uleb128 0x6
ARM GAS  C:\Users\CLUBRO~1\AppData\Local\Temp\ccudQB1c.s 			page 25


 952 00c9 40       		.uleb128 0x40
 953 00ca 18       		.uleb128 0x18
 954 00cb 9742     		.uleb128 0x2117
 955 00cd 19       		.uleb128 0x19
 956 00ce 01       		.uleb128 0x1
 957 00cf 13       		.uleb128 0x13
 958 00d0 00       		.byte	0
 959 00d1 00       		.byte	0
 960 00d2 0F       		.uleb128 0xf
 961 00d3 05       		.uleb128 0x5
 962 00d4 00       		.byte	0
 963 00d5 03       		.uleb128 0x3
 964 00d6 0E       		.uleb128 0xe
 965 00d7 3A       		.uleb128 0x3a
 966 00d8 0B       		.uleb128 0xb
 967 00d9 3B       		.uleb128 0x3b
 968 00da 05       		.uleb128 0x5
 969 00db 49       		.uleb128 0x49
 970 00dc 13       		.uleb128 0x13
 971 00dd 02       		.uleb128 0x2
 972 00de 17       		.uleb128 0x17
 973 00df 00       		.byte	0
 974 00e0 00       		.byte	0
 975 00e1 10       		.uleb128 0x10
 976 00e2 2E       		.uleb128 0x2e
 977 00e3 01       		.byte	0x1
 978 00e4 3F       		.uleb128 0x3f
 979 00e5 19       		.uleb128 0x19
 980 00e6 03       		.uleb128 0x3
 981 00e7 0E       		.uleb128 0xe
 982 00e8 3A       		.uleb128 0x3a
 983 00e9 0B       		.uleb128 0xb
 984 00ea 3B       		.uleb128 0x3b
 985 00eb 05       		.uleb128 0x5
 986 00ec 27       		.uleb128 0x27
 987 00ed 19       		.uleb128 0x19
 988 00ee 49       		.uleb128 0x49
 989 00ef 13       		.uleb128 0x13
 990 00f0 11       		.uleb128 0x11
 991 00f1 01       		.uleb128 0x1
 992 00f2 12       		.uleb128 0x12
 993 00f3 06       		.uleb128 0x6
 994 00f4 40       		.uleb128 0x40
 995 00f5 18       		.uleb128 0x18
 996 00f6 9742     		.uleb128 0x2117
 997 00f8 19       		.uleb128 0x19
 998 00f9 01       		.uleb128 0x1
 999 00fa 13       		.uleb128 0x13
 1000 00fb 00       		.byte	0
 1001 00fc 00       		.byte	0
 1002 00fd 11       		.uleb128 0x11
 1003 00fe 34       		.uleb128 0x34
 1004 00ff 00       		.byte	0
 1005 0100 03       		.uleb128 0x3
 1006 0101 0E       		.uleb128 0xe
 1007 0102 3A       		.uleb128 0x3a
 1008 0103 0B       		.uleb128 0xb
ARM GAS  C:\Users\CLUBRO~1\AppData\Local\Temp\ccudQB1c.s 			page 26


 1009 0104 3B       		.uleb128 0x3b
 1010 0105 05       		.uleb128 0x5
 1011 0106 49       		.uleb128 0x49
 1012 0107 13       		.uleb128 0x13
 1013 0108 02       		.uleb128 0x2
 1014 0109 17       		.uleb128 0x17
 1015 010a 00       		.byte	0
 1016 010b 00       		.byte	0
 1017 010c 12       		.uleb128 0x12
 1018 010d 2E       		.uleb128 0x2e
 1019 010e 00       		.byte	0
 1020 010f 3F       		.uleb128 0x3f
 1021 0110 19       		.uleb128 0x19
 1022 0111 03       		.uleb128 0x3
 1023 0112 0E       		.uleb128 0xe
 1024 0113 3A       		.uleb128 0x3a
 1025 0114 0B       		.uleb128 0xb
 1026 0115 3B       		.uleb128 0x3b
 1027 0116 05       		.uleb128 0x5
 1028 0117 27       		.uleb128 0x27
 1029 0118 19       		.uleb128 0x19
 1030 0119 11       		.uleb128 0x11
 1031 011a 01       		.uleb128 0x1
 1032 011b 12       		.uleb128 0x12
 1033 011c 06       		.uleb128 0x6
 1034 011d 40       		.uleb128 0x40
 1035 011e 18       		.uleb128 0x18
 1036 011f 9742     		.uleb128 0x2117
 1037 0121 19       		.uleb128 0x19
 1038 0122 00       		.byte	0
 1039 0123 00       		.byte	0
 1040 0124 13       		.uleb128 0x13
 1041 0125 2E       		.uleb128 0x2e
 1042 0126 00       		.byte	0
 1043 0127 3F       		.uleb128 0x3f
 1044 0128 19       		.uleb128 0x19
 1045 0129 03       		.uleb128 0x3
 1046 012a 0E       		.uleb128 0xe
 1047 012b 3A       		.uleb128 0x3a
 1048 012c 0B       		.uleb128 0xb
 1049 012d 3B       		.uleb128 0x3b
 1050 012e 05       		.uleb128 0x5
 1051 012f 27       		.uleb128 0x27
 1052 0130 19       		.uleb128 0x19
 1053 0131 49       		.uleb128 0x49
 1054 0132 13       		.uleb128 0x13
 1055 0133 11       		.uleb128 0x11
 1056 0134 01       		.uleb128 0x1
 1057 0135 12       		.uleb128 0x12
 1058 0136 06       		.uleb128 0x6
 1059 0137 40       		.uleb128 0x40
 1060 0138 18       		.uleb128 0x18
 1061 0139 9742     		.uleb128 0x2117
 1062 013b 19       		.uleb128 0x19
 1063 013c 00       		.byte	0
 1064 013d 00       		.byte	0
 1065 013e 14       		.uleb128 0x14
ARM GAS  C:\Users\CLUBRO~1\AppData\Local\Temp\ccudQB1c.s 			page 27


 1066 013f 898201   		.uleb128 0x4109
 1067 0142 00       		.byte	0
 1068 0143 11       		.uleb128 0x11
 1069 0144 01       		.uleb128 0x1
 1070 0145 31       		.uleb128 0x31
 1071 0146 13       		.uleb128 0x13
 1072 0147 00       		.byte	0
 1073 0148 00       		.byte	0
 1074 0149 15       		.uleb128 0x15
 1075 014a 898201   		.uleb128 0x4109
 1076 014d 01       		.byte	0x1
 1077 014e 11       		.uleb128 0x11
 1078 014f 01       		.uleb128 0x1
 1079 0150 31       		.uleb128 0x31
 1080 0151 13       		.uleb128 0x13
 1081 0152 01       		.uleb128 0x1
 1082 0153 13       		.uleb128 0x13
 1083 0154 00       		.byte	0
 1084 0155 00       		.byte	0
 1085 0156 16       		.uleb128 0x16
 1086 0157 05       		.uleb128 0x5
 1087 0158 00       		.byte	0
 1088 0159 03       		.uleb128 0x3
 1089 015a 0E       		.uleb128 0xe
 1090 015b 3A       		.uleb128 0x3a
 1091 015c 0B       		.uleb128 0xb
 1092 015d 3B       		.uleb128 0x3b
 1093 015e 0B       		.uleb128 0xb
 1094 015f 49       		.uleb128 0x49
 1095 0160 13       		.uleb128 0x13
 1096 0161 02       		.uleb128 0x2
 1097 0162 17       		.uleb128 0x17
 1098 0163 00       		.byte	0
 1099 0164 00       		.byte	0
 1100 0165 17       		.uleb128 0x17
 1101 0166 34       		.uleb128 0x34
 1102 0167 00       		.byte	0
 1103 0168 03       		.uleb128 0x3
 1104 0169 0E       		.uleb128 0xe
 1105 016a 3A       		.uleb128 0x3a
 1106 016b 0B       		.uleb128 0xb
 1107 016c 3B       		.uleb128 0x3b
 1108 016d 0B       		.uleb128 0xb
 1109 016e 49       		.uleb128 0x49
 1110 016f 13       		.uleb128 0x13
 1111 0170 3F       		.uleb128 0x3f
 1112 0171 19       		.uleb128 0x19
 1113 0172 3C       		.uleb128 0x3c
 1114 0173 19       		.uleb128 0x19
 1115 0174 00       		.byte	0
 1116 0175 00       		.byte	0
 1117 0176 18       		.uleb128 0x18
 1118 0177 2E       		.uleb128 0x2e
 1119 0178 00       		.byte	0
 1120 0179 3F       		.uleb128 0x3f
 1121 017a 19       		.uleb128 0x19
 1122 017b 3C       		.uleb128 0x3c
ARM GAS  C:\Users\CLUBRO~1\AppData\Local\Temp\ccudQB1c.s 			page 28


 1123 017c 19       		.uleb128 0x19
 1124 017d 6E       		.uleb128 0x6e
 1125 017e 0E       		.uleb128 0xe
 1126 017f 03       		.uleb128 0x3
 1127 0180 0E       		.uleb128 0xe
 1128 0181 3A       		.uleb128 0x3a
 1129 0182 0B       		.uleb128 0xb
 1130 0183 3B       		.uleb128 0x3b
 1131 0184 0B       		.uleb128 0xb
 1132 0185 00       		.byte	0
 1133 0186 00       		.byte	0
 1134 0187 00       		.byte	0
 1135              		.section	.debug_loc,"",%progbits
 1136              	.Ldebug_loc0:
 1137              	.LLST0:
 1138 0000 00000000 		.4byte	.LVL4
 1139 0004 02000000 		.4byte	.LVL5
 1140 0008 0100     		.2byte	0x1
 1141 000a 50       		.byte	0x50
 1142 000b 02000000 		.4byte	.LVL5
 1143 000f 10000000 		.4byte	.LFE6
 1144 0013 0400     		.2byte	0x4
 1145 0015 F3       		.byte	0xf3
 1146 0016 01       		.uleb128 0x1
 1147 0017 50       		.byte	0x50
 1148 0018 9F       		.byte	0x9f
 1149 0019 00000000 		.4byte	0
 1150 001d 00000000 		.4byte	0
 1151              	.LLST1:
 1152 0021 04000000 		.4byte	.LVL6
 1153 0025 06000000 		.4byte	.LVL7
 1154 0029 0500     		.2byte	0x5
 1155 002b 70       		.byte	0x70
 1156 002c 00       		.sleb128 0
 1157 002d 35       		.byte	0x35
 1158 002e 25       		.byte	0x25
 1159 002f 9F       		.byte	0x9f
 1160 0030 00000000 		.4byte	0
 1161 0034 00000000 		.4byte	0
 1162              	.LLST2:
 1163 0038 00000000 		.4byte	.LVL12
 1164 003c 07000000 		.4byte	.LVL13-1
 1165 0040 0100     		.2byte	0x1
 1166 0042 50       		.byte	0x50
 1167 0043 07000000 		.4byte	.LVL13-1
 1168 0047 1A000000 		.4byte	.LFE1
 1169 004b 0100     		.2byte	0x1
 1170 004d 54       		.byte	0x54
 1171 004e 00000000 		.4byte	0
 1172 0052 00000000 		.4byte	0
 1173              		.section	.debug_aranges,"",%progbits
 1174 0000 7C000000 		.4byte	0x7c
 1175 0004 0200     		.2byte	0x2
 1176 0006 00000000 		.4byte	.Ldebug_info0
 1177 000a 04       		.byte	0x4
 1178 000b 00       		.byte	0
 1179 000c 0000     		.2byte	0
ARM GAS  C:\Users\CLUBRO~1\AppData\Local\Temp\ccudQB1c.s 			page 29


 1180 000e 0000     		.2byte	0
 1181 0010 00000000 		.4byte	.LFB3
 1182 0014 14000000 		.4byte	.LFE3-.LFB3
 1183 0018 00000000 		.4byte	.LFB4
 1184 001c 0C000000 		.4byte	.LFE4-.LFB4
 1185 0020 00000000 		.4byte	.LFB5
 1186 0024 0C000000 		.4byte	.LFE5-.LFB5
 1187 0028 00000000 		.4byte	.LFB6
 1188 002c 10000000 		.4byte	.LFE6-.LFB6
 1189 0030 00000000 		.4byte	.LFB7
 1190 0034 0C000000 		.4byte	.LFE7-.LFB7
 1191 0038 00000000 		.4byte	.LFB8
 1192 003c 0C000000 		.4byte	.LFE8-.LFB8
 1193 0040 00000000 		.4byte	.LFB9
 1194 0044 18000000 		.4byte	.LFE9-.LFB9
 1195 0048 00000000 		.4byte	.LFB10
 1196 004c 0C000000 		.4byte	.LFE10-.LFB10
 1197 0050 00000000 		.4byte	.LFB0
 1198 0054 1C000000 		.4byte	.LFE0-.LFB0
 1199 0058 00000000 		.4byte	.LFB1
 1200 005c 1A000000 		.4byte	.LFE1-.LFB1
 1201 0060 00000000 		.4byte	.LFB2
 1202 0064 14000000 		.4byte	.LFE2-.LFB2
 1203 0068 00000000 		.4byte	.LFB11
 1204 006c 0C000000 		.4byte	.LFE11-.LFB11
 1205 0070 00000000 		.4byte	.LFB12
 1206 0074 0C000000 		.4byte	.LFE12-.LFB12
 1207 0078 00000000 		.4byte	0
 1208 007c 00000000 		.4byte	0
 1209              		.section	.debug_ranges,"",%progbits
 1210              	.Ldebug_ranges0:
 1211 0000 00000000 		.4byte	.LFB3
 1212 0004 14000000 		.4byte	.LFE3
 1213 0008 00000000 		.4byte	.LFB4
 1214 000c 0C000000 		.4byte	.LFE4
 1215 0010 00000000 		.4byte	.LFB5
 1216 0014 0C000000 		.4byte	.LFE5
 1217 0018 00000000 		.4byte	.LFB6
 1218 001c 10000000 		.4byte	.LFE6
 1219 0020 00000000 		.4byte	.LFB7
 1220 0024 0C000000 		.4byte	.LFE7
 1221 0028 00000000 		.4byte	.LFB8
 1222 002c 0C000000 		.4byte	.LFE8
 1223 0030 00000000 		.4byte	.LFB9
 1224 0034 18000000 		.4byte	.LFE9
 1225 0038 00000000 		.4byte	.LFB10
 1226 003c 0C000000 		.4byte	.LFE10
 1227 0040 00000000 		.4byte	.LFB0
 1228 0044 1C000000 		.4byte	.LFE0
 1229 0048 00000000 		.4byte	.LFB1
 1230 004c 1A000000 		.4byte	.LFE1
 1231 0050 00000000 		.4byte	.LFB2
 1232 0054 14000000 		.4byte	.LFE2
 1233 0058 00000000 		.4byte	.LFB11
 1234 005c 0C000000 		.4byte	.LFE11
 1235 0060 00000000 		.4byte	.LFB12
 1236 0064 0C000000 		.4byte	.LFE12
ARM GAS  C:\Users\CLUBRO~1\AppData\Local\Temp\ccudQB1c.s 			page 30


 1237 0068 00000000 		.4byte	0
 1238 006c 00000000 		.4byte	0
 1239              		.section	.debug_line,"",%progbits
 1240              	.Ldebug_line0:
 1241 0000 42010000 		.section	.debug_str,"MS",%progbits,1
 1241      02005400 
 1241      00000201 
 1241      FB0E0D00 
 1241      01010101 
 1242              	.LASF28:
 1243 0000 6973725F 		.ascii	"isr_button_2_Disable\000"
 1243      62757474 
 1243      6F6E5F32 
 1243      5F446973 
 1243      61626C65 
 1244              	.LASF17:
 1245 0015 72656733 		.ascii	"reg32\000"
 1245      3200
 1246              	.LASF32:
 1247 001b 6973725F 		.ascii	"isr_button_2_SetPending\000"
 1247      62757474 
 1247      6F6E5F32 
 1247      5F536574 
 1247      50656E64 
 1248              	.LASF14:
 1249 0033 666C6F61 		.ascii	"float\000"
 1249      7400
 1250              	.LASF6:
 1251 0039 73686F72 		.ascii	"short unsigned int\000"
 1251      7420756E 
 1251      7369676E 
 1251      65642069 
 1251      6E7400
 1252              	.LASF22:
 1253 004c 6973725F 		.ascii	"isr_button_2_SetPriority\000"
 1253      62757474 
 1253      6F6E5F32 
 1253      5F536574 
 1253      5072696F 
 1254              	.LASF26:
 1255 0065 6973725F 		.ascii	"isr_button_2_GetPriority\000"
 1255      62757474 
 1255      6F6E5F32 
 1255      5F476574 
 1255      5072696F 
 1256              	.LASF25:
 1257 007e 6973725F 		.ascii	"isr_button_2_GetVector\000"
 1257      62757474 
 1257      6F6E5F32 
 1257      5F476574 
 1257      56656374 
 1258              	.LASF19:
 1259 0095 6973725F 		.ascii	"isr_button_2_Interrupt\000"
 1259      62757474 
 1259      6F6E5F32 
 1259      5F496E74 
 1259      65727275 
ARM GAS  C:\Users\CLUBRO~1\AppData\Local\Temp\ccudQB1c.s 			page 31


 1260              	.LASF4:
 1261 00ac 756E7369 		.ascii	"unsigned char\000"
 1261      676E6564 
 1261      20636861 
 1261      7200
 1262              	.LASF34:
 1263 00ba 474E5520 		.ascii	"GNU C11 5.4.1 20160609 (release) [ARM/embedded-5-br"
 1263      43313120 
 1263      352E342E 
 1263      31203230 
 1263      31363036 
 1264 00ed 616E6368 		.ascii	"anch revision 237715] -mcpu=cortex-m3 -mthumb -g -O"
 1264      20726576 
 1264      6973696F 
 1264      6E203233 
 1264      37373135 
 1265 0120 67202D66 		.ascii	"g -ffunction-sections -ffat-lto-objects\000"
 1265      66756E63 
 1265      74696F6E 
 1265      2D736563 
 1265      74696F6E 
 1266              	.LASF16:
 1267 0148 72656738 		.ascii	"reg8\000"
 1267      00
 1268              	.LASF8:
 1269 014d 6C6F6E67 		.ascii	"long unsigned int\000"
 1269      20756E73 
 1269      69676E65 
 1269      6420696E 
 1269      7400
 1270              	.LASF12:
 1271 015f 75696E74 		.ascii	"uint8\000"
 1271      3800
 1272              	.LASF37:
 1273 0165 6973725F 		.ascii	"isr_button_2_GetState\000"
 1273      62757474 
 1273      6F6E5F32 
 1273      5F476574 
 1273      53746174 
 1274              	.LASF31:
 1275 017b 6973725F 		.ascii	"isr_button_2_Stop\000"
 1275      62757474 
 1275      6F6E5F32 
 1275      5F53746F 
 1275      7000
 1276              	.LASF24:
 1277 018d 7072696F 		.ascii	"priority\000"
 1277      72697479 
 1277      00
 1278              	.LASF29:
 1279 0196 6973725F 		.ascii	"isr_button_2_Start\000"
 1279      62757474 
 1279      6F6E5F32 
 1279      5F537461 
 1279      727400
 1280              	.LASF15:
 1281 01a9 646F7562 		.ascii	"double\000"
ARM GAS  C:\Users\CLUBRO~1\AppData\Local\Temp\ccudQB1c.s 			page 32


 1281      6C6500
 1282              	.LASF38:
 1283 01b0 466C6167 		.ascii	"Flag_Rotary_M\000"
 1283      5F526F74 
 1283      6172795F 
 1283      4D00
 1284              	.LASF5:
 1285 01be 73686F72 		.ascii	"short int\000"
 1285      7420696E 
 1285      7400
 1286              	.LASF27:
 1287 01c8 6973725F 		.ascii	"isr_button_2_Enable\000"
 1287      62757474 
 1287      6F6E5F32 
 1287      5F456E61 
 1287      626C6500 
 1288              	.LASF13:
 1289 01dc 75696E74 		.ascii	"uint32\000"
 1289      333200
 1290              	.LASF0:
 1291 01e3 756E7369 		.ascii	"unsigned int\000"
 1291      676E6564 
 1291      20696E74 
 1291      00
 1292              	.LASF23:
 1293 01f0 61646472 		.ascii	"address\000"
 1293      65737300 
 1294              	.LASF9:
 1295 01f8 6C6F6E67 		.ascii	"long long unsigned int\000"
 1295      206C6F6E 
 1295      6720756E 
 1295      7369676E 
 1295      65642069 
 1296              	.LASF18:
 1297 020f 63796973 		.ascii	"cyisraddress\000"
 1297      72616464 
 1297      72657373 
 1297      00
 1298              	.LASF35:
 1299 021c 47656E65 		.ascii	"Generated_Source\\PSoC5\\isr_button_2.c\000"
 1299      72617465 
 1299      645F536F 
 1299      75726365 
 1299      5C50536F 
 1300              	.LASF10:
 1301 0242 73697A65 		.ascii	"sizetype\000"
 1301      74797065 
 1301      00
 1302              	.LASF1:
 1303 024b 6C6F6E67 		.ascii	"long long int\000"
 1303      206C6F6E 
 1303      6720696E 
 1303      7400
 1304              	.LASF30:
 1305 0259 6973725F 		.ascii	"isr_button_2_StartEx\000"
 1305      62757474 
 1305      6F6E5F32 
ARM GAS  C:\Users\CLUBRO~1\AppData\Local\Temp\ccudQB1c.s 			page 33


 1305      5F537461 
 1305      72744578 
 1306              	.LASF11:
 1307 026e 63686172 		.ascii	"char\000"
 1307      00
 1308              	.LASF21:
 1309 0273 72616D56 		.ascii	"ramVectorTable\000"
 1309      6563746F 
 1309      72546162 
 1309      6C6500
 1310              	.LASF36:
 1311 0282 433A5C55 		.ascii	"C:\\Users\\Club robot\\Desktop\\Proojet01 (3)\\Proj"
 1311      73657273 
 1311      5C436C75 
 1311      6220726F 
 1311      626F745C 
 1312 02b0 65743031 		.ascii	"et01.cydsn\000"
 1312      2E637964 
 1312      736E00
 1313              	.LASF20:
 1314 02bb 6973725F 		.ascii	"isr_button_2_SetVector\000"
 1314      62757474 
 1314      6F6E5F32 
 1314      5F536574 
 1314      56656374 
 1315              	.LASF7:
 1316 02d2 6C6F6E67 		.ascii	"long int\000"
 1316      20696E74 
 1316      00
 1317              	.LASF2:
 1318 02db 6C6F6E67 		.ascii	"long double\000"
 1318      20646F75 
 1318      626C6500 
 1319              	.LASF3:
 1320 02e7 7369676E 		.ascii	"signed char\000"
 1320      65642063 
 1320      68617200 
 1321              	.LASF33:
 1322 02f3 6973725F 		.ascii	"isr_button_2_ClearPending\000"
 1322      62757474 
 1322      6F6E5F32 
 1322      5F436C65 
 1322      61725065 
 1323              	.LASF39:
 1324 030d 43794465 		.ascii	"CyDelay\000"
 1324      6C617900 
 1325              		.ident	"GCC: (GNU Tools for ARM Embedded Processors) 5.4.1 20160609 (release) [ARM/embedded-5-bran
